#
# There is insufficient memory for the Java Runtime Environment to continue.
# Native memory allocation (malloc) failed to allocate 1108176 bytes. Error detail: Chunk::new
# Possible reasons:
#   The system is out of physical RAM or swap space
#   This process is running with CompressedOops enabled, and the Java Heap may be blocking the growth of the native heap
# Possible solutions:
#   Reduce memory load on the system
#   Increase physical memory or swap space
#   Check if swap backing store is full
#   Decrease Java heap size (-Xmx/-Xms)
#   Decrease number of Java threads
#   Decrease Java thread stack sizes (-Xss)
#   Set larger code cache with -XX:ReservedCodeCacheSize=
#   JVM is running with Unscaled Compressed Oops mode in which the Java heap is
#     placed in the first 4GB address space. The Java Heap base address is the
#     maximum limit for the native heap growth. Please use -XX:HeapBaseMinAddress
#     to set the Java Heap base and to place the Java Heap above 4GB virtual address.
# This output file may be truncated or incomplete.
#
#  Out of Memory Error (arena.cpp:191), pid=18052, tid=3492
#
# JRE version: OpenJDK Runtime Environment (17.0.11) (build 17.0.11+0--11852314)
# Java VM: OpenJDK 64-Bit Server VM (17.0.11+0--11852314, mixed mode, tiered, compressed oops, compressed class ptrs, g1 gc, windows-amd64)
# No core dump will be written. Minidumps are not enabled by default on client versions of Windows
#

---------------  S U M M A R Y ------------

Command Line: --add-opens=java.base/java.util=ALL-UNNAMED --add-opens=java.base/java.lang=ALL-UNNAMED --add-opens=java.base/java.lang.invoke=ALL-UNNAMED --add-opens=java.prefs/java.util.prefs=ALL-UNNAMED --add-opens=java.base/java.nio.charset=ALL-UNNAMED --add-opens=java.base/java.net=ALL-UNNAMED --add-opens=java.base/java.util.concurrent.atomic=ALL-UNNAMED -Xmx2048m -Dfile.encoding=UTF-8 -Duser.country=US -Duser.language=en -Duser.variant -javaagent:C:\Users\Thao\.gradle\wrapper\dists\gradle-8.7-bin\bhs2wmbdwecv87pi65oeuq5iu\gradle-8.7\lib\agents\gradle-instrumentation-agent-8.7.jar org.gradle.launcher.daemon.bootstrap.GradleDaemon 8.7

Host: Intel(R) Core(TM) i5-3230M CPU @ 2.60GHz, 4 cores, 7G,  Windows 10 , 64 bit Build 19041 (10.0.19041.4842)
Time: Thu Oct  3 12:08:21 2024 SE Asia Standard Time elapsed time: 24.444384 seconds (0d 0h 0m 24s)

---------------  T H R E A D  ---------------

Current thread (0x000002b7360fd6c0):  JavaThread "C2 CompilerThread0" daemon [_thread_in_native, id=3492, stack(0x000000c725d00000,0x000000c725e00000)]


Current CompileTask:
C2:  24444 7762       4       org.objectweb.asm.MethodWriter::computeAllFrames (510 bytes)

Stack: [0x000000c725d00000,0x000000c725e00000]
Native frames: (J=compiled Java code, j=interpreted, Vv=VM code, C=native code)
V  [jvm.dll+0x687bb9]
V  [jvm.dll+0x84142a]
V  [jvm.dll+0x8430ae]
V  [jvm.dll+0x843713]
V  [jvm.dll+0x24a35f]
V  [jvm.dll+0xac544]
V  [jvm.dll+0xacb8c]
V  [jvm.dll+0x369be2]
V  [jvm.dll+0x33416a]
V  [jvm.dll+0x33360a]
V  [jvm.dll+0x21bed1]
V  [jvm.dll+0x21b311]
V  [jvm.dll+0x1a63ed]
V  [jvm.dll+0x22b1ee]
V  [jvm.dll+0x229375]
V  [jvm.dll+0x7f5647]
V  [jvm.dll+0x7efa4a]
V  [jvm.dll+0x686a35]
C  [ucrtbase.dll+0x21bb2]
C  [KERNEL32.DLL+0x17374]
C  [ntdll.dll+0x4cc91]


---------------  P R O C E S S  ---------------

Threads class SMR info:
_java_thread_list=0x000002b73ea315f0, length=48, elements={
0x000002b71c97f8a0, 0x000002b735f9c260, 0x000002b735f9cff0, 0x000002b735f894f0,
0x000002b7360f0410, 0x000002b7360f0ce0, 0x000002b7360f15b0, 0x000002b7360fd6c0,
0x000002b7360fdfd0, 0x000002b7361010d0, 0x000002b735eff220, 0x000002b736424200,
0x000002b73bdaffa0, 0x000002b73bdafa90, 0x000002b73bdb18f0, 0x000002b73bdb2820,
0x000002b73bdb04b0, 0x000002b73bdb2310, 0x000002b73bdaf070, 0x000002b73bdb09c0,
0x000002b73bdaf580, 0x000002b73bdb0ed0, 0x000002b73bdb1e00, 0x000002b73c322940,
0x000002b73c320ff0, 0x000002b73c321500, 0x000002b73c321a10, 0x000002b73c321f20,
0x000002b73c322430, 0x000002b73c322e50, 0x000002b73c323870, 0x000002b73c323360,
0x000002b73c3200c0, 0x000002b73c3205d0, 0x000002b73c320ae0, 0x000002b73dc35fd0,
0x000002b73dc34680, 0x000002b73dc33750, 0x000002b73dc37e30, 0x000002b73dc32820,
0x000002b73dc313e0, 0x000002b73dc37920, 0x000002b73dc38340, 0x000002b73dc350a0,
0x000002b73dc38850, 0x000002b73dc33c60, 0x000002b73dc35ac0, 0x000002b73dc369f0
}

Java Threads: ( => current thread )
  0x000002b71c97f8a0 JavaThread "main" [_thread_blocked, id=3548, stack(0x000000c725000000,0x000000c725100000)]
  0x000002b735f9c260 JavaThread "Reference Handler" daemon [_thread_blocked, id=7460, stack(0x000000c725700000,0x000000c725800000)]
  0x000002b735f9cff0 JavaThread "Finalizer" daemon [_thread_blocked, id=12672, stack(0x000000c725800000,0x000000c725900000)]
  0x000002b735f894f0 JavaThread "Signal Dispatcher" daemon [_thread_blocked, id=1804, stack(0x000000c725900000,0x000000c725a00000)]
  0x000002b7360f0410 JavaThread "Attach Listener" daemon [_thread_blocked, id=10416, stack(0x000000c725a00000,0x000000c725b00000)]
  0x000002b7360f0ce0 JavaThread "Service Thread" daemon [_thread_blocked, id=2216, stack(0x000000c725b00000,0x000000c725c00000)]
  0x000002b7360f15b0 JavaThread "Monitor Deflation Thread" daemon [_thread_blocked, id=16400, stack(0x000000c725c00000,0x000000c725d00000)]
=>0x000002b7360fd6c0 JavaThread "C2 CompilerThread0" daemon [_thread_in_native, id=3492, stack(0x000000c725d00000,0x000000c725e00000)]
  0x000002b7360fdfd0 JavaThread "C1 CompilerThread0" daemon [_thread_blocked, id=17564, stack(0x000000c725e00000,0x000000c725f00000)]
  0x000002b7361010d0 JavaThread "Sweeper thread" daemon [_thread_blocked, id=10860, stack(0x000000c725f00000,0x000000c726000000)]
  0x000002b735eff220 JavaThread "Common-Cleaner" daemon [_thread_blocked, id=7500, stack(0x000000c726000000,0x000000c726100000)]
  0x000002b736424200 JavaThread "Notification Thread" daemon [_thread_blocked, id=13756, stack(0x000000c726100000,0x000000c726200000)]
  0x000002b73bdaffa0 JavaThread "Daemon health stats" [_thread_blocked, id=16636, stack(0x000000c726700000,0x000000c726800000)]
  0x000002b73bdafa90 JavaThread "Incoming local TCP Connector on port 59036" [_thread_in_native, id=1848, stack(0x000000c726300000,0x000000c726400000)]
  0x000002b73bdb18f0 JavaThread "Daemon periodic checks" [_thread_blocked, id=10600, stack(0x000000c726800000,0x000000c726900000)]
  0x000002b73bdb2820 JavaThread "Daemon" [_thread_blocked, id=6940, stack(0x000000c726900000,0x000000c726a00000)]
  0x000002b73bdb04b0 JavaThread "Handler for socket connection from /127.0.0.1:59036 to /127.0.0.1:59037" [_thread_in_native, id=3896, stack(0x000000c726a00000,0x000000c726b00000)]
  0x000002b73bdb2310 JavaThread "Cancel handler" [_thread_blocked, id=1312, stack(0x000000c726b00000,0x000000c726c00000)]
  0x000002b73bdaf070 JavaThread "Daemon worker" [_thread_in_vm, id=7764, stack(0x000000c726c00000,0x000000c726d00000)]
  0x000002b73bdb09c0 JavaThread "Asynchronous log dispatcher for DefaultDaemonConnection: socket connection from /127.0.0.1:59036 to /127.0.0.1:59037" [_thread_blocked, id=11312, stack(0x000000c726d00000,0x000000c726e00000)]
  0x000002b73bdaf580 JavaThread "Stdin handler" [_thread_blocked, id=9748, stack(0x000000c726e00000,0x000000c726f00000)]
  0x000002b73bdb0ed0 JavaThread "Daemon client event forwarder" [_thread_blocked, id=15788, stack(0x000000c726f00000,0x000000c727000000)]
  0x000002b73bdb1e00 JavaThread "Cache worker for journal cache (C:\Users\Thao\.gradle\caches\journal-1)" [_thread_blocked, id=13548, stack(0x000000c727000000,0x000000c727100000)]
  0x000002b73c322940 JavaThread "File lock request listener" [_thread_in_native, id=7068, stack(0x000000c727100000,0x000000c727200000)]
  0x000002b73c320ff0 JavaThread "Cache worker for file hash cache (C:\Users\Thao\.gradle\caches\8.7\fileHashes)" [_thread_blocked, id=15608, stack(0x000000c727200000,0x000000c727300000)]
  0x000002b73c321500 JavaThread "Cache worker for file hash cache (D:\android\New folder\Prac03\.gradle\8.7\fileHashes)" [_thread_blocked, id=628, stack(0x000000c727400000,0x000000c727500000)]
  0x000002b73c321a10 JavaThread "File watcher server" daemon [_thread_in_native, id=8052, stack(0x000000c727500000,0x000000c727600000)]
  0x000002b73c321f20 JavaThread "File watcher consumer" daemon [_thread_blocked, id=13524, stack(0x000000c727600000,0x000000c727700000)]
  0x000002b73c322430 JavaThread "jar transforms" [_thread_blocked, id=12484, stack(0x000000c727700000,0x000000c727800000)]
  0x000002b73c322e50 JavaThread "jar transforms Thread 2" [_thread_blocked, id=18420, stack(0x000000c727800000,0x000000c727900000)]
  0x000002b73c323870 JavaThread "jar transforms Thread 3" [_thread_blocked, id=14796, stack(0x000000c727900000,0x000000c727a00000)]
  0x000002b73c323360 JavaThread "jar transforms Thread 4" [_thread_blocked, id=5648, stack(0x000000c727a00000,0x000000c727b00000)]
  0x000002b73c3200c0 JavaThread "Cache worker for checksums cache (D:\android\New folder\Prac03\.gradle\8.7\checksums)" [_thread_blocked, id=12020, stack(0x000000c727b00000,0x000000c727c00000)]
  0x000002b73c3205d0 JavaThread "Cache worker for cache directory md-supplier (C:\Users\Thao\.gradle\caches\8.7\md-supplier)" [_thread_blocked, id=15520, stack(0x000000c727c00000,0x000000c727d00000)]
  0x000002b73c320ae0 JavaThread "Cache worker for cache directory md-rule (C:\Users\Thao\.gradle\caches\8.7\md-rule)" [_thread_blocked, id=14268, stack(0x000000c727d00000,0x000000c727e00000)]
  0x000002b73dc35fd0 JavaThread "Cache worker for file content cache (C:\Users\Thao\.gradle\caches\8.7\fileContent)" [_thread_blocked, id=9996, stack(0x000000c727f00000,0x000000c728000000)]
  0x000002b73dc34680 JavaThread "Unconstrained build operations" [_thread_blocked, id=16336, stack(0x000000c728000000,0x000000c728100000)]
  0x000002b73dc33750 JavaThread "Unconstrained build operations Thread 2" [_thread_blocked, id=8816, stack(0x000000c728100000,0x000000c728200000)]
  0x000002b73dc37e30 JavaThread "Unconstrained build operations Thread 3" [_thread_blocked, id=6116, stack(0x000000c728200000,0x000000c728300000)]
  0x000002b73dc32820 JavaThread "Unconstrained build operations Thread 4" [_thread_blocked, id=6628, stack(0x000000c728300000,0x000000c728400000)]
  0x000002b73dc313e0 JavaThread "Unconstrained build operations Thread 5" [_thread_blocked, id=13944, stack(0x000000c728400000,0x000000c728500000)]
  0x000002b73dc37920 JavaThread "Cache worker for Build Output Cleanup Cache (D:\android\New folder\Prac03\.gradle\buildOutputCleanup)" [_thread_blocked, id=12268, stack(0x000000c728500000,0x000000c728600000)]
  0x000002b73dc38340 JavaThread "Unconstrained build operations Thread 6" [_thread_blocked, id=9540, stack(0x000000c727e00000,0x000000c727f00000)]
  0x000002b73dc350a0 JavaThread "Unconstrained build operations Thread 7" [_thread_blocked, id=9844, stack(0x000000c728700000,0x000000c728800000)]
  0x000002b73dc38850 JavaThread "Unconstrained build operations Thread 8" [_thread_blocked, id=14588, stack(0x000000c728800000,0x000000c728900000)]
  0x000002b73dc33c60 JavaThread "Unconstrained build operations Thread 9" [_thread_blocked, id=7992, stack(0x000000c728900000,0x000000c728a00000)]
  0x000002b73dc35ac0 JavaThread "Unconstrained build operations Thread 10" [_thread_blocked, id=1512, stack(0x000000c728a00000,0x000000c728b00000)]
  0x000002b73dc369f0 JavaThread "Unconstrained build operations Thread 11" [_thread_blocked, id=9388, stack(0x000000c728b00000,0x000000c728c00000)]

Other Threads:
  0x000002b735f7a640 VMThread "VM Thread" [stack: 0x000000c725600000,0x000000c725700000] [id=3952]
  0x000002b71c980770 WatcherThread [stack: 0x000000c726200000,0x000000c726300000] [id=16124]
  0x000002b71c9dbdc0 GCTaskThread "GC Thread#0" [stack: 0x000000c725100000,0x000000c725200000] [id=17036]
  0x000002b736826540 GCTaskThread "GC Thread#1" [stack: 0x000000c726400000,0x000000c726500000] [id=13588]
  0x000002b7364cb850 GCTaskThread "GC Thread#2" [stack: 0x000000c726500000,0x000000c726600000] [id=7368]
  0x000002b73668ad30 GCTaskThread "GC Thread#3" [stack: 0x000000c726600000,0x000000c726700000] [id=16032]
  0x000002b71c9ed3c0 ConcurrentGCThread "G1 Main Marker" [stack: 0x000000c725200000,0x000000c725300000] [id=13668]
  0x000002b71c9edcf0 ConcurrentGCThread "G1 Conc#0" [stack: 0x000000c725300000,0x000000c725400000] [id=5420]
  0x000002b71ca348f0 ConcurrentGCThread "G1 Refine#0" [stack: 0x000000c725400000,0x000000c725500000] [id=4576]
  0x000002b73d739a60 ConcurrentGCThread "G1 Refine#1" [stack: 0x000000c727300000,0x000000c727400000] [id=672]
  0x000002b735dd2320 ConcurrentGCThread "G1 Service" [stack: 0x000000c725500000,0x000000c725600000] [id=17048]

Threads with active compile tasks:
C2 CompilerThread0    24497 7762       4       org.objectweb.asm.MethodWriter::computeAllFrames (510 bytes)

VM state: not at safepoint (normal execution)

VM Mutex/Monitor currently owned by a thread: None

Heap address: 0x0000000080000000, size: 2048 MB, Compressed Oops mode: 32-bit

CDS archive(s) not mapped
Compressed class space mapped at: 0x0000000100000000-0x0000000140000000, reserved size: 1073741824
Narrow klass base: 0x0000000000000000, Narrow klass shift: 3, Narrow klass range: 0x140000000

GC Precious Log:
 CPUs: 4 total, 4 available
 Memory: 8077M
 Large Page Support: Disabled
 NUMA Support: Disabled
 Compressed Oops: Enabled (32-bit)
 Heap Region Size: 1M
 Heap Min Capacity: 8M
 Heap Initial Capacity: 128M
 Heap Max Capacity: 2G
 Pre-touch: Disabled
 Parallel Workers: 4
 Concurrent Workers: 1
 Concurrent Refinement Workers: 4
 Periodic GC: Disabled

Heap:
 garbage-first heap   total 165888K, used 105600K [0x0000000080000000, 0x0000000100000000)
  region size 1024K, 14 young (14336K), 1 survivors (1024K)
 Metaspace       used 72606K, committed 73344K, reserved 1114112K
  class space    used 9785K, committed 10112K, reserved 1048576K

Heap Regions: E=young(eden), S=young(survivor), O=old, HS=humongous(starts), HC=humongous(continues), CS=collection set, F=free, OA=open archive, CA=closed archive, TAMS=top-at-mark-start (previous, next)
|   0|0x0000000080000000, 0x0000000080100000, 0x0000000080100000|100%| O|  |TAMS 0x0000000080100000, 0x0000000080000000| Untracked 
|   1|0x0000000080100000, 0x0000000080200000, 0x0000000080200000|100%| O|  |TAMS 0x0000000080200000, 0x0000000080100000| Untracked 
|   2|0x0000000080200000, 0x0000000080300000, 0x0000000080300000|100%|HS|  |TAMS 0x0000000080300000, 0x0000000080200000| Complete 
|   3|0x0000000080300000, 0x0000000080400000, 0x0000000080400000|100%|HC|  |TAMS 0x0000000080400000, 0x0000000080300000| Complete 
|   4|0x0000000080400000, 0x0000000080500000, 0x0000000080500000|100%|HC|  |TAMS 0x0000000080500000, 0x0000000080400000| Complete 
|   5|0x0000000080500000, 0x0000000080600000, 0x0000000080600000|100%|HC|  |TAMS 0x0000000080600000, 0x0000000080500000| Complete 
|   6|0x0000000080600000, 0x0000000080700000, 0x0000000080700000|100%| O|  |TAMS 0x0000000080700000, 0x0000000080600000| Untracked 
|   7|0x0000000080700000, 0x0000000080800000, 0x0000000080800000|100%| O|  |TAMS 0x0000000080800000, 0x0000000080700000| Untracked 
|   8|0x0000000080800000, 0x0000000080900000, 0x0000000080900000|100%| O|  |TAMS 0x0000000080900000, 0x0000000080800000| Untracked 
|   9|0x0000000080900000, 0x0000000080a00000, 0x0000000080a00000|100%| O|  |TAMS 0x0000000080a00000, 0x0000000080900000| Untracked 
|  10|0x0000000080a00000, 0x0000000080a8f600, 0x0000000080b00000| 56%| O|  |TAMS 0x0000000080a8f600, 0x0000000080a00000| Untracked 
|  11|0x0000000080b00000, 0x0000000080c00000, 0x0000000080c00000|100%| O|  |TAMS 0x0000000080c00000, 0x0000000080b00000| Untracked 
|  12|0x0000000080c00000, 0x0000000080d00000, 0x0000000080d00000|100%| O|  |TAMS 0x0000000080d00000, 0x0000000080c00000| Untracked 
|  13|0x0000000080d00000, 0x0000000080e00000, 0x0000000080e00000|100%| O|  |TAMS 0x0000000080e00000, 0x0000000080d00000| Untracked 
|  14|0x0000000080e00000, 0x0000000080f00000, 0x0000000080f00000|100%| O|  |TAMS 0x0000000080f00000, 0x0000000080e00000| Untracked 
|  15|0x0000000080f00000, 0x0000000081000000, 0x0000000081000000|100%| O|  |TAMS 0x0000000081000000, 0x0000000080f00000| Untracked 
|  16|0x0000000081000000, 0x0000000081100000, 0x0000000081100000|100%| O|  |TAMS 0x0000000081100000, 0x0000000081000000| Untracked 
|  17|0x0000000081100000, 0x0000000081200000, 0x0000000081200000|100%| O|  |TAMS 0x0000000081200000, 0x0000000081100000| Untracked 
|  18|0x0000000081200000, 0x0000000081300000, 0x0000000081300000|100%| O|  |TAMS 0x0000000081300000, 0x0000000081200000| Untracked 
|  19|0x0000000081300000, 0x0000000081400000, 0x0000000081400000|100%|HS|  |TAMS 0x0000000081400000, 0x0000000081300000| Complete 
|  20|0x0000000081400000, 0x0000000081500000, 0x0000000081500000|100%|HC|  |TAMS 0x0000000081500000, 0x0000000081400000| Complete 
|  21|0x0000000081500000, 0x0000000081600000, 0x0000000081600000|100%|HC|  |TAMS 0x0000000081600000, 0x0000000081500000| Complete 
|  22|0x0000000081600000, 0x0000000081700000, 0x0000000081700000|100%|HC|  |TAMS 0x0000000081700000, 0x0000000081600000| Complete 
|  23|0x0000000081700000, 0x0000000081800000, 0x0000000081800000|100%|HC|  |TAMS 0x0000000081800000, 0x0000000081700000| Complete 
|  24|0x0000000081800000, 0x0000000081900000, 0x0000000081900000|100%|HS|  |TAMS 0x0000000081900000, 0x0000000081800000| Complete 
|  25|0x0000000081900000, 0x0000000081a00000, 0x0000000081a00000|100%|HC|  |TAMS 0x0000000081a00000, 0x0000000081900000| Complete 
|  26|0x0000000081a00000, 0x0000000081b00000, 0x0000000081b00000|100%|HC|  |TAMS 0x0000000081b00000, 0x0000000081a00000| Complete 
|  27|0x0000000081b00000, 0x0000000081c00000, 0x0000000081c00000|100%|HS|  |TAMS 0x0000000081c00000, 0x0000000081b00000| Complete 
|  28|0x0000000081c00000, 0x0000000081d00000, 0x0000000081d00000|100%|HC|  |TAMS 0x0000000081d00000, 0x0000000081c00000| Complete 
|  29|0x0000000081d00000, 0x0000000081e00000, 0x0000000081e00000|100%|HC|  |TAMS 0x0000000081e00000, 0x0000000081d00000| Complete 
|  30|0x0000000081e00000, 0x0000000081f00000, 0x0000000081f00000|100%|HS|  |TAMS 0x0000000081f00000, 0x0000000081e00000| Complete 
|  31|0x0000000081f00000, 0x0000000082000000, 0x0000000082000000|100%| O|  |TAMS 0x0000000082000000, 0x0000000081f00000| Untracked 
|  32|0x0000000082000000, 0x0000000082100000, 0x0000000082100000|100%| O|  |TAMS 0x0000000082100000, 0x0000000082000000| Untracked 
|  33|0x0000000082100000, 0x0000000082200000, 0x0000000082200000|100%| O|  |TAMS 0x0000000082200000, 0x0000000082100000| Untracked 
|  34|0x0000000082200000, 0x0000000082300000, 0x0000000082300000|100%| O|  |TAMS 0x0000000082300000, 0x0000000082200000| Untracked 
|  35|0x0000000082300000, 0x0000000082400000, 0x0000000082400000|100%| O|  |TAMS 0x0000000082400000, 0x0000000082300000| Untracked 
|  36|0x0000000082400000, 0x0000000082500000, 0x0000000082500000|100%| O|  |TAMS 0x0000000082500000, 0x0000000082400000| Untracked 
|  37|0x0000000082500000, 0x0000000082600000, 0x0000000082600000|100%| O|  |TAMS 0x0000000082600000, 0x0000000082500000| Untracked 
|  38|0x0000000082600000, 0x0000000082700000, 0x0000000082700000|100%| O|  |TAMS 0x0000000082700000, 0x0000000082600000| Untracked 
|  39|0x0000000082700000, 0x0000000082800000, 0x0000000082800000|100%| O|  |TAMS 0x0000000082800000, 0x0000000082700000| Untracked 
|  40|0x0000000082800000, 0x0000000082900000, 0x0000000082900000|100%| O|  |TAMS 0x0000000082900000, 0x0000000082800000| Untracked 
|  41|0x0000000082900000, 0x0000000082a00000, 0x0000000082a00000|100%| O|  |TAMS 0x0000000082a00000, 0x0000000082900000| Untracked 
|  42|0x0000000082a00000, 0x0000000082b00000, 0x0000000082b00000|100%| O|  |TAMS 0x0000000082b00000, 0x0000000082a00000| Untracked 
|  43|0x0000000082b00000, 0x0000000082b00000, 0x0000000082c00000|  0%| F|  |TAMS 0x0000000082b00000, 0x0000000082b00000| Untracked 
|  44|0x0000000082c00000, 0x0000000082d00000, 0x0000000082d00000|100%| O|  |TAMS 0x0000000082d00000, 0x0000000082c00000| Untracked 
|  45|0x0000000082d00000, 0x0000000082e00000, 0x0000000082e00000|100%|HS|  |TAMS 0x0000000082e00000, 0x0000000082d00000| Complete 
|  46|0x0000000082e00000, 0x0000000082f00000, 0x0000000082f00000|100%|HC|  |TAMS 0x0000000082f00000, 0x0000000082e00000| Complete 
|  47|0x0000000082f00000, 0x0000000083000000, 0x0000000083000000|100%|HC|  |TAMS 0x0000000083000000, 0x0000000082f00000| Complete 
|  48|0x0000000083000000, 0x0000000083100000, 0x0000000083100000|100%| O|  |TAMS 0x0000000083100000, 0x0000000083000000| Untracked 
|  49|0x0000000083100000, 0x0000000083200000, 0x0000000083200000|100%| O|  |TAMS 0x0000000083200000, 0x0000000083100000| Untracked 
|  50|0x0000000083200000, 0x0000000083300000, 0x0000000083300000|100%| O|  |TAMS 0x0000000083300000, 0x0000000083200000| Untracked 
|  51|0x0000000083300000, 0x0000000083400000, 0x0000000083400000|100%| O|  |TAMS 0x0000000083400000, 0x0000000083300000| Complete 
|  52|0x0000000083400000, 0x0000000083500000, 0x0000000083500000|100%| O|  |TAMS 0x0000000083500000, 0x0000000083400000| Untracked 
|  53|0x0000000083500000, 0x0000000083600000, 0x0000000083600000|100%|HS|  |TAMS 0x0000000083600000, 0x0000000083500000| Complete 
|  54|0x0000000083600000, 0x0000000083700000, 0x0000000083700000|100%|HC|  |TAMS 0x0000000083700000, 0x0000000083600000| Complete 
|  55|0x0000000083700000, 0x0000000083800000, 0x0000000083800000|100%|HC|  |TAMS 0x0000000083800000, 0x0000000083700000| Complete 
|  56|0x0000000083800000, 0x0000000083900000, 0x0000000083900000|100%|HC|  |TAMS 0x0000000083900000, 0x0000000083800000| Complete 
|  57|0x0000000083900000, 0x0000000083a00000, 0x0000000083a00000|100%|HC|  |TAMS 0x0000000083a00000, 0x0000000083900000| Complete 
|  58|0x0000000083a00000, 0x0000000083b00000, 0x0000000083b00000|100%|HS|  |TAMS 0x0000000083b00000, 0x0000000083a00000| Complete 
|  59|0x0000000083b00000, 0x0000000083c00000, 0x0000000083c00000|100%|HC|  |TAMS 0x0000000083c00000, 0x0000000083b00000| Complete 
|  60|0x0000000083c00000, 0x0000000083d00000, 0x0000000083d00000|100%|HC|  |TAMS 0x0000000083d00000, 0x0000000083c00000| Complete 
|  61|0x0000000083d00000, 0x0000000083e00000, 0x0000000083e00000|100%|HC|  |TAMS 0x0000000083e00000, 0x0000000083d00000| Complete 
|  62|0x0000000083e00000, 0x0000000083f00000, 0x0000000083f00000|100%|HC|  |TAMS 0x0000000083f00000, 0x0000000083e00000| Complete 
|  63|0x0000000083f00000, 0x0000000084000000, 0x0000000084000000|100%| O|  |TAMS 0x0000000084000000, 0x0000000083f00000| Untracked 
|  64|0x0000000084000000, 0x0000000084100000, 0x0000000084100000|100%| O|  |TAMS 0x0000000084100000, 0x0000000084000000| Untracked 
|  65|0x0000000084100000, 0x0000000084200000, 0x0000000084200000|100%| O|  |TAMS 0x0000000084200000, 0x0000000084100000| Untracked 
|  66|0x0000000084200000, 0x0000000084300000, 0x0000000084300000|100%| O|  |TAMS 0x0000000084300000, 0x0000000084200000| Untracked 
|  67|0x0000000084300000, 0x0000000084400000, 0x0000000084400000|100%| O|  |TAMS 0x0000000084400000, 0x0000000084300000| Untracked 
|  68|0x0000000084400000, 0x0000000084500000, 0x0000000084500000|100%| O|  |TAMS 0x0000000084500000, 0x0000000084400000| Untracked 
|  69|0x0000000084500000, 0x0000000084600000, 0x0000000084600000|100%| O|  |TAMS 0x0000000084600000, 0x0000000084500000| Untracked 
|  70|0x0000000084600000, 0x0000000084700000, 0x0000000084700000|100%| O|  |TAMS 0x0000000084700000, 0x0000000084600000| Untracked 
|  71|0x0000000084700000, 0x0000000084800000, 0x0000000084800000|100%| O|  |TAMS 0x0000000084800000, 0x0000000084700000| Untracked 
|  72|0x0000000084800000, 0x0000000084900000, 0x0000000084900000|100%| O|  |TAMS 0x0000000084900000, 0x0000000084800000| Untracked 
|  73|0x0000000084900000, 0x0000000084a00000, 0x0000000084a00000|100%| O|  |TAMS 0x0000000084a00000, 0x0000000084900000| Untracked 
|  74|0x0000000084a00000, 0x0000000084b00000, 0x0000000084b00000|100%| O|  |TAMS 0x0000000084b00000, 0x0000000084a00000| Untracked 
|  75|0x0000000084b00000, 0x0000000084c00000, 0x0000000084c00000|100%| O|  |TAMS 0x0000000084c00000, 0x0000000084b00000| Untracked 
|  76|0x0000000084c00000, 0x0000000084d00000, 0x0000000084d00000|100%| O|  |TAMS 0x0000000084d00000, 0x0000000084c00000| Untracked 
|  77|0x0000000084d00000, 0x0000000084e00000, 0x0000000084e00000|100%|HS|  |TAMS 0x0000000084e00000, 0x0000000084d00000| Complete 
|  78|0x0000000084e00000, 0x0000000084f00000, 0x0000000084f00000|100%|HS|  |TAMS 0x0000000084f00000, 0x0000000084e00000| Complete 
|  79|0x0000000084f00000, 0x0000000085000000, 0x0000000085000000|100%|HS|  |TAMS 0x0000000085000000, 0x0000000084f00000| Complete 
|  80|0x0000000085000000, 0x0000000085100000, 0x0000000085100000|100%|HS|  |TAMS 0x0000000085100000, 0x0000000085000000| Complete 
|  81|0x0000000085100000, 0x0000000085200000, 0x0000000085200000|100%|HS|  |TAMS 0x0000000085200000, 0x0000000085100000| Complete 
|  82|0x0000000085200000, 0x0000000085300000, 0x0000000085300000|100%| O|  |TAMS 0x0000000085300000, 0x0000000085200000| Untracked 
|  83|0x0000000085300000, 0x0000000085400000, 0x0000000085400000|100%|HS|  |TAMS 0x0000000085400000, 0x0000000085300000| Complete 
|  84|0x0000000085400000, 0x0000000085500000, 0x0000000085500000|100%| O|  |TAMS 0x0000000085500000, 0x0000000085400000| Untracked 
|  85|0x0000000085500000, 0x0000000085600000, 0x0000000085600000|100%| O|  |TAMS 0x0000000085600000, 0x0000000085500000| Untracked 
|  86|0x0000000085600000, 0x0000000085700000, 0x0000000085700000|100%| O|  |TAMS 0x0000000085700000, 0x0000000085600000| Untracked 
|  87|0x0000000085700000, 0x0000000085800000, 0x0000000085800000|100%| O|  |TAMS 0x0000000085800000, 0x0000000085700000| Untracked 
|  88|0x0000000085800000, 0x0000000085900000, 0x0000000085900000|100%| O|  |TAMS 0x0000000085900000, 0x0000000085800000| Untracked 
|  89|0x0000000085900000, 0x0000000085a00000, 0x0000000085a00000|100%| O|  |TAMS 0x0000000085a00000, 0x0000000085900000| Untracked 
|  90|0x0000000085a00000, 0x0000000085b00000, 0x0000000085b00000|100%| O|  |TAMS 0x0000000085b00000, 0x0000000085a00000| Untracked 
|  91|0x0000000085b00000, 0x0000000085c00000, 0x0000000085c00000|100%| O|  |TAMS 0x0000000085c00000, 0x0000000085b00000| Untracked 
|  92|0x0000000085c00000, 0x0000000085c00000, 0x0000000085d00000|  0%| F|  |TAMS 0x0000000085c00000, 0x0000000085c00000| Untracked 
|  93|0x0000000085d00000, 0x0000000085d00000, 0x0000000085e00000|  0%| F|  |TAMS 0x0000000085d00000, 0x0000000085d00000| Untracked 
|  94|0x0000000085e00000, 0x0000000085e00000, 0x0000000085f00000|  0%| F|  |TAMS 0x0000000085e00000, 0x0000000085e00000| Untracked 
|  95|0x0000000085f00000, 0x0000000085f00000, 0x0000000086000000|  0%| F|  |TAMS 0x0000000085f00000, 0x0000000085f00000| Untracked 
|  96|0x0000000086000000, 0x0000000086000000, 0x0000000086100000|  0%| F|  |TAMS 0x0000000086000000, 0x0000000086000000| Untracked 
|  97|0x0000000086100000, 0x0000000086100000, 0x0000000086200000|  0%| F|  |TAMS 0x0000000086100000, 0x0000000086100000| Untracked 
|  98|0x0000000086200000, 0x0000000086200000, 0x0000000086300000|  0%| F|  |TAMS 0x0000000086200000, 0x0000000086200000| Untracked 
|  99|0x0000000086300000, 0x0000000086300000, 0x0000000086400000|  0%| F|  |TAMS 0x0000000086300000, 0x0000000086300000| Untracked 
| 100|0x0000000086400000, 0x0000000086400000, 0x0000000086500000|  0%| F|  |TAMS 0x0000000086400000, 0x0000000086400000| Untracked 
| 101|0x0000000086500000, 0x0000000086500000, 0x0000000086600000|  0%| F|  |TAMS 0x0000000086500000, 0x0000000086500000| Untracked 
| 102|0x0000000086600000, 0x0000000086600000, 0x0000000086700000|  0%| F|  |TAMS 0x0000000086600000, 0x0000000086600000| Untracked 
| 103|0x0000000086700000, 0x0000000086700000, 0x0000000086800000|  0%| F|  |TAMS 0x0000000086700000, 0x0000000086700000| Untracked 
| 104|0x0000000086800000, 0x0000000086800000, 0x0000000086900000|  0%| F|  |TAMS 0x0000000086800000, 0x0000000086800000| Untracked 
| 105|0x0000000086900000, 0x0000000086900000, 0x0000000086a00000|  0%| F|  |TAMS 0x0000000086900000, 0x0000000086900000| Untracked 
| 106|0x0000000086a00000, 0x0000000086a00000, 0x0000000086b00000|  0%| F|  |TAMS 0x0000000086a00000, 0x0000000086a00000| Untracked 
| 107|0x0000000086b00000, 0x0000000086b00000, 0x0000000086c00000|  0%| F|  |TAMS 0x0000000086b00000, 0x0000000086b00000| Untracked 
| 108|0x0000000086c00000, 0x0000000086c00000, 0x0000000086d00000|  0%| F|  |TAMS 0x0000000086c00000, 0x0000000086c00000| Untracked 
| 109|0x0000000086d00000, 0x0000000086d00000, 0x0000000086e00000|  0%| F|  |TAMS 0x0000000086d00000, 0x0000000086d00000| Untracked 
| 110|0x0000000086e00000, 0x0000000086e00000, 0x0000000086f00000|  0%| F|  |TAMS 0x0000000086e00000, 0x0000000086e00000| Untracked 
| 111|0x0000000086f00000, 0x0000000086f00000, 0x0000000087000000|  0%| F|  |TAMS 0x0000000086f00000, 0x0000000086f00000| Untracked 
| 112|0x0000000087000000, 0x0000000087000000, 0x0000000087100000|  0%| F|  |TAMS 0x0000000087000000, 0x0000000087000000| Untracked 
| 113|0x0000000087100000, 0x0000000087100000, 0x0000000087200000|  0%| F|  |TAMS 0x0000000087100000, 0x0000000087100000| Untracked 
| 114|0x0000000087200000, 0x0000000087200000, 0x0000000087300000|  0%| F|  |TAMS 0x0000000087200000, 0x0000000087200000| Untracked 
| 115|0x0000000087300000, 0x0000000087300000, 0x0000000087400000|  0%| F|  |TAMS 0x0000000087300000, 0x0000000087300000| Untracked 
| 116|0x0000000087400000, 0x0000000087490c38, 0x0000000087500000| 56%| S|CS|TAMS 0x0000000087400000, 0x0000000087400000| Complete 
| 117|0x0000000087500000, 0x0000000087500000, 0x0000000087600000|  0%| F|  |TAMS 0x0000000087500000, 0x0000000087500000| Untracked 
| 118|0x0000000087600000, 0x0000000087600000, 0x0000000087700000|  0%| F|  |TAMS 0x0000000087600000, 0x0000000087600000| Untracked 
| 119|0x0000000087700000, 0x0000000087700000, 0x0000000087800000|  0%| F|  |TAMS 0x0000000087700000, 0x0000000087700000| Untracked 
| 120|0x0000000087800000, 0x0000000087800000, 0x0000000087900000|  0%| F|  |TAMS 0x0000000087800000, 0x0000000087800000| Untracked 
| 121|0x0000000087900000, 0x0000000087900000, 0x0000000087a00000|  0%| F|  |TAMS 0x0000000087900000, 0x0000000087900000| Untracked 
| 122|0x0000000087a00000, 0x0000000087a00000, 0x0000000087b00000|  0%| F|  |TAMS 0x0000000087a00000, 0x0000000087a00000| Untracked 
| 123|0x0000000087b00000, 0x0000000087b00000, 0x0000000087c00000|  0%| F|  |TAMS 0x0000000087b00000, 0x0000000087b00000| Untracked 
| 124|0x0000000087c00000, 0x0000000087c00000, 0x0000000087d00000|  0%| F|  |TAMS 0x0000000087c00000, 0x0000000087c00000| Untracked 
| 125|0x0000000087d00000, 0x0000000087d00000, 0x0000000087e00000|  0%| F|  |TAMS 0x0000000087d00000, 0x0000000087d00000| Untracked 
| 126|0x0000000087e00000, 0x0000000087e00000, 0x0000000087f00000|  0%| F|  |TAMS 0x0000000087e00000, 0x0000000087e00000| Untracked 
| 127|0x0000000087f00000, 0x0000000087f00000, 0x0000000088000000|  0%| F|  |TAMS 0x0000000087f00000, 0x0000000087f00000| Untracked 
| 128|0x0000000088000000, 0x0000000088000000, 0x0000000088100000|  0%| F|  |TAMS 0x0000000088000000, 0x0000000088000000| Untracked 
| 129|0x0000000088100000, 0x0000000088100000, 0x0000000088200000|  0%| F|  |TAMS 0x0000000088100000, 0x0000000088100000| Untracked 
| 130|0x0000000088200000, 0x0000000088200000, 0x0000000088300000|  0%| F|  |TAMS 0x0000000088200000, 0x0000000088200000| Untracked 
| 131|0x0000000088300000, 0x0000000088300000, 0x0000000088400000|  0%| F|  |TAMS 0x0000000088300000, 0x0000000088300000| Untracked 
| 132|0x0000000088400000, 0x0000000088400000, 0x0000000088500000|  0%| F|  |TAMS 0x0000000088400000, 0x0000000088400000| Untracked 
| 133|0x0000000088500000, 0x0000000088500000, 0x0000000088600000|  0%| F|  |TAMS 0x0000000088500000, 0x0000000088500000| Untracked 
| 134|0x0000000088600000, 0x0000000088700000, 0x0000000088700000|100%| E|CS|TAMS 0x0000000088600000, 0x0000000088600000| Complete 
| 135|0x0000000088700000, 0x0000000088800000, 0x0000000088800000|100%| E|CS|TAMS 0x0000000088700000, 0x0000000088700000| Complete 
| 136|0x0000000088800000, 0x0000000088900000, 0x0000000088900000|100%| E|CS|TAMS 0x0000000088800000, 0x0000000088800000| Complete 
| 137|0x0000000088900000, 0x0000000088a00000, 0x0000000088a00000|100%| E|CS|TAMS 0x0000000088900000, 0x0000000088900000| Complete 
| 138|0x0000000088a00000, 0x0000000088b00000, 0x0000000088b00000|100%| E|CS|TAMS 0x0000000088a00000, 0x0000000088a00000| Complete 
| 139|0x0000000088b00000, 0x0000000088b00000, 0x0000000088c00000|  0%| F|  |TAMS 0x0000000088b00000, 0x0000000088b00000| Untracked 
| 140|0x0000000088c00000, 0x0000000088c00000, 0x0000000088d00000|  0%| F|  |TAMS 0x0000000088c00000, 0x0000000088c00000| Untracked 
| 141|0x0000000088d00000, 0x0000000088d00000, 0x0000000088e00000|  0%| F|  |TAMS 0x0000000088d00000, 0x0000000088d00000| Untracked 
| 142|0x0000000088e00000, 0x0000000088e00000, 0x0000000088f00000|  0%| F|  |TAMS 0x0000000088e00000, 0x0000000088e00000| Untracked 
| 143|0x0000000088f00000, 0x0000000088f00000, 0x0000000089000000|  0%| F|  |TAMS 0x0000000088f00000, 0x0000000088f00000| Untracked 
| 144|0x0000000089000000, 0x0000000089000000, 0x0000000089100000|  0%| F|  |TAMS 0x0000000089000000, 0x0000000089000000| Untracked 
| 145|0x0000000089100000, 0x0000000089100000, 0x0000000089200000|  0%| F|  |TAMS 0x0000000089100000, 0x0000000089100000| Untracked 
| 146|0x0000000089200000, 0x0000000089200000, 0x0000000089300000|  0%| F|  |TAMS 0x0000000089200000, 0x0000000089200000| Untracked 
| 147|0x0000000089300000, 0x0000000089300000, 0x0000000089400000|  0%| F|  |TAMS 0x0000000089300000, 0x0000000089300000| Untracked 
| 148|0x0000000089400000, 0x0000000089400000, 0x0000000089500000|  0%| F|  |TAMS 0x0000000089400000, 0x0000000089400000| Untracked 
| 149|0x0000000089500000, 0x0000000089500000, 0x0000000089600000|  0%| F|  |TAMS 0x0000000089500000, 0x0000000089500000| Untracked 
| 150|0x0000000089600000, 0x0000000089600000, 0x0000000089700000|  0%| F|  |TAMS 0x0000000089600000, 0x0000000089600000| Untracked 
| 151|0x0000000089700000, 0x0000000089700000, 0x0000000089800000|  0%| F|  |TAMS 0x0000000089700000, 0x0000000089700000| Untracked 
| 152|0x0000000089800000, 0x0000000089800000, 0x0000000089900000|  0%| F|  |TAMS 0x0000000089800000, 0x0000000089800000| Untracked 
| 153|0x0000000089900000, 0x0000000089900000, 0x0000000089a00000|  0%| F|  |TAMS 0x0000000089900000, 0x0000000089900000| Untracked 
| 154|0x0000000089a00000, 0x0000000089a68058, 0x0000000089b00000| 40%| E|  |TAMS 0x0000000089a00000, 0x0000000089a00000| Complete 
| 155|0x0000000089b00000, 0x0000000089c00000, 0x0000000089c00000|100%| E|CS|TAMS 0x0000000089b00000, 0x0000000089b00000| Complete 
| 156|0x0000000089c00000, 0x0000000089d00000, 0x0000000089d00000|100%| E|CS|TAMS 0x0000000089c00000, 0x0000000089c00000| Complete 
| 157|0x0000000089d00000, 0x0000000089e00000, 0x0000000089e00000|100%| E|CS|TAMS 0x0000000089d00000, 0x0000000089d00000| Complete 
| 158|0x0000000089e00000, 0x0000000089f00000, 0x0000000089f00000|100%| E|CS|TAMS 0x0000000089e00000, 0x0000000089e00000| Complete 
| 159|0x0000000089f00000, 0x000000008a000000, 0x000000008a000000|100%| E|CS|TAMS 0x0000000089f00000, 0x0000000089f00000| Complete 
| 160|0x000000008a000000, 0x000000008a100000, 0x000000008a100000|100%| E|CS|TAMS 0x000000008a000000, 0x000000008a000000| Complete 
| 161|0x000000008a100000, 0x000000008a200000, 0x000000008a200000|100%| E|CS|TAMS 0x000000008a100000, 0x000000008a100000| Complete 

Card table byte_map: [0x000002b72f260000,0x000002b72f660000] _byte_map_base: 0x000002b72ee60000

Marking Bits (Prev, Next): (CMBitMap*) 0x000002b71c9dc2f0, (CMBitMap*) 0x000002b71c9dc330
 Prev Bits: [0x000002b72fa60000, 0x000002b731a60000)
 Next Bits: [0x000002b731a60000, 0x000002b733a60000)

Polling page: 0x000002b71a760000

Metaspace:

Usage:
  Non-class:     61.40 MB used.
      Class:      9.56 MB used.
       Both:     70.96 MB used.

Virtual space:
  Non-class space:       64.00 MB reserved,      61.81 MB ( 97%) committed,  1 nodes.
      Class space:        1.00 GB reserved,       9.88 MB ( <1%) committed,  1 nodes.
             Both:        1.06 GB reserved,      71.69 MB (  7%) committed. 

Chunk freelists:
   Non-Class:  1.36 MB
       Class:  6.11 MB
        Both:  7.47 MB

MaxMetaspaceSize: unlimited
CompressedClassSpaceSize: 1.00 GB
Initial GC threshold: 21.00 MB
Current GC threshold: 118.06 MB
CDS: off
MetaspaceReclaimPolicy: balanced
 - commit_granule_bytes: 65536.
 - commit_granule_words: 8192.
 - virtual_space_node_default_size: 8388608.
 - enlarge_chunks_in_place: 1.
 - new_chunks_are_fully_committed: 0.
 - uncommit_free_chunks: 1.
 - use_allocation_guard: 0.
 - handle_deallocations: 1.


Internal statistics:

num_allocs_failed_limit: 6.
num_arena_births: 878.
num_arena_deaths: 0.
num_vsnodes_births: 2.
num_vsnodes_deaths: 0.
num_space_committed: 1147.
num_space_uncommitted: 0.
num_chunks_returned_to_freelist: 6.
num_chunks_taken_from_freelist: 3385.
num_chunk_merges: 6.
num_chunk_splits: 2172.
num_chunks_enlarged: 1400.
num_inconsistent_stats: 0.

CodeHeap 'non-profiled nmethods': size=120000Kb used=3637Kb max_used=3637Kb free=116362Kb
 bounds [0x000002b727930000, 0x000002b727cc0000, 0x000002b72ee60000]
CodeHeap 'profiled nmethods': size=120000Kb used=13508Kb max_used=13508Kb free=106491Kb
 bounds [0x000002b71fe60000, 0x000002b720ba0000, 0x000002b727390000]
CodeHeap 'non-nmethods': size=5760Kb used=2377Kb max_used=2397Kb free=3382Kb
 bounds [0x000002b727390000, 0x000002b727600000, 0x000002b727930000]
 total_blobs=7920 nmethods=7020 adapters=811
 compilation: enabled
              stopped_count=0, restarted_count=0
 full_count=0

Compilation events (20 events):
Event: 24.344 Thread 0x000002b7360fdfd0 7767       3       org.gradle.internal.instantiation.generator.Jsr330ConstructorSelector::vetoParameters (71 bytes)
Event: 24.344 Thread 0x000002b7360fdfd0 nmethod 7767 0x000002b720b89c10 code [0x000002b720b89e20, 0x000002b720b8a3e8]
Event: 24.344 Thread 0x000002b7360fdfd0 7766       3       org.gradle.internal.instantiation.generator.Jsr330ConstructorSelector::forParams (6 bytes)
Event: 24.344 Thread 0x000002b7360fdfd0 nmethod 7766 0x000002b720b8a610 code [0x000002b720b8a7c0, 0x000002b720b8a908]
Event: 24.355 Thread 0x000002b7360fdfd0 7769       1       org.gradle.internal.instantiation.generator.AbstractClassGenerator::getRoleHandler (5 bytes)
Event: 24.355 Thread 0x000002b7360fdfd0 nmethod 7769 0x000002b727cbcc90 code [0x000002b727cbce20, 0x000002b727cbcef8]
Event: 24.356 Thread 0x000002b7360fdfd0 7770       1       org.gradle.api.internal.provider.ValueState$NonFinalizedValue::setConvention (6 bytes)
Event: 24.356 Thread 0x000002b7360fdfd0 nmethod 7770 0x000002b727cbcf90 code [0x000002b727cbd120, 0x000002b727cbd238]
Event: 24.356 Thread 0x000002b7360fdfd0 7771       3       org.gradle.internal.instantiation.generator.AbstractClassGenerator$PropertyMetadata::hasAnnotation (14 bytes)
Event: 24.357 Thread 0x000002b7360fdfd0 nmethod 7771 0x000002b720b8aa10 code [0x000002b720b8ad00, 0x000002b720b8bf08]
Event: 24.423 Thread 0x000002b7360fdfd0 7774  s    3       org.gradle.internal.classloader.VisitableURLClassLoader::getUserData (48 bytes)
Event: 24.424 Thread 0x000002b7360fdfd0 nmethod 7774 0x000002b720b8c510 code [0x000002b720b8c700, 0x000002b720b8ccd8]
Event: 24.436 Thread 0x000002b7360fdfd0 7775       3       org.objectweb.asm.SymbolTable::addBootstrapMethod (209 bytes)
Event: 24.437 Thread 0x000002b7360fdfd0 nmethod 7775 0x000002b720b8ce90 code [0x000002b720b8d100, 0x000002b720b8dbb8]
Event: 24.437 Thread 0x000002b7360fdfd0 7776       3       org.objectweb.asm.Handle::<init> (32 bytes)
Event: 24.438 Thread 0x000002b7360fdfd0 nmethod 7776 0x000002b720b8e110 code [0x000002b720b8e2c0, 0x000002b720b8e558]
Event: 24.438 Thread 0x000002b7360fdfd0 7777   !   3       org.objectweb.asm.ClassWriter::getCommonSuperClass (141 bytes)
Event: 24.439 Thread 0x000002b7360fdfd0 nmethod 7777 0x000002b720b8e610 code [0x000002b720b8e920, 0x000002b720b8f518]
Event: 24.441 Thread 0x000002b7360fdfd0 7778       1       it.unimi.dsi.fastutil.objects.ReferenceArrayList::size (5 bytes)
Event: 24.441 Thread 0x000002b7360fdfd0 nmethod 7778 0x000002b727cbd290 code [0x000002b727cbd420, 0x000002b727cbd4f8]

GC Heap History (20 events):
Event: 14.822 GC heap before
{Heap before GC invocations=28 (full 0):
 garbage-first heap   total 121856K, used 88111K [0x0000000080000000, 0x0000000100000000)
  region size 1024K, 22 young (22528K), 2 survivors (2048K)
 Metaspace       used 53984K, committed 54592K, reserved 1114112K
  class space    used 7247K, committed 7552K, reserved 1048576K
}
Event: 14.826 GC heap after
{Heap after GC invocations=29 (full 0):
 garbage-first heap   total 121856K, used 68536K [0x0000000080000000, 0x0000000100000000)
  region size 1024K, 2 young (2048K), 2 survivors (2048K)
 Metaspace       used 53984K, committed 54592K, reserved 1114112K
  class space    used 7247K, committed 7552K, reserved 1048576K
}
Event: 15.797 GC heap before
{Heap before GC invocations=30 (full 0):
 garbage-first heap   total 122880K, used 91064K [0x0000000080000000, 0x0000000100000000)
  region size 1024K, 24 young (24576K), 2 survivors (2048K)
 Metaspace       used 56919K, committed 57472K, reserved 1114112K
  class space    used 7709K, committed 8000K, reserved 1048576K
}
Event: 15.802 GC heap after
{Heap after GC invocations=31 (full 0):
 garbage-first heap   total 122880K, used 69891K [0x0000000080000000, 0x0000000100000000)
  region size 1024K, 3 young (3072K), 3 survivors (3072K)
 Metaspace       used 56919K, committed 57472K, reserved 1114112K
  class space    used 7709K, committed 8000K, reserved 1048576K
}
Event: 16.467 GC heap before
{Heap before GC invocations=31 (full 0):
 garbage-first heap   total 122880K, used 93443K [0x0000000080000000, 0x0000000100000000)
  region size 1024K, 26 young (26624K), 3 survivors (3072K)
 Metaspace       used 59141K, committed 59776K, reserved 1114112K
  class space    used 8107K, committed 8384K, reserved 1048576K
}
Event: 16.473 GC heap after
{Heap after GC invocations=32 (full 0):
 garbage-first heap   total 122880K, used 71504K [0x0000000080000000, 0x0000000100000000)
  region size 1024K, 3 young (3072K), 3 survivors (3072K)
 Metaspace       used 59141K, committed 59776K, reserved 1114112K
  class space    used 8107K, committed 8384K, reserved 1048576K
}
Event: 17.343 GC heap before
{Heap before GC invocations=33 (full 0):
 garbage-first heap   total 122880K, used 95056K [0x0000000080000000, 0x0000000100000000)
  region size 1024K, 27 young (27648K), 3 survivors (3072K)
 Metaspace       used 63320K, committed 64000K, reserved 1114112K
  class space    used 8639K, committed 8960K, reserved 1048576K
}
Event: 17.356 GC heap after
{Heap after GC invocations=34 (full 0):
 garbage-first heap   total 122880K, used 73957K [0x0000000080000000, 0x0000000100000000)
  region size 1024K, 4 young (4096K), 4 survivors (4096K)
 Metaspace       used 63320K, committed 64000K, reserved 1114112K
  class space    used 8639K, committed 8960K, reserved 1048576K
}
Event: 19.852 GC heap before
{Heap before GC invocations=34 (full 0):
 garbage-first heap   total 122880K, used 96485K [0x0000000080000000, 0x0000000100000000)
  region size 1024K, 27 young (27648K), 4 survivors (4096K)
 Metaspace       used 67596K, committed 68224K, reserved 1114112K
  class space    used 9210K, committed 9472K, reserved 1048576K
}
Event: 19.861 GC heap after
{Heap after GC invocations=35 (full 0):
 garbage-first heap   total 122880K, used 76937K [0x0000000080000000, 0x0000000100000000)
  region size 1024K, 4 young (4096K), 4 survivors (4096K)
 Metaspace       used 67596K, committed 68224K, reserved 1114112K
  class space    used 9210K, committed 9472K, reserved 1048576K
}
Event: 21.363 GC heap before
{Heap before GC invocations=36 (full 0):
 garbage-first heap   total 133120K, used 98441K [0x0000000080000000, 0x0000000100000000)
  region size 1024K, 25 young (25600K), 4 survivors (4096K)
 Metaspace       used 68068K, committed 68672K, reserved 1114112K
  class space    used 9239K, committed 9536K, reserved 1048576K
}
Event: 21.372 GC heap after
{Heap after GC invocations=37 (full 0):
 garbage-first heap   total 133120K, used 80446K [0x0000000080000000, 0x0000000100000000)
  region size 1024K, 4 young (4096K), 4 survivors (4096K)
 Metaspace       used 68068K, committed 68672K, reserved 1114112K
  class space    used 9239K, committed 9536K, reserved 1048576K
}
Event: 22.469 GC heap before
{Heap before GC invocations=37 (full 0):
 garbage-first heap   total 133120K, used 99902K [0x0000000080000000, 0x0000000100000000)
  region size 1024K, 25 young (25600K), 4 survivors (4096K)
 Metaspace       used 68358K, committed 68992K, reserved 1114112K
  class space    used 9257K, committed 9536K, reserved 1048576K
}
Event: 22.478 GC heap after
{Heap after GC invocations=38 (full 0):
 garbage-first heap   total 133120K, used 81179K [0x0000000080000000, 0x0000000100000000)
  region size 1024K, 3 young (3072K), 3 survivors (3072K)
 Metaspace       used 68358K, committed 68992K, reserved 1114112K
  class space    used 9257K, committed 9536K, reserved 1048576K
}
Event: 23.745 GC heap before
{Heap before GC invocations=39 (full 0):
 garbage-first heap   total 142336K, used 112923K [0x0000000080000000, 0x0000000100000000)
  region size 1024K, 28 young (28672K), 3 survivors (3072K)
 Metaspace       used 69612K, committed 70272K, reserved 1114112K
  class space    used 9424K, committed 9728K, reserved 1048576K
}
Event: 23.750 GC heap after
{Heap after GC invocations=40 (full 0):
 garbage-first heap   total 142336K, used 93309K [0x0000000080000000, 0x0000000100000000)
  region size 1024K, 4 young (4096K), 4 survivors (4096K)
 Metaspace       used 69612K, committed 70272K, reserved 1114112K
  class space    used 9424K, committed 9728K, reserved 1048576K
}
Event: 23.776 GC heap before
{Heap before GC invocations=40 (full 0):
 garbage-first heap   total 142336K, used 95357K [0x0000000080000000, 0x0000000100000000)
  region size 1024K, 6 young (6144K), 4 survivors (4096K)
 Metaspace       used 69770K, committed 70464K, reserved 1114112K
  class space    used 9446K, committed 9728K, reserved 1048576K
}
Event: 23.780 GC heap after
{Heap after GC invocations=41 (full 0):
 garbage-first heap   total 142336K, used 93131K [0x0000000080000000, 0x0000000100000000)
  region size 1024K, 1 young (1024K), 1 survivors (1024K)
 Metaspace       used 69770K, committed 70464K, reserved 1114112K
  class space    used 9446K, committed 9728K, reserved 1048576K
}
Event: 24.214 GC heap before
{Heap before GC invocations=41 (full 0):
 garbage-first heap   total 142336K, used 114635K [0x0000000080000000, 0x0000000100000000)
  region size 1024K, 22 young (22528K), 1 survivors (1024K)
 Metaspace       used 71452K, committed 72128K, reserved 1114112K
  class space    used 9677K, committed 9984K, reserved 1048576K
}
Event: 24.216 GC heap after
{Heap after GC invocations=42 (full 0):
 garbage-first heap   total 142336K, used 93312K [0x0000000080000000, 0x0000000100000000)
  region size 1024K, 1 young (1024K), 1 survivors (1024K)
 Metaspace       used 71452K, committed 72128K, reserved 1114112K
  class space    used 9677K, committed 9984K, reserved 1048576K
}

Dll operation events (3 events):
Event: 0.030 Loaded shared library C:\Program Files\Android\Android Studio\jbr\bin\java.dll
Event: 0.295 Loaded shared library C:\Program Files\Android\Android Studio\jbr\bin\zip.dll
Event: 0.934 Loaded shared library C:\Program Files\Android\Android Studio\jbr\bin\verify.dll

Deoptimization events (20 events):
Event: 22.346 Thread 0x000002b73bdaf070 DEOPT PACKING pc=0x000002b7203d7cda sp=0x000000c726cf82e0
Event: 22.346 Thread 0x000002b73bdaf070 DEOPT UNPACKING pc=0x000002b7273e7143 sp=0x000000c726cf77d8 mode 0
Event: 22.347 Thread 0x000002b73bdaf070 DEOPT PACKING pc=0x000002b71ffc2751 sp=0x000000c726cf83b0
Event: 22.347 Thread 0x000002b73bdaf070 DEOPT UNPACKING pc=0x000002b7273e7143 sp=0x000000c726cf78a8 mode 0
Event: 22.347 Thread 0x000002b73bdaf070 DEOPT PACKING pc=0x000002b7203d7cda sp=0x000000c726cf82e0
Event: 22.347 Thread 0x000002b73bdaf070 DEOPT UNPACKING pc=0x000002b7273e7143 sp=0x000000c726cf77d8 mode 0
Event: 22.347 Thread 0x000002b73bdaf070 DEOPT PACKING pc=0x000002b71ffc2751 sp=0x000000c726cf83b0
Event: 22.347 Thread 0x000002b73bdaf070 DEOPT UNPACKING pc=0x000002b7273e7143 sp=0x000000c726cf78a8 mode 0
Event: 22.348 Thread 0x000002b73bdaf070 DEOPT PACKING pc=0x000002b7203d7cda sp=0x000000c726cf82e0
Event: 22.348 Thread 0x000002b73bdaf070 DEOPT UNPACKING pc=0x000002b7273e7143 sp=0x000000c726cf77d8 mode 0
Event: 22.436 Thread 0x000002b73bdaf070 Uncommon trap: trap_request=0xffffff45 fr.pc=0x000002b727c3e01c relative=0x000000000000083c
Event: 22.436 Thread 0x000002b73bdaf070 Uncommon trap: reason=unstable_if action=reinterpret pc=0x000002b727c3e01c method=org.gradle.util.internal.SimpleMapInterner.intern(Ljava/lang/String;)Ljava/lang/String; @ 1 c2
Event: 22.436 Thread 0x000002b73bdaf070 DEOPT PACKING pc=0x000002b727c3e01c sp=0x000000c726cf85a0
Event: 22.436 Thread 0x000002b73bdaf070 DEOPT UNPACKING pc=0x000002b7273e69a3 sp=0x000000c726cf8558 mode 2
Event: 23.083 Thread 0x000002b73bdaf070 DEOPT PACKING pc=0x000002b720834c63 sp=0x000000c726cf5440
Event: 23.083 Thread 0x000002b73bdaf070 DEOPT UNPACKING pc=0x000002b7273e7143 sp=0x000000c726cf4950 mode 0
Event: 23.838 Thread 0x000002b73bdaf070 DEOPT PACKING pc=0x000002b720834c63 sp=0x000000c726cf6680
Event: 23.838 Thread 0x000002b73bdaf070 DEOPT UNPACKING pc=0x000002b7273e7143 sp=0x000000c726cf5b90 mode 0
Event: 24.270 Thread 0x000002b73bdaf070 DEOPT PACKING pc=0x000002b720834c63 sp=0x000000c726cf61d0
Event: 24.270 Thread 0x000002b73bdaf070 DEOPT UNPACKING pc=0x000002b7273e7143 sp=0x000000c726cf56e0 mode 0

Classes unloaded (0 events):
No events

Classes redefined (0 events):
No events

Internal exceptions (20 events):
Event: 16.614 Thread 0x000002b73bdaf070 Exception <a 'java/lang/NoSuchMethodError'{0x0000000087f70e90}: 'java.lang.Object java.lang.invoke.Invokers$Holder.invoker(java.lang.Object, java.lang.Object, java.lang.Object, java.lang.Object, java.lang.Object, java.lang.Object, java.lang.Object, java.lang.Object, java.lang.Object, java.lang.Object, java.lang.Object, java.lang.Object, java.lang.Object, java.lang.Object, java.lang.Object, java.lang.Object, java.lang.Object, java.lang.Object, java.lang.Object, java.lang.Object, java.lang.Object, java.lang.
Event: 16.615 Thread 0x000002b73bdaf070 Exception <a 'java/lang/NoSuchMethodError'{0x0000000087f94eb0}: 'java.lang.Object java.lang.invoke.DelegatingMethodHandle$Holder.delegate(java.lang.Object, java.lang.Object, java.lang.Object, java.lang.Object, java.lang.Object, java.lang.Object, java.lang.Object, java.lang.Object, java.lang.Object, java.lang.Object, java.lang.Object, java.lang.Object, java.lang.Object, java.lang.Object, java.lang.Object, java.lang.Object, java.lang.Object, java.lang.Object, java.lang.Object, java.lang.Object, java.lang.Obj
Event: 16.630 Thread 0x000002b73bdaf070 Exception <a 'java/lang/NoSuchMethodError'{0x0000000087661358}: 'java.lang.Object java.lang.invoke.DirectMethodHandle$Holder.invokeStatic(java.lang.Object, java.lang.Object, java.lang.Object, java.lang.Object, java.lang.Object, java.lang.Object, java.lang.Object, java.lang.Object, java.lang.Object, java.lang.Object, java.lang.Object, java.lang.Object, java.lang.Object, java.lang.Object, java.lang.Object, java.lang.Object, java.lang.Object, java.lang.Object, java.lang.Object, java.lang.Object, java.lang.Obj
Event: 16.821 Thread 0x000002b73bdaf070 Exception <a 'java/lang/NoSuchMethodError'{0x00000000872edfb8}: static Lorg/gradle/api/internal/catalog/DefaultVersionCatalog;.<clinit>()V> (0x00000000872edfb8) 
thrown [s\src\hotspot\share\prims\jni.cpp, line 1127]
Event: 16.826 Thread 0x000002b73bdaf070 Exception <a 'java/lang/NoSuchMethodError'{0x0000000087141798}: static [Ljava/lang/Object;.<clinit>()V> (0x0000000087141798) 
thrown [s\src\hotspot\share\prims\jni.cpp, line 1127]
Event: 16.828 Thread 0x000002b73bdaf070 Exception <a 'java/lang/NoSuchMethodError'{0x000000008716a168}: static Lorg/gradle/api/internal/catalog/DependencyModel;.<clinit>()V> (0x000000008716a168) 
thrown [s\src\hotspot\share\prims\jni.cpp, line 1127]
Event: 16.828 Thread 0x000002b73bdaf070 Exception <a 'java/lang/NoSuchMethodError'{0x000000008716db60}: static Lorg/gradle/api/internal/catalog/AbstractContextAwareModel;.<clinit>()V> (0x000000008716db60) 
thrown [s\src\hotspot\share\prims\jni.cpp, line 1127]
Event: 16.829 Thread 0x000002b73bdaf070 Exception <a 'java/lang/NoSuchMethodError'{0x0000000087187740}: static Lorg/gradle/api/internal/artifacts/dependencies/AbstractVersionConstraint;.<clinit>()V> (0x0000000087187740) 
thrown [s\src\hotspot\share\prims\jni.cpp, line 1127]
Event: 16.844 Thread 0x000002b73bdaf070 Exception <a 'java/lang/NoSuchMethodError'{0x000000008703e480}: static Lorg/gradle/api/internal/catalog/PluginModel;.<clinit>()V> (0x000000008703e480) 
thrown [s\src\hotspot\share\prims\jni.cpp, line 1127]
Event: 16.845 Thread 0x000002b73bdaf070 Exception <a 'java/lang/NoSuchMethodError'{0x00000000870557f0}: static Lorg/gradle/api/internal/catalog/VersionModel;.<clinit>()V> (0x00000000870557f0) 
thrown [s\src\hotspot\share\prims\jni.cpp, line 1127]
Event: 16.950 Thread 0x000002b73bdaf070 Exception <a 'java/lang/NoSuchMethodError'{0x0000000086dd34b8}: 'int java.lang.invoke.DirectMethodHandle$Holder.invokeSpecialIFC(java.lang.Object, java.lang.Object, java.lang.Object)'> (0x0000000086dd34b8) 
thrown [s\src\hotspot\share\interpreter\linkResolver.cpp, line 771]
Event: 17.046 Thread 0x000002b73bdaf070 Exception <a 'java/lang/NoSuchMethodError'{0x00000000869805c0}: 'java.lang.Object java.lang.invoke.DirectMethodHandle$Holder.newInvokeSpecial(java.lang.Object, java.lang.Object, java.lang.Object, java.lang.Object, java.lang.Object, int)'> (0x00000000869805c0) 
thrown [s\src\hotspot\share\interpreter\linkResolver.cpp, line 771]
Event: 17.046 Thread 0x000002b73bdaf070 Exception <a 'java/lang/NoSuchMethodError'{0x0000000086985cc0}: 'java.lang.Object java.lang.invoke.DirectMethodHandle$Holder.invokeSpecial(java.lang.Object, java.lang.Object, java.lang.Object, java.lang.Object, java.lang.Object, java.lang.Object, int)'> (0x0000000086985cc0) 
thrown [s\src\hotspot\share\interpreter\linkResolver.cpp, line 771]
Event: 17.047 Thread 0x000002b73bdaf070 Exception <a 'java/lang/NoSuchMethodError'{0x000000008698ad48}: 'java.lang.Object java.lang.invoke.Invokers$Holder.linkToTargetMethod(java.lang.Object, java.lang.Object, java.lang.Object, java.lang.Object, int, java.lang.Object)'> (0x000000008698ad48) 
thrown [s\src\hotspot\share\interpreter\linkResolver.cpp, line 771]
Event: 17.052 Thread 0x000002b73bdaf070 Exception <a 'java/lang/NoSuchMethodError'{0x00000000869bd0e0}: 'java.lang.Object java.lang.invoke.DirectMethodHandle$Holder.invokeSpecial(java.lang.Object, java.lang.Object, java.lang.Object, java.lang.Object, java.lang.Object, long)'> (0x00000000869bd0e0) 
thrown [s\src\hotspot\share\interpreter\linkResolver.cpp, line 771]
Event: 17.056 Thread 0x000002b73bdaf070 Exception <a 'java/lang/NoSuchMethodError'{0x00000000869e0488}: 'void java.lang.invoke.DirectMethodHandle$Holder.invokeStatic(java.lang.Object, java.lang.Object, java.lang.Object, int, java.lang.Object)'> (0x00000000869e0488) 
thrown [s\src\hotspot\share\interpreter\linkResolver.cpp, line 771]
Event: 17.085 Thread 0x000002b73bdaf070 Implicit null exception at 0x000002b72796c1f2 to 0x000002b72796c78c
Event: 17.145 Thread 0x000002b73bdaf070 Exception <a 'sun/nio/fs/WindowsException'{0x0000000086504a60}> (0x0000000086504a60) 
thrown [s\src\hotspot\share\prims\jni.cpp, line 531]
Event: 19.865 Thread 0x000002b735f9cff0 Implicit null exception at 0x000002b727c1ec03 to 0x000002b727c1edc8
Event: 22.436 Thread 0x000002b73bdaf070 Implicit null exception at 0x000002b727c3d814 to 0x000002b727c3e008

VM Operations (20 events):
Event: 22.322 Executing VM operation: ICBufferFull
Event: 22.322 Executing VM operation: ICBufferFull done
Event: 22.469 Executing VM operation: G1TryInitiateConcMark
Event: 22.478 Executing VM operation: G1TryInitiateConcMark done
Event: 22.588 Executing VM operation: G1PauseRemark
Event: 22.592 Executing VM operation: G1PauseRemark done
Event: 22.631 Executing VM operation: G1PauseCleanup
Event: 22.632 Executing VM operation: G1PauseCleanup done
Event: 23.638 Executing VM operation: Cleanup
Event: 23.638 Executing VM operation: Cleanup done
Event: 23.745 Executing VM operation: G1CollectForAllocation
Event: 23.750 Executing VM operation: G1CollectForAllocation done
Event: 23.776 Executing VM operation: G1CollectForAllocation
Event: 23.780 Executing VM operation: G1CollectForAllocation done
Event: 24.213 Executing VM operation: G1CollectForAllocation
Event: 24.216 Executing VM operation: G1CollectForAllocation done
Event: 24.333 Executing VM operation: G1PauseRemark
Event: 24.339 Executing VM operation: G1PauseRemark done
Event: 24.390 Executing VM operation: G1PauseCleanup
Event: 24.390 Executing VM operation: G1PauseCleanup done

Events (20 events):
Event: 19.864 loading class sun/security/ssl/Alert$Level
Event: 19.864 loading class sun/security/ssl/Alert$Level done
Event: 20.315 loading class java/util/Collections$ReverseComparator
Event: 20.316 loading class java/util/Collections$ReverseComparator done
Event: 20.316 loading class java/util/Collections$ReverseComparator2
Event: 20.316 loading class java/util/Collections$ReverseComparator2 done
Event: 20.704 Thread 0x000002b73dc38340 Thread added: 0x000002b73dc38340
Event: 20.704 Thread 0x000002b73dc350a0 Thread added: 0x000002b73dc350a0
Event: 20.704 Thread 0x000002b73dc38850 Thread added: 0x000002b73dc38850
Event: 20.855 Thread 0x000002b73dc33c60 Thread added: 0x000002b73dc33c60
Event: 20.856 Thread 0x000002b73dc35ac0 Thread added: 0x000002b73dc35ac0
Event: 20.858 Thread 0x000002b73dc369f0 Thread added: 0x000002b73dc369f0
Event: 23.845 loading class java/util/regex/Pattern$1
Event: 23.845 loading class java/util/regex/Pattern$1 done
Event: 24.183 loading class java/util/concurrent/atomic/AtomicIntegerArray
Event: 24.184 loading class java/util/concurrent/atomic/AtomicIntegerArray done
Event: 24.188 loading class java/util/Currency
Event: 24.189 loading class java/util/Currency done
Event: 24.227 loading class java/util/concurrent/atomic/AtomicLongArray
Event: 24.227 loading class java/util/concurrent/atomic/AtomicLongArray done


Dynamic libraries:
0x00007ff6a15a0000 - 0x00007ff6a15aa000 	C:\Program Files\Android\Android Studio\jbr\bin\java.exe
0x00007ffe4db10000 - 0x00007ffe4dd08000 	C:\WINDOWS\SYSTEM32\ntdll.dll
0x00007ffe4d7a0000 - 0x00007ffe4d861000 	C:\WINDOWS\System32\KERNEL32.DLL
0x00007ffe4b190000 - 0x00007ffe4b48d000 	C:\WINDOWS\System32\KERNELBASE.dll
0x00007ffe4b7c0000 - 0x00007ffe4b8c0000 	C:\WINDOWS\System32\ucrtbase.dll
0x00007ffe45090000 - 0x00007ffe450ab000 	C:\Program Files\Android\Android Studio\jbr\bin\VCRUNTIME140.dll
0x00007ffe45e80000 - 0x00007ffe45e97000 	C:\Program Files\Android\Android Studio\jbr\bin\jli.dll
0x00007ffe4bb10000 - 0x00007ffe4bcad000 	C:\WINDOWS\System32\USER32.dll
0x00007ffe4ba20000 - 0x00007ffe4ba42000 	C:\WINDOWS\System32\win32u.dll
0x00007ffe4ce40000 - 0x00007ffe4ce6b000 	C:\WINDOWS\System32\GDI32.dll
0x00007ffe4b670000 - 0x00007ffe4b787000 	C:\WINDOWS\System32\gdi32full.dll
0x00007ffe3e940000 - 0x00007ffe3ebda000 	C:\WINDOWS\WinSxS\amd64_microsoft.windows.common-controls_6595b64144ccf1df_6.0.19041.4355_none_60b8b9eb71f62e16\COMCTL32.dll
0x00007ffe4b490000 - 0x00007ffe4b52d000 	C:\WINDOWS\System32\msvcp_win.dll
0x00007ffe4bcb0000 - 0x00007ffe4bd4e000 	C:\WINDOWS\System32\msvcrt.dll
0x00007ffe4cc40000 - 0x00007ffe4cc6f000 	C:\WINDOWS\System32\IMM32.DLL
0x00007ffe48810000 - 0x00007ffe4881c000 	C:\Program Files\Android\Android Studio\jbr\bin\vcruntime140_1.dll
0x00007ffe45000000 - 0x00007ffe4508d000 	C:\Program Files\Android\Android Studio\jbr\bin\msvcp140.dll
0x00007ffdff9d0000 - 0x00007ffe00653000 	C:\Program Files\Android\Android Studio\jbr\bin\server\jvm.dll
0x00007ffe4c0b0000 - 0x00007ffe4c160000 	C:\WINDOWS\System32\ADVAPI32.dll
0x00007ffe4cd90000 - 0x00007ffe4ce30000 	C:\WINDOWS\System32\sechost.dll
0x00007ffe4c230000 - 0x00007ffe4c353000 	C:\WINDOWS\System32\RPCRT4.dll
0x00007ffe4b790000 - 0x00007ffe4b7b7000 	C:\WINDOWS\System32\bcrypt.dll
0x00007ffe4ad00000 - 0x00007ffe4ad4b000 	C:\WINDOWS\SYSTEM32\POWRPROF.dll
0x00007ffe41c90000 - 0x00007ffe41cb7000 	C:\WINDOWS\SYSTEM32\WINMM.dll
0x00007ffe43bc0000 - 0x00007ffe43bca000 	C:\WINDOWS\SYSTEM32\VERSION.dll
0x00007ffe483c0000 - 0x00007ffe483c9000 	C:\WINDOWS\SYSTEM32\WSOCK32.dll
0x00007ffe4c1c0000 - 0x00007ffe4c22b000 	C:\WINDOWS\System32\ws2_32.DLL
0x00007ffe4abf0000 - 0x00007ffe4ac02000 	C:\WINDOWS\SYSTEM32\UMPDC.dll
0x00007ffe49010000 - 0x00007ffe49022000 	C:\WINDOWS\SYSTEM32\kernel.appcore.dll
0x00007ffe483b0000 - 0x00007ffe483ba000 	C:\Program Files\Android\Android Studio\jbr\bin\jimage.dll
0x00007ffe3bf80000 - 0x00007ffe3c164000 	C:\WINDOWS\SYSTEM32\DBGHELP.DLL
0x00007ffe3d740000 - 0x00007ffe3d774000 	C:\WINDOWS\SYSTEM32\dbgcore.DLL
0x00007ffe4b530000 - 0x00007ffe4b5b2000 	C:\WINDOWS\System32\bcryptPrimitives.dll
0x00007ffe45ea0000 - 0x00007ffe45eae000 	C:\Program Files\Android\Android Studio\jbr\bin\instrument.dll
0x00007ffe46730000 - 0x00007ffe46755000 	C:\Program Files\Android\Android Studio\jbr\bin\java.dll
0x00007ffe3d540000 - 0x00007ffe3d558000 	C:\Program Files\Android\Android Studio\jbr\bin\zip.dll
0x00007ffe4cfa0000 - 0x00007ffe4d70f000 	C:\WINDOWS\System32\SHELL32.dll
0x00007ffe49210000 - 0x00007ffe499b3000 	C:\WINDOWS\SYSTEM32\windows.storage.dll
0x00007ffe4bd50000 - 0x00007ffe4c0a3000 	C:\WINDOWS\System32\combase.dll
0x00007ffe4ab50000 - 0x00007ffe4ab7e000 	C:\WINDOWS\SYSTEM32\Wldp.dll
0x00007ffe4cb70000 - 0x00007ffe4cc3d000 	C:\WINDOWS\System32\OLEAUT32.dll
0x00007ffe4ce70000 - 0x00007ffe4cf1d000 	C:\WINDOWS\System32\SHCORE.dll
0x00007ffe4c160000 - 0x00007ffe4c1b5000 	C:\WINDOWS\System32\shlwapi.dll
0x00007ffe4b0c0000 - 0x00007ffe4b0e4000 	C:\WINDOWS\SYSTEM32\profapi.dll
0x00007ffe3aba0000 - 0x00007ffe3abb9000 	C:\Program Files\Android\Android Studio\jbr\bin\net.dll
0x00007ffe42750000 - 0x00007ffe4285d000 	C:\WINDOWS\SYSTEM32\WINHTTP.dll
0x00007ffe4a850000 - 0x00007ffe4a8ba000 	C:\WINDOWS\system32\mswsock.dll
0x00007ffe3ab80000 - 0x00007ffe3ab96000 	C:\Program Files\Android\Android Studio\jbr\bin\nio.dll
0x00007ffe45eb0000 - 0x00007ffe45ec0000 	C:\Program Files\Android\Android Studio\jbr\bin\verify.dll
0x00007ffe450b0000 - 0x00007ffe450d7000 	C:\Users\Thao\.gradle\native\c067742578af261105cb4f569cf0c3c89f3d7b1fecec35dd04571415982c5e48\windows-amd64\native-platform.dll
0x00007ffe39450000 - 0x00007ffe39594000 	C:\Users\Thao\.gradle\native\38dada09dfb8b06ba9b0570ebf7e218e3eb74d4ef43ca46872605cf95ebc2f47\windows-amd64\native-platform-file-events.dll
0x00007ffe45ed0000 - 0x00007ffe45ed9000 	C:\Program Files\Android\Android Studio\jbr\bin\management.dll
0x00007ffe45ec0000 - 0x00007ffe45ecb000 	C:\Program Files\Android\Android Studio\jbr\bin\management_ext.dll
0x00007ffe4cf20000 - 0x00007ffe4cf28000 	C:\WINDOWS\System32\PSAPI.DLL
0x00007ffe4aa40000 - 0x00007ffe4aa58000 	C:\WINDOWS\SYSTEM32\CRYPTSP.dll
0x00007ffe4a170000 - 0x00007ffe4a1a4000 	C:\WINDOWS\system32\rsaenh.dll
0x00007ffe4b080000 - 0x00007ffe4b0ae000 	C:\WINDOWS\SYSTEM32\USERENV.dll
0x00007ffe4aa60000 - 0x00007ffe4aa6c000 	C:\WINDOWS\SYSTEM32\CRYPTBASE.dll
0x00007ffe4a530000 - 0x00007ffe4a56b000 	C:\WINDOWS\SYSTEM32\IPHLPAPI.DLL
0x00007ffe4cf90000 - 0x00007ffe4cf98000 	C:\WINDOWS\System32\NSI.dll
0x00007ffe444c0000 - 0x00007ffe444d7000 	C:\WINDOWS\SYSTEM32\dhcpcsvc6.DLL
0x00007ffe444a0000 - 0x00007ffe444bd000 	C:\WINDOWS\SYSTEM32\dhcpcsvc.DLL
0x00007ffe4a570000 - 0x00007ffe4a63a000 	C:\WINDOWS\SYSTEM32\DNSAPI.dll
0x00007ffe44f70000 - 0x00007ffe44f79000 	C:\Program Files\Android\Android Studio\jbr\bin\extnet.dll
0x00007ffe25350000 - 0x00007ffe25357000 	C:\WINDOWS\system32\wshunix.dll
0x00007ffe3f760000 - 0x00007ffe3f76a000 	C:\Windows\System32\rasadhlp.dll
0x00007ffe3f840000 - 0x00007ffe3f8c0000 	C:\WINDOWS\System32\fwpuclnt.dll

dbghelp: loaded successfully - version: 4.0.5 - missing functions: none
symbol engine: initialized successfully - sym options: 0x614 - pdb path: .;C:\Program Files\Android\Android Studio\jbr\bin;C:\WINDOWS\SYSTEM32;C:\WINDOWS\WinSxS\amd64_microsoft.windows.common-controls_6595b64144ccf1df_6.0.19041.4355_none_60b8b9eb71f62e16;C:\Program Files\Android\Android Studio\jbr\bin\server;C:\Users\Thao\.gradle\native\c067742578af261105cb4f569cf0c3c89f3d7b1fecec35dd04571415982c5e48\windows-amd64;C:\Users\Thao\.gradle\native\38dada09dfb8b06ba9b0570ebf7e218e3eb74d4ef43ca46872605cf95ebc2f47\windows-amd64

VM Arguments:
jvm_args: --add-opens=java.base/java.util=ALL-UNNAMED --add-opens=java.base/java.lang=ALL-UNNAMED --add-opens=java.base/java.lang.invoke=ALL-UNNAMED --add-opens=java.prefs/java.util.prefs=ALL-UNNAMED --add-opens=java.base/java.nio.charset=ALL-UNNAMED --add-opens=java.base/java.net=ALL-UNNAMED --add-opens=java.base/java.util.concurrent.atomic=ALL-UNNAMED -Xmx2048m -Dfile.encoding=UTF-8 -Duser.country=US -Duser.language=en -Duser.variant -javaagent:C:\Users\Thao\.gradle\wrapper\dists\gradle-8.7-bin\bhs2wmbdwecv87pi65oeuq5iu\gradle-8.7\lib\agents\gradle-instrumentation-agent-8.7.jar 
java_command: org.gradle.launcher.daemon.bootstrap.GradleDaemon 8.7
java_class_path (initial): C:\Users\Thao\.gradle\wrapper\dists\gradle-8.7-bin\bhs2wmbdwecv87pi65oeuq5iu\gradle-8.7\lib\gradle-launcher-8.7.jar
Launcher Type: SUN_STANDARD

[Global flags]
     intx CICompilerCount                          = 3                                         {product} {ergonomic}
     uint ConcGCThreads                            = 1                                         {product} {ergonomic}
     uint G1ConcRefinementThreads                  = 4                                         {product} {ergonomic}
   size_t G1HeapRegionSize                         = 1048576                                   {product} {ergonomic}
    uintx GCDrainStackTargetSize                   = 64                                        {product} {ergonomic}
   size_t InitialHeapSize                          = 134217728                                 {product} {ergonomic}
   size_t MarkStackSize                            = 4194304                                   {product} {ergonomic}
   size_t MaxHeapSize                              = 2147483648                                {product} {command line}
   size_t MaxNewSize                               = 1287651328                                {product} {ergonomic}
   size_t MinHeapDeltaBytes                        = 1048576                                   {product} {ergonomic}
   size_t MinHeapSize                              = 8388608                                   {product} {ergonomic}
    uintx NonNMethodCodeHeapSize                   = 5832780                                {pd product} {ergonomic}
    uintx NonProfiledCodeHeapSize                  = 122912730                              {pd product} {ergonomic}
    uintx ProfiledCodeHeapSize                     = 122912730                              {pd product} {ergonomic}
    uintx ReservedCodeCacheSize                    = 251658240                              {pd product} {ergonomic}
     bool SegmentedCodeCache                       = true                                      {product} {ergonomic}
   size_t SoftMaxHeapSize                          = 2147483648                             {manageable} {ergonomic}
     bool UseCompressedClassPointers               = true                           {product lp64_product} {ergonomic}
     bool UseCompressedOops                        = true                           {product lp64_product} {ergonomic}
     bool UseG1GC                                  = true                                      {product} {ergonomic}
     bool UseLargePagesIndividualAllocation        = false                                  {pd product} {ergonomic}

Logging:
Log output configuration:
 #0: stdout all=warning uptime,level,tags
 #1: stderr all=off uptime,level,tags

Environment Variables:
PATH=C:\Program Files\Common Files\Oracle\Java\javapath;C:\WINDOWS\system32;C:\WINDOWS;C:\WINDOWS\System32\Wbem;C:\WINDOWS\System32\WindowsPowerShell\v1.0\;C:\WINDOWS\System32\OpenSSH\;C:\Program Files\dotnet\;C:\Program Files (x86)\dotnet\;C:\Program Files (x86)\Microsoft SQL Server\160\Tools\Binn\;C:\Program Files\Microsoft SQL Server\160\Tools\Binn\;C:\Program Files\Microsoft SQL Server\Client SDK\ODBC\170\Tools\Binn\;C:\Program Files\Microsoft SQL Server\160\DTS\Binn\;C:\Program Files (x86)\Microsoft SQL Server\150\DTS\Binn\;C:\Program Files\Azure Data Studio\bin;C:\Program Files\Microsoft SQL Server\150\Tools\Binn\;C:\jdk-11.0.16\bin;C:\WebEnv\php-8;C:\WebEnv\composer;C:\Program Files\nodejs\;C:\Program Files\Git\cmd;C:\jdk-11.0.16\bin;C:\Program Files\JetBrains\IntelliJ IDEA 2023.2.1\bin;;C:\Users\Thao\AppData\Local\Programs\Microsoft VS Code\bin;C:\Users\Thao\AppData\Roaming\Composer\vendor\bin;C:\Users\Thao\AppData\Roaming\npm
USERNAME=Thao
OS=Windows_NT
PROCESSOR_IDENTIFIER=Intel64 Family 6 Model 58 Stepping 9, GenuineIntel
TMP=C:\Users\Thao\AppData\Local\Temp
TEMP=C:\Users\Thao\AppData\Local\Temp



Periodic native trim disabled

JNI global refs:
JNI global refs: 27, weak refs: 4

JNI global refs memory usage: 843, weak refs: 841

Process memory usage:
Resident Set Size: 352192K (4% of 8271340K total physical memory with 373352K free physical memory)

OOME stack traces (most recent first):
Classloader memory used:
Loader org.gradle.internal.classloader.VisitableURLClassLoader                         : 3809K
Loader bootstrap                                                                       : 3110K
Loader org.gradle.initialization.MixInLegacyTypesClassLoader                           : 1302K
Loader org.gradle.internal.classloader.VisitableURLClassLoader$InstrumentingVisitableURLClassLoader: 558K
Loader org.gradle.internal.classloader.VisitableURLClassLoader                         : 124K
Loader jdk.internal.loader.ClassLoaders$PlatformClassLoader                            : 99382B
Loader jdk.internal.reflect.DelegatingClassLoader                                      : 49382B
Loader jdk.internal.loader.ClassLoaders$AppClassLoader                                 : 28714B
Loader org.gradle.groovy.scripts.internal.DefaultScriptCompilationHandler$ScriptClassLoader: 10970B
Loader org.codehaus.groovy.runtime.callsite.CallSiteClassLoader                        : 6077B

Classes loaded by more than one classloader:
Class Program                                                                         : loaded 4 times (x 72B)
Class org.gradle.internal.Cast                                                        : loaded 3 times (x 69B)
Class org.gradle.api.GradleException                                                  : loaded 3 times (x 80B)
Class kotlin.collections.AbstractList                                                 : loaded 2 times (x 157B)
Class kotlin.collections.AbstractCollection                                           : loaded 2 times (x 115B)
Class org.jetbrains.plugins.gradle.model.MavenRepositoryModel                         : loaded 2 times (x 68B)
Class [Lcom.google.common.collect.AbstractMapEntry;                                   : loaded 2 times (x 67B)
Class com.google.common.collect.SingletonImmutableList                                : loaded 2 times (x 167B)
Class org.gradle.internal.classpath.ClassPath                                         : loaded 2 times (x 68B)
Class org.gradle.api.internal.classpath.DefaultModuleRegistry                         : loaded 2 times (x 84B)
Class org.gradle.internal.exceptions.NonGradleCauseExceptionsHolder                   : loaded 2 times (x 68B)
Class Settings_gradle$1$1                                                             : loaded 2 times (x 72B)
Class com.google.common.collect.ListMultimap                                          : loaded 2 times (x 68B)
Class com.google.common.base.CharMatcher$JavaDigit                                    : loaded 2 times (x 109B)
Class com.google.common.base.CharMatcher$Digit                                        : loaded 2 times (x 110B)
Class com.google.common.collect.AbstractMultimap                                      : loaded 2 times (x 121B)
Class kotlin.enums.EnumEntries                                                        : loaded 2 times (x 68B)
Class org.gradle.api.Action                                                           : loaded 2 times (x 68B)
Class org.jetbrains.kotlin.idea.gradleTooling.model.samWithReceiver.SamWithReceiverModel: loaded 2 times (x 68B)
Class com.google.common.collect.ImmutableEntry                                        : loaded 2 times (x 80B)
Class com.google.common.collect.Lists$StringAsImmutableList                           : loaded 2 times (x 167B)
Class kotlin.enums.EnumEntriesKt                                                      : loaded 2 times (x 69B)
Class org.jetbrains.plugins.gradle.model.ExternalProject                              : loaded 2 times (x 68B)
Class org.jetbrains.plugins.gradle.model.IntelliJSettings                             : loaded 2 times (x 68B)
Class com.google.common.base.CharMatcher                                              : loaded 2 times (x 109B)
Class com.google.common.base.CharMatcher$IsNot                                        : loaded 2 times (x 109B)
Class com.google.common.base.Splitter                                                 : loaded 2 times (x 70B)
Class com.google.common.collect.Iterators$ArrayItr                                    : loaded 2 times (x 95B)
Class org.jetbrains.kotlin.idea.gradleTooling.KotlinMPPGradleModel                    : loaded 2 times (x 68B)
Class org.gradle.api.internal.DefaultClassPathProvider                                : loaded 2 times (x 74B)
Class org.gradle.internal.installation.GradleInstallation$1                           : loaded 2 times (x 73B)
Class com.google.common.base.CharMatcher$BitSetMatcher                                : loaded 2 times (x 110B)
Class com.google.common.collect.ImmutableMap$IteratorBasedImmutableMap                : loaded 2 times (x 123B)
Class org.gradle.internal.exceptions.DefaultMultiCauseException                       : loaded 2 times (x 93B)
Class com.google.common.collect.ImmutableMap                                          : loaded 2 times (x 118B)
Class com.google.common.base.Converter                                                : loaded 2 times (x 88B)
Class org.gradle.tooling.model.UnsupportedMethodException                             : loaded 2 times (x 80B)
Class com.google.common.collect.ImmutableSet$EmptySetBuilderImpl                      : loaded 2 times (x 74B)
Class org.gradle.internal.time.MonotonicClock                                         : loaded 2 times (x 75B)
Class com.google.common.base.Predicate                                                : loaded 2 times (x 68B)
Class org.gradle.internal.classloader.FilteringClassLoader                            : loaded 2 times (x 103B)
Class com.google.common.collect.RegularImmutableSet                                   : loaded 2 times (x 146B)
Class org.gradle.tooling.model.Model                                                  : loaded 2 times (x 68B)
Class org.gradle.internal.classpath.DefaultClassPath$ImmutableUniqueList$Builder      : loaded 2 times (x 73B)
Class kotlin.UninitializedPropertyAccessException                                     : loaded 2 times (x 80B)
Class com.google.common.collect.Maps$8                                                : loaded 2 times (x 80B)
Class com.google.common.base.PatternCompiler                                          : loaded 2 times (x 68B)
Class com.google.common.base.CharMatcher$InRange                                      : loaded 2 times (x 109B)
Class org.jetbrains.kotlin.idea.gradleTooling.KotlinSourceSetContainer                : loaded 2 times (x 68B)
Class com.google.common.collect.BiMap                                                 : loaded 2 times (x 68B)
Class com.google.common.collect.Lists                                                 : loaded 2 times (x 69B)
Class com.google.common.math.IntMath$1                                                : loaded 2 times (x 69B)
Class org.gradle.internal.classloader.ClassLoaderVisitor                              : loaded 2 times (x 74B)
Class com.google.common.math.MathPreconditions                                        : loaded 2 times (x 69B)
Class org.gradle.internal.time.DefaultCountdownTimer                                  : loaded 2 times (x 86B)
Class org.gradle.internal.service.DefaultServiceLocator                               : loaded 2 times (x 81B)
Class org.jetbrains.plugins.gradle.model.jar.JarTaskManifestConfiguration             : loaded 2 times (x 68B)
Class org.gradle.internal.service.UnknownServiceException                             : loaded 2 times (x 81B)
Class com.google.common.collect.ArrayListMultimap                                     : loaded 2 times (x 170B)
Class com.google.common.base.Strings                                                  : loaded 2 times (x 69B)
Class org.jetbrains.plugins.gradle.model.DependencyAccessorsModel                     : loaded 2 times (x 68B)
Class org.gradle.internal.classloader.DefaultClassLoaderFactory                       : loaded 2 times (x 80B)
Class com.google.common.collect.UnmodifiableIterator                                  : loaded 2 times (x 78B)
Class com.google.common.base.Platform$JdkPatternCompiler                              : loaded 2 times (x 73B)
Class com.google.common.base.CharMatcher$SingleWidth                                  : loaded 2 times (x 110B)
Class com.google.common.collect.Hashing                                               : loaded 2 times (x 69B)
Class org.jetbrains.plugins.gradle.model.GradleExtensions                             : loaded 2 times (x 68B)
Class com.google.common.base.JdkPattern                                               : loaded 2 times (x 73B)
Class com.google.common.collect.Multimap                                              : loaded 2 times (x 68B)
Class org.jetbrains.plugins.gradle.model.VersionCatalogsModel                         : loaded 2 times (x 68B)
Class org.gradle.internal.classloader.VisitableURLClassLoader$Spec                    : loaded 2 times (x 72B)
Class org.gradle.tooling.model.ProjectModel                                           : loaded 2 times (x 68B)
Class com.google.common.collect.Iterators$MergingIterator                             : loaded 2 times (x 79B)
Class com.google.common.base.CharMatcher$JavaLetterOrDigit                            : loaded 2 times (x 109B)
Class org.gradle.tooling.internal.gradle.DefaultProjectIdentifier                     : loaded 2 times (x 84B)
Class org.gradle.api.internal.classpath.ModuleRegistry                                : loaded 2 times (x 68B)
Class com.google.common.collect.ImmutableCollection                                   : loaded 2 times (x 123B)
Class org.jetbrains.plugins.gradle.model.RepositoriesModel                            : loaded 2 times (x 68B)
Class kotlin.jvm.internal.markers.KMappedMarker                                       : loaded 2 times (x 68B)
Class org.gradle.api.internal.ClassPathProvider                                       : loaded 2 times (x 68B)
Class com.google.common.collect.RegularImmutableMap$Values                            : loaded 2 times (x 167B)
Class org.gradle.util.GradleVersion                                                   : loaded 2 times (x 81B)
Class com.google.common.collect.ImmutableEnumMap                                      : loaded 2 times (x 123B)
Class com.google.common.collect.ImmutableList$ReverseImmutableList                    : loaded 2 times (x 168B)
Class org.gradle.internal.classloader.ClassLoaderFactory                              : loaded 2 times (x 68B)
Class com.google.common.collect.ObjectArrays                                          : loaded 2 times (x 69B)
Class com.google.common.collect.Iterators$10                                          : loaded 2 times (x 79B)
Class com.google.common.collect.ImmutableList                                         : loaded 2 times (x 166B)
Class org.gradle.api.internal.classpath.ManifestUtil                                  : loaded 2 times (x 69B)
Class org.gradle.api.specs.Spec                                                       : loaded 2 times (x 68B)
Class kotlin.jvm.internal.Intrinsics                                                  : loaded 2 times (x 69B)
Class com.google.common.base.CharMatcher$Whitespace                                   : loaded 2 times (x 110B)
Class org.gradle.tooling.internal.gradle.GradleBuildIdentity                          : loaded 2 times (x 68B)
Class com.google.common.collect.Iterators$1                                           : loaded 2 times (x 79B)
Class com.google.common.collect.Iterators$4                                           : loaded 2 times (x 80B)
Class com.google.common.collect.RegularImmutableMap$BucketOverflowException           : loaded 2 times (x 80B)
Class com.google.common.collect.Iterators$5                                           : loaded 2 times (x 80B)
Class com.google.common.base.Preconditions                                            : loaded 2 times (x 69B)
Class com.google.common.base.Function                                                 : loaded 2 times (x 68B)
Class com.google.common.collect.Iterators$9                                           : loaded 2 times (x 79B)
Class org.gradle.internal.IoActions                                                   : loaded 2 times (x 69B)
Class com.google.common.collect.RegularImmutableMap$KeySet                            : loaded 2 times (x 148B)
Class com.google.common.collect.CollectPreconditions                                  : loaded 2 times (x 69B)
Class com.google.common.collect.Maps                                                  : loaded 2 times (x 69B)
Class com.google.common.collect.RegularImmutableMap                                   : loaded 2 times (x 119B)
Class com.google.common.collect.AbstractIndexedListIterator                           : loaded 2 times (x 94B)
Class ijInit1_6ca4hgeeu1ic1jz9ktpcbh2y4                                               : loaded 2 times (x 177B)
Class com.google.common.base.CharMatcher$None                                         : loaded 2 times (x 110B)
Class org.gradle.api.internal.classpath.EffectiveClassPath                            : loaded 2 times (x 88B)
Class com.google.common.collect.UnmodifiableListIterator                              : loaded 2 times (x 93B)
Class kotlin.jvm.internal.DefaultConstructorMarker                                    : loaded 2 times (x 69B)
Class com.google.common.collect.ImmutableList$1                                       : loaded 2 times (x 95B)
Class com.google.common.base.Splitter$Strategy                                        : loaded 2 times (x 68B)
Class com.google.common.collect.ImmutableMapEntrySet$RegularEntrySet                  : loaded 2 times (x 149B)
Class [Lcom.google.common.collect.ImmutableMapEntry;                                  : loaded 2 times (x 67B)
Class org.gradle.internal.exceptions.ResolutionProvider                               : loaded 2 times (x 68B)
Class org.jetbrains.kotlin.idea.gradleTooling.model.annotation.AnnotationBasedPluginModel: loaded 2 times (x 68B)
Class org.jetbrains.kotlin.idea.gradleTooling.model.assignment.AssignmentModel        : loaded 2 times (x 68B)
Class org.gradle.internal.installation.CurrentGradleInstallation                      : loaded 2 times (x 71B)
Class org.gradle.internal.agents.InstrumentingClassLoader                             : loaded 2 times (x 68B)
Class org.gradle.internal.installation.CurrentGradleInstallationLocator               : loaded 2 times (x 69B)
Class org.gradle.api.internal.classpath.Module                                        : loaded 2 times (x 68B)
Class com.google.common.base.Splitter$1$1                                             : loaded 2 times (x 84B)
Class com.google.common.collect.ImmutableSet$JdkBackedSetBuilderImpl                  : loaded 2 times (x 74B)
Class com.google.common.collect.ImmutableSet$RegularSetBuilderImpl                    : loaded 2 times (x 75B)
Class org.gradle.internal.service.CachingServiceLocator                               : loaded 2 times (x 80B)
Class org.gradle.internal.time.Timer                                                  : loaded 2 times (x 68B)
Class [Lcom.google.common.collect.ImmutableEntry;                                     : loaded 2 times (x 67B)
Class org.jetbrains.plugins.gradle.model.tests.ExternalTestsModel                     : loaded 2 times (x 68B)
Class org.jetbrains.kotlin.idea.gradleTooling.KotlinDslScriptAdditionalTask           : loaded 2 times (x 68B)
Class org.gradle.internal.classpath.DefaultClassPath                                  : loaded 2 times (x 88B)
Class com.google.common.base.Splitter$SplittingIterator                               : loaded 2 times (x 82B)
Class com.intellij.openapi.externalSystem.model.project.dependencies.ProjectDependencies: loaded 2 times (x 68B)
Class kotlin.enums.EnumEntriesList                                                    : loaded 2 times (x 183B)
Class Build_gradle$1                                                                  : loaded 2 times (x 76B)
Class org.jetbrains.kotlin.idea.gradleTooling.PrepareKotlinIdeImportTaskModel         : loaded 2 times (x 68B)
Class org.gradle.internal.impldep.com.google.common.base.Preconditions                : loaded 2 times (x 69B)
Class kotlin.jvm.functions.Function1                                                  : loaded 2 times (x 68B)
Class com.google.common.base.CharMatcher$Is                                           : loaded 2 times (x 109B)
Class com.google.common.base.Platform                                                 : loaded 2 times (x 69B)
Class com.google.common.collect.RegularImmutableAsList                                : loaded 2 times (x 176B)
Class com.google.common.collect.PeekingIterator                                       : loaded 2 times (x 68B)
Class org.gradle.internal.time.Time                                                   : loaded 2 times (x 69B)
Class org.gradle.internal.time.TimeSource$1                                           : loaded 2 times (x 75B)
Class kotlin.KotlinNullPointerException                                               : loaded 2 times (x 81B)
Class com.google.common.collect.ImmutableMapEntrySet                                  : loaded 2 times (x 149B)
Class com.google.common.collect.ImmutableBiMapFauxverideShim                          : loaded 2 times (x 118B)
Class org.gradle.internal.classloader.SystemClassLoaderSpec                           : loaded 2 times (x 69B)
Class com.google.common.collect.SingletonImmutableSet                                 : loaded 2 times (x 144B)
Class [Lcom.google.common.base.AbstractIterator$State;                                : loaded 2 times (x 67B)
Class com.google.common.collect.ImmutableMap$Builder                                  : loaded 2 times (x 80B)
Class com.google.common.base.AbstractIterator                                         : loaded 2 times (x 78B)
Class com.google.common.base.AbstractIterator$1                                       : loaded 2 times (x 69B)
Class kotlin.Function                                                                 : loaded 2 times (x 68B)
Class com.google.common.collect.Iterators                                             : loaded 2 times (x 69B)
Class com.google.common.base.CharMatcher$1                                            : loaded 2 times (x 111B)
Class com.google.common.base.CharMatcher$Ascii                                        : loaded 2 times (x 110B)
Class org.gradle.api.UncheckedIOException                                             : loaded 2 times (x 80B)
Class com.google.common.base.CharMatcher$And                                          : loaded 2 times (x 110B)
Class com.google.common.collect.IndexedImmutableSet                                   : loaded 2 times (x 148B)
Class com.google.common.collect.AbstractListMultimap                                  : loaded 2 times (x 170B)
Class com.google.common.base.CharMatcher$Any                                          : loaded 2 times (x 110B)
Class org.gradle.internal.classloader.ClasspathUtil$1                                 : loaded 2 times (x 74B)
Class com.google.common.collect.ArrayListMultimapGwtSerializationDependencies         : loaded 2 times (x 170B)
Class com.google.common.base.CharMatcher$RangesMatcher                                : loaded 2 times (x 110B)
Class org.gradle.tooling.internal.gradle.GradleProjectIdentity                        : loaded 2 times (x 68B)
Class com.google.common.collect.ImmutableList$SubList                                 : loaded 2 times (x 168B)
Class org.gradle.internal.time.CountdownTimer                                         : loaded 2 times (x 68B)
Class org.gradle.internal.time.Clock                                                  : loaded 2 times (x 68B)
Class org.gradle.internal.classloader.ClasspathUtil                                   : loaded 2 times (x 69B)
Class org.gradle.tooling.model.BuildIdentifier                                        : loaded 2 times (x 68B)
Class com.google.common.base.Splitter$1                                               : loaded 2 times (x 75B)
Class com.google.common.collect.Maps$BiMapConverter                                   : loaded 2 times (x 88B)
Class org.gradle.api.internal.DefaultClassPathRegistry                                : loaded 2 times (x 74B)
Class com.google.common.collect.ImmutableSet$SetBuilderImpl                           : loaded 2 times (x 74B)
Class org.gradle.api.internal.classpath.DefaultModuleRegistry$DefaultModule           : loaded 2 times (x 84B)
Class com.google.common.base.CharMatcher$JavaIsoControl                               : loaded 2 times (x 110B)
Class com.google.common.collect.ImmutableMap$1                                        : loaded 2 times (x 79B)
Class com.google.common.base.CharMatcher$Or                                           : loaded 2 times (x 110B)
Class org.gradle.kotlin.dsl.VersionCatalogAccessorsKt                                 : loaded 2 times (x 69B)
Class org.gradle.internal.time.TimeSource                                             : loaded 2 times (x 68B)
Class com.google.common.collect.Iterables                                             : loaded 2 times (x 69B)
Class org.jetbrains.kotlin.android.synthetic.idea.AndroidExtensionsGradleModel        : loaded 2 times (x 68B)
Class com.google.common.base.CharMatcher$JavaLowerCase                                : loaded 2 times (x 109B)
Class org.gradle.api.internal.classpath.UnknownModuleException                        : loaded 2 times (x 80B)
Class com.google.common.collect.Maps$EntryTransformer                                 : loaded 2 times (x 68B)
Class com.google.common.collect.ImmutableCollection$Builder                           : loaded 2 times (x 74B)
Class com.google.common.base.CommonPattern                                            : loaded 2 times (x 72B)
Class org.jetbrains.plugins.gradle.model.IntelliJProjectSettings                      : loaded 2 times (x 68B)
Class org.gradle.internal.service.ServiceLookupException                              : loaded 2 times (x 80B)
Class org.gradle.cache.GlobalCache                                                    : loaded 2 times (x 68B)
Class org.jetbrains.kotlin.idea.gradleTooling.model.lombok.LombokModel                : loaded 2 times (x 68B)
Class org.gradle.tooling.model.ProjectIdentifier                                      : loaded 2 times (x 68B)
Class com.google.common.base.CharMatcher$NegatedFastMatcher                           : loaded 2 times (x 111B)
Class [Lorg.gradle.api.internal.ClassPathProvider;                                    : loaded 2 times (x 67B)
Class org.gradle.internal.operations.MultipleBuildOperationFailures                   : loaded 2 times (x 93B)
Class org.gradle.util.internal.GUtil                                                  : loaded 2 times (x 69B)
Class org.jetbrains.plugins.gradle.model.AnnotationProcessingModel                    : loaded 2 times (x 68B)
Class com.google.common.math.IntMath                                                  : loaded 2 times (x 69B)
Class com.google.common.collect.AbstractIterator                                      : loaded 2 times (x 80B)
Class org.gradle.internal.classloader.ClassLoaderSpec                                 : loaded 2 times (x 69B)
Class com.google.common.base.NullnessCasts                                            : loaded 2 times (x 69B)
Class com.google.common.collect.AbstractMapEntry                                      : loaded 2 times (x 79B)
Class com.google.common.base.CharMatcher$Negated                                      : loaded 2 times (x 111B)
Class com.google.common.collect.ImmutableSet$Builder                                  : loaded 2 times (x 83B)
Class com.google.common.base.CharMatcher$ForPredicate                                 : loaded 2 times (x 110B)
Class com.google.common.collect.ImmutableMap$MapViewOfValuesAsSingletonSets           : loaded 2 times (x 123B)
Class com.google.common.collect.SortedMapDifference                                   : loaded 2 times (x 68B)
Class org.gradle.internal.classloader.VisitableURLClassLoader                         : loaded 2 times (x 115B)
Class com.google.common.collect.ImmutableBiMap                                        : loaded 2 times (x 141B)
Class org.gradle.internal.installation.GradleInstallation                             : loaded 2 times (x 73B)
Class Build_gradle                                                                    : loaded 2 times (x 70B)
Class org.gradle.api.internal.ClassPathRegistry                                       : loaded 2 times (x 68B)
Class com.google.common.collect.ImmutableSet                                          : loaded 2 times (x 143B)
Class org.gradle.internal.classloader.VisitableURLClassLoader$InstrumentingVisitableURLClassLoader: loaded 2 times (x 121B)
Class org.gradle.internal.classloader.ClassLoaderHierarchy                            : loaded 2 times (x 68B)
Class sync_studio_tooling_bmjik0zqp1y70q3vgkyscwmkz                                   : loaded 2 times (x 177B)
Class org.gradle.internal.exceptions.MultiCauseException                              : loaded 2 times (x 68B)
Class org.jetbrains.kotlin.idea.gradleTooling.model.parcelize.ParcelizeGradleModel    : loaded 2 times (x 68B)
Class com.google.common.base.AbstractIterator$State                                   : loaded 2 times (x 77B)
Class com.google.common.base.CharMatcher$NamedFastMatcher                             : loaded 2 times (x 110B)
Class org.gradle.internal.InternalTransformer                                         : loaded 2 times (x 68B)
Class org.jetbrains.kotlin.idea.gradleTooling.model.noarg.NoArgModel                  : loaded 2 times (x 68B)
Class org.jetbrains.kotlin.idea.gradleTooling.KotlinGradleModel                       : loaded 2 times (x 68B)
Class org.gradle.tooling.internal.gradle.DefaultBuildIdentifier                       : loaded 2 times (x 77B)
Class org.gradle.internal.service.ServiceLocator                                      : loaded 2 times (x 68B)
Class Settings_gradle$1                                                               : loaded 2 times (x 72B)
Class com.google.common.collect.ImmutableMapEntry                                     : loaded 2 times (x 83B)
Class org.jetbrains.kotlin.idea.gradleTooling.model.allopen.AllOpenModel              : loaded 2 times (x 68B)
Class com.google.common.base.CharMatcher$Invisible                                    : loaded 2 times (x 110B)
Class com.google.common.base.CharMatcher$FastMatcher                                  : loaded 2 times (x 109B)
Class org.gradle.internal.classpath.DefaultClassPath$ImmutableUniqueList              : loaded 2 times (x 159B)
Class org.gradle.internal.time.DefaultTimer                                           : loaded 2 times (x 78B)
Class com.google.common.base.CharMatcher$JavaLetter                                   : loaded 2 times (x 109B)
Class org.gradle.internal.classpath.TransformedClassPath                              : loaded 2 times (x 94B)
Class com.google.common.collect.MapDifference                                         : loaded 2 times (x 68B)
Class Settings_gradle                                                                 : loaded 2 times (x 126B)
Class kotlin.collections.AbstractList$Companion                                       : loaded 2 times (x 69B)
Class com.google.common.collect.Platform                                              : loaded 2 times (x 69B)
Class com.google.common.collect.ImmutableAsList                                       : loaded 2 times (x 169B)
Class com.google.common.base.CharMatcher$AnyOf                                        : loaded 2 times (x 110B)
Class com.google.common.base.CharMatcher$IsEither                                     : loaded 2 times (x 109B)
Class com.google.common.collect.RegularImmutableList                                  : loaded 2 times (x 172B)
Class com.google.common.base.CharMatcher$JavaUpperCase                                : loaded 2 times (x 109B)
Class com.google.common.collect.Multiset                                              : loaded 2 times (x 68B)
Class com.google.common.collect.ImmutableSet$CachingAsList                            : loaded 2 times (x 145B)
Class sync_studio_tooling_bmjik0zqp1y70q3vgkyscwmkz$_run_closure1                     : loaded 2 times (x 137B)
Class com.google.common.collect.ImmutableMapEntry$NonTerminalImmutableMapEntry        : loaded 2 times (x 83B)
Class com.google.common.collect.AbstractMapBasedMultimap                              : loaded 2 times (x 137B)


---------------  S Y S T E M  ---------------

OS:
 Windows 10 , 64 bit Build 19041 (10.0.19041.4842)
OS uptime: 4 days 20:24 hours

CPU: total 4 (initial active 4) (2 cores per cpu, 2 threads per core) family 6 model 58 stepping 9 microcode 0x21, cx8, cmov, fxsr, ht, mmx, sse, sse2, sse3, ssse3, sse4.1, sse4.2, popcnt, tsc, tscinvbit, avx, aes, erms, clmul, vzeroupper, clflush
Processor Information for all 4 processors :
  Max Mhz: 2601, Current Mhz: 2601, Mhz Limit: 2601

Memory: 4k page, system-wide physical 8077M (360M free)
TotalPageFile size 12077M (AvailPageFile size 1M)
current process WorkingSet (physical memory assigned to process): 346M, peak: 346M
current process commit charge ("private bytes"): 385M, peak: 386M

vm_info: OpenJDK 64-Bit Server VM (17.0.11+0--11852314) for windows-amd64 JRE (17.0.11+0--11852314), built on May 16 2024 21:29:20 by "androidbuild" with MS VC++ 16.10 / 16.11 (VS2019)

END.
