#
# There is insufficient memory for the Java Runtime Environment to continue.
# Native memory allocation (malloc) failed to allocate 1899216 bytes. Error detail: Chunk::new
# Possible reasons:
#   The system is out of physical RAM or swap space
#   This process is running with CompressedOops enabled, and the Java Heap may be blocking the growth of the native heap
# Possible solutions:
#   Reduce memory load on the system
#   Increase physical memory or swap space
#   Check if swap backing store is full
#   Decrease Java heap size (-Xmx/-Xms)
#   Decrease number of Java threads
#   Decrease Java thread stack sizes (-Xss)
#   Set larger code cache with -XX:ReservedCodeCacheSize=
#   JVM is running with Unscaled Compressed Oops mode in which the Java heap is
#     placed in the first 4GB address space. The Java Heap base address is the
#     maximum limit for the native heap growth. Please use -XX:HeapBaseMinAddress
#     to set the Java Heap base and to place the Java Heap above 4GB virtual address.
# This output file may be truncated or incomplete.
#
#  Out of Memory Error (arena.cpp:191), pid=6464, tid=16948
#
# JRE version: OpenJDK Runtime Environment (17.0.11) (build 17.0.11+0--11852314)
# Java VM: OpenJDK 64-Bit Server VM (17.0.11+0--11852314, mixed mode, tiered, compressed oops, compressed class ptrs, g1 gc, windows-amd64)
# No core dump will be written. Minidumps are not enabled by default on client versions of Windows
#

---------------  S U M M A R Y ------------

Command Line: --add-opens=java.base/java.util=ALL-UNNAMED --add-opens=java.base/java.lang=ALL-UNNAMED --add-opens=java.base/java.lang.invoke=ALL-UNNAMED --add-opens=java.prefs/java.util.prefs=ALL-UNNAMED --add-opens=java.base/java.nio.charset=ALL-UNNAMED --add-opens=java.base/java.net=ALL-UNNAMED --add-opens=java.base/java.util.concurrent.atomic=ALL-UNNAMED -Xmx2048m -Dfile.encoding=UTF-8 -Duser.country=US -Duser.language=en -Duser.variant -javaagent:C:\Users\Thao\.gradle\wrapper\dists\gradle-8.7-bin\bhs2wmbdwecv87pi65oeuq5iu\gradle-8.7\lib\agents\gradle-instrumentation-agent-8.7.jar org.gradle.launcher.daemon.bootstrap.GradleDaemon 8.7

Host: Intel(R) Core(TM) i5-3230M CPU @ 2.60GHz, 4 cores, 7G,  Windows 10 , 64 bit Build 19041 (10.0.19041.4842)
Time: Thu Oct  3 12:10:26 2024 SE Asia Standard Time elapsed time: 10.058467 seconds (0d 0h 0m 10s)

---------------  T H R E A D  ---------------

Current thread (0x0000017c630aa840):  JavaThread "C2 CompilerThread1" daemon [_thread_in_native, id=16948, stack(0x00000045d8400000,0x00000045d8500000)]


Current CompileTask:
C2:  10058 4825       4       jdk.internal.org.objectweb.asm.Frame::execute (2305 bytes)

Stack: [0x00000045d8400000,0x00000045d8500000]
Native frames: (J=compiled Java code, j=interpreted, Vv=VM code, C=native code)
V  [jvm.dll+0x687bb9]
V  [jvm.dll+0x84142a]
V  [jvm.dll+0x8430ae]
V  [jvm.dll+0x843713]
V  [jvm.dll+0x24a35f]
V  [jvm.dll+0xac544]
V  [jvm.dll+0xacb8c]
V  [jvm.dll+0x369be2]
V  [jvm.dll+0x33416a]
V  [jvm.dll+0x33360a]
V  [jvm.dll+0x21bed1]
V  [jvm.dll+0x21b311]
V  [jvm.dll+0x1a63ed]
V  [jvm.dll+0x22b1ee]
V  [jvm.dll+0x229375]
V  [jvm.dll+0x7f5647]
V  [jvm.dll+0x7efa4a]
V  [jvm.dll+0x686a35]
C  [ucrtbase.dll+0x21bb2]
C  [KERNEL32.DLL+0x17374]
C  [ntdll.dll+0x4cc91]


---------------  P R O C E S S  ---------------

Threads class SMR info:
_java_thread_list=0x0000017c63b9efe0, length=42, elements={
0x0000017c43c00550, 0x0000017c5d217620, 0x0000017c5d2183b0, 0x0000017c5d1fd980,
0x0000017c5d1fe250, 0x0000017c5d1ff2c0, 0x0000017c5d1ffb90, 0x0000017c5d200840,
0x0000017c5d2019a0, 0x0000017c5d378440, 0x0000017c5d17d5f0, 0x0000017c5d72d270,
0x0000017c646475c0, 0x0000017c646430c0, 0x0000017c6450db40, 0x0000017c637cea50,
0x0000017c63971fb0, 0x0000017c634dbb30, 0x0000017c634da1e0, 0x0000017c634db110,
0x0000017c634da6f0, 0x0000017c634dc040, 0x0000017c634dc550, 0x0000017c634dac00,
0x0000017c634db620, 0x0000017c634dca60, 0x0000017c634dcf70, 0x0000017c634d97c0,
0x0000017c640ce000, 0x0000017c640d0880, 0x0000017c640d21d0, 0x0000017c640ccbc0,
0x0000017c640d0d90, 0x0000017c640d4540, 0x0000017c640d1cc0, 0x0000017c640ce510,
0x0000017c640d12a0, 0x0000017c640d3b20, 0x0000017c640d17b0, 0x0000017c640cd0d0,
0x0000017c640cd5e0, 0x0000017c630aa840
}

Java Threads: ( => current thread )
  0x0000017c43c00550 JavaThread "main" [_thread_blocked, id=5764, stack(0x00000045d7100000,0x00000045d7200000)]
  0x0000017c5d217620 JavaThread "Reference Handler" daemon [_thread_blocked, id=18252, stack(0x00000045d7800000,0x00000045d7900000)]
  0x0000017c5d2183b0 JavaThread "Finalizer" daemon [_thread_blocked, id=18264, stack(0x00000045d7900000,0x00000045d7a00000)]
  0x0000017c5d1fd980 JavaThread "Signal Dispatcher" daemon [_thread_blocked, id=8044, stack(0x00000045d7a00000,0x00000045d7b00000)]
  0x0000017c5d1fe250 JavaThread "Attach Listener" daemon [_thread_blocked, id=10348, stack(0x00000045d7b00000,0x00000045d7c00000)]
  0x0000017c5d1ff2c0 JavaThread "Service Thread" daemon [_thread_blocked, id=8568, stack(0x00000045d7c00000,0x00000045d7d00000)]
  0x0000017c5d1ffb90 JavaThread "Monitor Deflation Thread" daemon [_thread_blocked, id=10048, stack(0x00000045d7d00000,0x00000045d7e00000)]
  0x0000017c5d200840 JavaThread "C2 CompilerThread0" daemon [_thread_in_native, id=15752, stack(0x00000045d7e00000,0x00000045d7f00000)]
  0x0000017c5d2019a0 JavaThread "C1 CompilerThread0" daemon [_thread_blocked, id=3696, stack(0x00000045d7f00000,0x00000045d8000000)]
  0x0000017c5d378440 JavaThread "Sweeper thread" daemon [_thread_blocked, id=14548, stack(0x00000045d8000000,0x00000045d8100000)]
  0x0000017c5d17d5f0 JavaThread "Common-Cleaner" daemon [_thread_blocked, id=15808, stack(0x00000045d8100000,0x00000045d8200000)]
  0x0000017c5d72d270 JavaThread "Notification Thread" daemon [_thread_blocked, id=8948, stack(0x00000045d8200000,0x00000045d8300000)]
  0x0000017c646475c0 JavaThread "Daemon health stats" [_thread_blocked, id=4984, stack(0x00000045d8800000,0x00000045d8900000)]
  0x0000017c646430c0 JavaThread "Incoming local TCP Connector on port 59055" [_thread_in_native, id=12572, stack(0x00000045d8900000,0x00000045d8a00000)]
  0x0000017c6450db40 JavaThread "Daemon periodic checks" [_thread_blocked, id=15904, stack(0x00000045d8a00000,0x00000045d8b00000)]
  0x0000017c637cea50 JavaThread "Daemon" [_thread_blocked, id=7908, stack(0x00000045d8b00000,0x00000045d8c00000)]
  0x0000017c63971fb0 JavaThread "Handler for socket connection from /127.0.0.1:59055 to /127.0.0.1:59056" [_thread_in_native, id=16348, stack(0x00000045d8c00000,0x00000045d8d00000)]
  0x0000017c634dbb30 JavaThread "Cancel handler" [_thread_blocked, id=12960, stack(0x00000045d8d00000,0x00000045d8e00000)]
  0x0000017c634da1e0 JavaThread "Daemon worker" [_thread_in_vm, id=16464, stack(0x00000045d8e00000,0x00000045d8f00000)]
  0x0000017c634db110 JavaThread "Asynchronous log dispatcher for DefaultDaemonConnection: socket connection from /127.0.0.1:59055 to /127.0.0.1:59056" [_thread_blocked, id=17624, stack(0x00000045d8f00000,0x00000045d9000000)]
  0x0000017c634da6f0 JavaThread "Stdin handler" [_thread_blocked, id=660, stack(0x00000045d9000000,0x00000045d9100000)]
  0x0000017c634dc040 JavaThread "Daemon client event forwarder" [_thread_blocked, id=12636, stack(0x00000045d9100000,0x00000045d9200000)]
  0x0000017c634dc550 JavaThread "Cache worker for journal cache (C:\Users\Thao\.gradle\caches\journal-1)" [_thread_blocked, id=16304, stack(0x00000045d9200000,0x00000045d9300000)]
  0x0000017c634dac00 JavaThread "File lock request listener" [_thread_in_native, id=11952, stack(0x00000045d9300000,0x00000045d9400000)]
  0x0000017c634db620 JavaThread "Cache worker for file hash cache (C:\Users\Thao\.gradle\caches\8.7\fileHashes)" [_thread_blocked, id=11428, stack(0x00000045d9400000,0x00000045d9500000)]
  0x0000017c634dca60 JavaThread "Cache worker for file hash cache (D:\android\New folder\Prac03\.gradle\8.7\fileHashes)" [_thread_blocked, id=17544, stack(0x00000045d9500000,0x00000045d9600000)]
  0x0000017c634dcf70 JavaThread "File watcher server" daemon [_thread_in_native, id=14748, stack(0x00000045d9600000,0x00000045d9700000)]
  0x0000017c634d97c0 JavaThread "File watcher consumer" daemon [_thread_blocked, id=6496, stack(0x00000045d9700000,0x00000045d9800000)]
  0x0000017c640ce000 JavaThread "jar transforms" [_thread_blocked, id=18344, stack(0x00000045d9800000,0x00000045d9900000)]
  0x0000017c640d0880 JavaThread "jar transforms Thread 2" [_thread_blocked, id=8588, stack(0x00000045d9900000,0x00000045d9a00000)]
  0x0000017c640d21d0 JavaThread "jar transforms Thread 3" [_thread_blocked, id=564, stack(0x00000045d9a00000,0x00000045d9b00000)]
  0x0000017c640ccbc0 JavaThread "jar transforms Thread 4" [_thread_blocked, id=12016, stack(0x00000045d9b00000,0x00000045d9c00000)]
  0x0000017c640d0d90 JavaThread "Cache worker for checksums cache (D:\android\New folder\Prac03\.gradle\8.7\checksums)" [_thread_blocked, id=17488, stack(0x00000045d9c00000,0x00000045d9d00000)]
  0x0000017c640d4540 JavaThread "Cache worker for cache directory md-supplier (C:\Users\Thao\.gradle\caches\8.7\md-supplier)" [_thread_blocked, id=16432, stack(0x00000045d9d00000,0x00000045d9e00000)]
  0x0000017c640d1cc0 JavaThread "Cache worker for cache directory md-rule (C:\Users\Thao\.gradle\caches\8.7\md-rule)" [_thread_blocked, id=13700, stack(0x00000045d9e00000,0x00000045d9f00000)]
  0x0000017c640ce510 JavaThread "Cache worker for file content cache (C:\Users\Thao\.gradle\caches\8.7\fileContent)" [_thread_blocked, id=10028, stack(0x00000045d9f00000,0x00000045da000000)]
  0x0000017c640d12a0 JavaThread "Unconstrained build operations" [_thread_blocked, id=16516, stack(0x00000045da000000,0x00000045da100000)]
  0x0000017c640d3b20 JavaThread "Unconstrained build operations Thread 2" [_thread_blocked, id=16980, stack(0x00000045da100000,0x00000045da200000)]
  0x0000017c640d17b0 JavaThread "Unconstrained build operations Thread 3" [_thread_blocked, id=10068, stack(0x00000045da200000,0x00000045da300000)]
  0x0000017c640cd0d0 JavaThread "Unconstrained build operations Thread 4" [_thread_blocked, id=3956, stack(0x00000045da300000,0x00000045da400000)]
  0x0000017c640cd5e0 JavaThread "Unconstrained build operations Thread 5" [_thread_blocked, id=5296, stack(0x00000045da400000,0x00000045da500000)]
=>0x0000017c630aa840 JavaThread "C2 CompilerThread1" daemon [_thread_in_native, id=16948, stack(0x00000045d8400000,0x00000045d8500000)]

Other Threads:
  0x0000017c5d19db30 VMThread "VM Thread" [stack: 0x00000045d7700000,0x00000045d7800000] [id=7552]
  0x0000017c5d6c09f0 WatcherThread [stack: 0x00000045d8300000,0x00000045d8400000] [id=1488]
  0x0000017c43c622b0 GCTaskThread "GC Thread#0" [stack: 0x00000045d7200000,0x00000045d7300000] [id=9392]
  0x0000017c6232fea0 GCTaskThread "GC Thread#1" [stack: 0x00000045d8500000,0x00000045d8600000] [id=2084]
  0x0000017c62342210 GCTaskThread "GC Thread#2" [stack: 0x00000045d8600000,0x00000045d8700000] [id=8028]
  0x0000017c6296ac40 GCTaskThread "GC Thread#3" [stack: 0x00000045d8700000,0x00000045d8800000] [id=9176]
  0x0000017c43c73110 ConcurrentGCThread "G1 Main Marker" [stack: 0x00000045d7300000,0x00000045d7400000] [id=14848]
  0x0000017c43c741e0 ConcurrentGCThread "G1 Conc#0" [stack: 0x00000045d7400000,0x00000045d7500000] [id=5664]
  0x0000017c5d0530d0 ConcurrentGCThread "G1 Refine#0" [stack: 0x00000045d7500000,0x00000045d7600000] [id=9736]
  0x0000017c5d053a10 ConcurrentGCThread "G1 Service" [stack: 0x00000045d7600000,0x00000045d7700000] [id=3976]

Threads with active compile tasks:
C2 CompilerThread0    10106 4763   !   4       java.net.URLClassLoader::findClass (47 bytes)
C2 CompilerThread1    10106 4825       4       jdk.internal.org.objectweb.asm.Frame::execute (2305 bytes)

VM state: not at safepoint (normal execution)

VM Mutex/Monitor currently owned by a thread: None

Heap address: 0x0000000080000000, size: 2048 MB, Compressed Oops mode: 32-bit

CDS archive(s) not mapped
Compressed class space mapped at: 0x0000000100000000-0x0000000140000000, reserved size: 1073741824
Narrow klass base: 0x0000000000000000, Narrow klass shift: 3, Narrow klass range: 0x140000000

GC Precious Log:
 CPUs: 4 total, 4 available
 Memory: 8077M
 Large Page Support: Disabled
 NUMA Support: Disabled
 Compressed Oops: Enabled (32-bit)
 Heap Region Size: 1M
 Heap Min Capacity: 8M
 Heap Initial Capacity: 128M
 Heap Max Capacity: 2G
 Pre-touch: Disabled
 Parallel Workers: 4
 Concurrent Workers: 1
 Concurrent Refinement Workers: 4
 Periodic GC: Disabled

Heap:
 garbage-first heap   total 126976K, used 83994K [0x0000000080000000, 0x0000000100000000)
  region size 1024K, 17 young (17408K), 1 survivors (1024K)
 Metaspace       used 53797K, committed 54400K, reserved 1114112K
  class space    used 7203K, committed 7488K, reserved 1048576K

Heap Regions: E=young(eden), S=young(survivor), O=old, HS=humongous(starts), HC=humongous(continues), CS=collection set, F=free, OA=open archive, CA=closed archive, TAMS=top-at-mark-start (previous, next)
|   0|0x0000000080000000, 0x0000000080100000, 0x0000000080100000|100%| O|  |TAMS 0x0000000080100000, 0x0000000080000000| Untracked 
|   1|0x0000000080100000, 0x0000000080200000, 0x0000000080200000|100%| O|  |TAMS 0x0000000080200000, 0x0000000080100000| Untracked 
|   2|0x0000000080200000, 0x0000000080300000, 0x0000000080300000|100%|HS|  |TAMS 0x0000000080300000, 0x0000000080200000| Complete 
|   3|0x0000000080300000, 0x0000000080400000, 0x0000000080400000|100%|HC|  |TAMS 0x0000000080400000, 0x0000000080300000| Complete 
|   4|0x0000000080400000, 0x0000000080500000, 0x0000000080500000|100%|HC|  |TAMS 0x0000000080500000, 0x0000000080400000| Complete 
|   5|0x0000000080500000, 0x0000000080600000, 0x0000000080600000|100%|HC|  |TAMS 0x0000000080600000, 0x0000000080500000| Complete 
|   6|0x0000000080600000, 0x0000000080700000, 0x0000000080700000|100%| O|  |TAMS 0x0000000080700000, 0x0000000080600000| Untracked 
|   7|0x0000000080700000, 0x0000000080800000, 0x0000000080800000|100%| O|  |TAMS 0x0000000080800000, 0x0000000080700000| Untracked 
|   8|0x0000000080800000, 0x0000000080900000, 0x0000000080900000|100%| O|  |TAMS 0x0000000080900000, 0x0000000080800000| Untracked 
|   9|0x0000000080900000, 0x0000000080a00000, 0x0000000080a00000|100%| O|  |TAMS 0x0000000080a00000, 0x0000000080900000| Untracked 
|  10|0x0000000080a00000, 0x0000000080a00000, 0x0000000080b00000|  0%| F|  |TAMS 0x0000000080a00000, 0x0000000080a00000| Untracked 
|  11|0x0000000080b00000, 0x0000000080c00000, 0x0000000080c00000|100%| O|  |TAMS 0x0000000080c00000, 0x0000000080b00000| Untracked 
|  12|0x0000000080c00000, 0x0000000080d00000, 0x0000000080d00000|100%| O|  |TAMS 0x0000000080d00000, 0x0000000080c00000| Untracked 
|  13|0x0000000080d00000, 0x0000000080e00000, 0x0000000080e00000|100%| O|  |TAMS 0x0000000080e00000, 0x0000000080d00000| Untracked 
|  14|0x0000000080e00000, 0x0000000080f00000, 0x0000000080f00000|100%| O|  |TAMS 0x0000000080f00000, 0x0000000080e00000| Untracked 
|  15|0x0000000080f00000, 0x0000000081000000, 0x0000000081000000|100%| O|  |TAMS 0x0000000081000000, 0x0000000080f00000| Untracked 
|  16|0x0000000081000000, 0x0000000081100000, 0x0000000081100000|100%| O|  |TAMS 0x0000000081100000, 0x0000000081000000| Untracked 
|  17|0x0000000081100000, 0x0000000081200000, 0x0000000081200000|100%| O|  |TAMS 0x0000000081200000, 0x0000000081100000| Untracked 
|  18|0x0000000081200000, 0x0000000081300000, 0x0000000081300000|100%| O|  |TAMS 0x0000000081300000, 0x0000000081200000| Untracked 
|  19|0x0000000081300000, 0x0000000081400000, 0x0000000081400000|100%| O|  |TAMS 0x0000000081400000, 0x0000000081300000| Untracked 
|  20|0x0000000081400000, 0x0000000081500000, 0x0000000081500000|100%|HS|  |TAMS 0x0000000081500000, 0x0000000081400000| Complete 
|  21|0x0000000081500000, 0x0000000081600000, 0x0000000081600000|100%|HC|  |TAMS 0x0000000081600000, 0x0000000081500000| Complete 
|  22|0x0000000081600000, 0x0000000081700000, 0x0000000081700000|100%|HC|  |TAMS 0x0000000081700000, 0x0000000081600000| Complete 
|  23|0x0000000081700000, 0x0000000081800000, 0x0000000081800000|100%|HC|  |TAMS 0x0000000081800000, 0x0000000081700000| Complete 
|  24|0x0000000081800000, 0x0000000081900000, 0x0000000081900000|100%|HC|  |TAMS 0x0000000081900000, 0x0000000081800000| Complete 
|  25|0x0000000081900000, 0x0000000081a00000, 0x0000000081a00000|100%|HS|  |TAMS 0x0000000081a00000, 0x0000000081900000| Complete 
|  26|0x0000000081a00000, 0x0000000081b00000, 0x0000000081b00000|100%|HC|  |TAMS 0x0000000081b00000, 0x0000000081a00000| Complete 
|  27|0x0000000081b00000, 0x0000000081c00000, 0x0000000081c00000|100%|HC|  |TAMS 0x0000000081c00000, 0x0000000081b00000| Complete 
|  28|0x0000000081c00000, 0x0000000081d00000, 0x0000000081d00000|100%|HS|  |TAMS 0x0000000081d00000, 0x0000000081c00000| Complete 
|  29|0x0000000081d00000, 0x0000000081e00000, 0x0000000081e00000|100%|HC|  |TAMS 0x0000000081e00000, 0x0000000081d00000| Complete 
|  30|0x0000000081e00000, 0x0000000081f00000, 0x0000000081f00000|100%|HC|  |TAMS 0x0000000081f00000, 0x0000000081e00000| Complete 
|  31|0x0000000081f00000, 0x0000000082000000, 0x0000000082000000|100%| O|  |TAMS 0x0000000082000000, 0x0000000081f00000| Untracked 
|  32|0x0000000082000000, 0x0000000082100000, 0x0000000082100000|100%| O|  |TAMS 0x0000000082100000, 0x0000000082000000| Untracked 
|  33|0x0000000082100000, 0x0000000082200000, 0x0000000082200000|100%|HS|  |TAMS 0x0000000082200000, 0x0000000082100000| Complete 
|  34|0x0000000082200000, 0x0000000082300000, 0x0000000082300000|100%| O|  |TAMS 0x0000000082300000, 0x0000000082200000| Untracked 
|  35|0x0000000082300000, 0x0000000082400000, 0x0000000082400000|100%| O|  |TAMS 0x0000000082400000, 0x0000000082300000| Untracked 
|  36|0x0000000082400000, 0x0000000082500000, 0x0000000082500000|100%| O|  |TAMS 0x0000000082500000, 0x0000000082400000| Untracked 
|  37|0x0000000082500000, 0x0000000082600000, 0x0000000082600000|100%| O|  |TAMS 0x0000000082600000, 0x0000000082500000| Untracked 
|  38|0x0000000082600000, 0x0000000082700000, 0x0000000082700000|100%| O|  |TAMS 0x0000000082700000, 0x0000000082600000| Untracked 
|  39|0x0000000082700000, 0x0000000082800000, 0x0000000082800000|100%| O|  |TAMS 0x0000000082800000, 0x0000000082700000| Untracked 
|  40|0x0000000082800000, 0x0000000082900000, 0x0000000082900000|100%| O|  |TAMS 0x0000000082900000, 0x0000000082800000| Untracked 
|  41|0x0000000082900000, 0x0000000082a00000, 0x0000000082a00000|100%| O|  |TAMS 0x0000000082a00000, 0x0000000082900000| Untracked 
|  42|0x0000000082a00000, 0x0000000082b00000, 0x0000000082b00000|100%| O|  |TAMS 0x0000000082b00000, 0x0000000082a00000| Untracked 
|  43|0x0000000082b00000, 0x0000000082c00000, 0x0000000082c00000|100%| O|  |TAMS 0x0000000082c00000, 0x0000000082b00000| Untracked 
|  44|0x0000000082c00000, 0x0000000082d00000, 0x0000000082d00000|100%| O|  |TAMS 0x0000000082d00000, 0x0000000082c00000| Untracked 
|  45|0x0000000082d00000, 0x0000000082e00000, 0x0000000082e00000|100%| O|  |TAMS 0x0000000082e00000, 0x0000000082d00000| Untracked 
|  46|0x0000000082e00000, 0x0000000082f00000, 0x0000000082f00000|100%|HS|  |TAMS 0x0000000082f00000, 0x0000000082e00000| Complete 
|  47|0x0000000082f00000, 0x0000000083000000, 0x0000000083000000|100%|HC|  |TAMS 0x0000000083000000, 0x0000000082f00000| Complete 
|  48|0x0000000083000000, 0x0000000083100000, 0x0000000083100000|100%|HC|  |TAMS 0x0000000083100000, 0x0000000083000000| Complete 
|  49|0x0000000083100000, 0x0000000083200000, 0x0000000083200000|100%|HS|  |TAMS 0x0000000083200000, 0x0000000083100000| Complete 
|  50|0x0000000083200000, 0x0000000083300000, 0x0000000083300000|100%|HC|  |TAMS 0x0000000083300000, 0x0000000083200000| Complete 
|  51|0x0000000083300000, 0x0000000083400000, 0x0000000083400000|100%|HC|  |TAMS 0x0000000083400000, 0x0000000083300000| Complete 
|  52|0x0000000083400000, 0x0000000083500000, 0x0000000083500000|100%|HC|  |TAMS 0x0000000083500000, 0x0000000083400000| Complete 
|  53|0x0000000083500000, 0x0000000083600000, 0x0000000083600000|100%|HC|  |TAMS 0x0000000083600000, 0x0000000083500000| Complete 
|  54|0x0000000083600000, 0x0000000083700000, 0x0000000083700000|100%| O|  |TAMS 0x0000000083700000, 0x0000000083600000| Untracked 
|  55|0x0000000083700000, 0x0000000083800000, 0x0000000083800000|100%| O|  |TAMS 0x0000000083800000, 0x0000000083700000| Untracked 
|  56|0x0000000083800000, 0x0000000083900000, 0x0000000083900000|100%| O|  |TAMS 0x0000000083900000, 0x0000000083800000| Untracked 
|  57|0x0000000083900000, 0x0000000083a00000, 0x0000000083a00000|100%| O|  |TAMS 0x000000008399fc00, 0x0000000083900000| Untracked 
|  58|0x0000000083a00000, 0x0000000083b00000, 0x0000000083b00000|100%|HS|  |TAMS 0x0000000083b00000, 0x0000000083a00000| Complete 
|  59|0x0000000083b00000, 0x0000000083c00000, 0x0000000083c00000|100%|HC|  |TAMS 0x0000000083c00000, 0x0000000083b00000| Complete 
|  60|0x0000000083c00000, 0x0000000083d00000, 0x0000000083d00000|100%|HC|  |TAMS 0x0000000083d00000, 0x0000000083c00000| Complete 
|  61|0x0000000083d00000, 0x0000000083e00000, 0x0000000083e00000|100%|HC|  |TAMS 0x0000000083e00000, 0x0000000083d00000| Complete 
|  62|0x0000000083e00000, 0x0000000083f00000, 0x0000000083f00000|100%|HC|  |TAMS 0x0000000083f00000, 0x0000000083e00000| Complete 
|  63|0x0000000083f00000, 0x0000000084000000, 0x0000000084000000|100%| O|  |TAMS 0x0000000083f00000, 0x0000000083f00000| Untracked 
|  64|0x0000000084000000, 0x0000000084100000, 0x0000000084100000|100%| O|  |TAMS 0x0000000084000000, 0x0000000084000000| Untracked 
|  65|0x0000000084100000, 0x0000000084200000, 0x0000000084200000|100%| O|  |TAMS 0x0000000084100000, 0x0000000084100000| Untracked 
|  66|0x0000000084200000, 0x0000000084300000, 0x0000000084300000|100%| O|  |TAMS 0x0000000084200000, 0x0000000084200000| Untracked 
|  67|0x0000000084300000, 0x00000000843df400, 0x0000000084400000| 87%| O|  |TAMS 0x0000000084300000, 0x0000000084300000| Untracked 
|  68|0x0000000084400000, 0x0000000084400000, 0x0000000084500000|  0%| F|  |TAMS 0x0000000084400000, 0x0000000084400000| Untracked 
|  69|0x0000000084500000, 0x0000000084500000, 0x0000000084600000|  0%| F|  |TAMS 0x0000000084500000, 0x0000000084500000| Untracked 
|  70|0x0000000084600000, 0x0000000084600000, 0x0000000084700000|  0%| F|  |TAMS 0x0000000084600000, 0x0000000084600000| Untracked 
|  71|0x0000000084700000, 0x0000000084700000, 0x0000000084800000|  0%| F|  |TAMS 0x0000000084700000, 0x0000000084700000| Untracked 
|  72|0x0000000084800000, 0x0000000084800000, 0x0000000084900000|  0%| F|  |TAMS 0x0000000084800000, 0x0000000084800000| Untracked 
|  73|0x0000000084900000, 0x0000000084900000, 0x0000000084a00000|  0%| F|  |TAMS 0x0000000084900000, 0x0000000084900000| Untracked 
|  74|0x0000000084a00000, 0x0000000084a00000, 0x0000000084b00000|  0%| F|  |TAMS 0x0000000084a00000, 0x0000000084a00000| Untracked 
|  75|0x0000000084b00000, 0x0000000084b00000, 0x0000000084c00000|  0%| F|  |TAMS 0x0000000084b00000, 0x0000000084b00000| Untracked 
|  76|0x0000000084c00000, 0x0000000084c00000, 0x0000000084d00000|  0%| F|  |TAMS 0x0000000084c00000, 0x0000000084c00000| Untracked 
|  77|0x0000000084d00000, 0x0000000084d00000, 0x0000000084e00000|  0%| F|  |TAMS 0x0000000084d00000, 0x0000000084d00000| Untracked 
|  78|0x0000000084e00000, 0x0000000084e00000, 0x0000000084f00000|  0%| F|  |TAMS 0x0000000084e00000, 0x0000000084e00000| Untracked 
|  79|0x0000000084f00000, 0x0000000084f00000, 0x0000000085000000|  0%| F|  |TAMS 0x0000000084f00000, 0x0000000084f00000| Untracked 
|  80|0x0000000085000000, 0x0000000085000000, 0x0000000085100000|  0%| F|  |TAMS 0x0000000085000000, 0x0000000085000000| Untracked 
|  81|0x0000000085100000, 0x0000000085100000, 0x0000000085200000|  0%| F|  |TAMS 0x0000000085100000, 0x0000000085100000| Untracked 
|  82|0x0000000085200000, 0x0000000085200000, 0x0000000085300000|  0%| F|  |TAMS 0x0000000085200000, 0x0000000085200000| Untracked 
|  83|0x0000000085300000, 0x0000000085300000, 0x0000000085400000|  0%| F|  |TAMS 0x0000000085300000, 0x0000000085300000| Untracked 
|  84|0x0000000085400000, 0x0000000085400000, 0x0000000085500000|  0%| F|  |TAMS 0x0000000085400000, 0x0000000085400000| Untracked 
|  85|0x0000000085500000, 0x0000000085500000, 0x0000000085600000|  0%| F|  |TAMS 0x0000000085500000, 0x0000000085500000| Untracked 
|  86|0x0000000085600000, 0x0000000085600000, 0x0000000085700000|  0%| F|  |TAMS 0x0000000085600000, 0x0000000085600000| Untracked 
|  87|0x0000000085700000, 0x0000000085700000, 0x0000000085800000|  0%| F|  |TAMS 0x0000000085700000, 0x0000000085700000| Untracked 
|  88|0x0000000085800000, 0x0000000085800000, 0x0000000085900000|  0%| F|  |TAMS 0x0000000085800000, 0x0000000085800000| Untracked 
|  89|0x0000000085900000, 0x0000000085900000, 0x0000000085a00000|  0%| F|  |TAMS 0x0000000085900000, 0x0000000085900000| Untracked 
|  90|0x0000000085a00000, 0x0000000085a00000, 0x0000000085b00000|  0%| F|  |TAMS 0x0000000085a00000, 0x0000000085a00000| Untracked 
|  91|0x0000000085b00000, 0x0000000085b00000, 0x0000000085c00000|  0%| F|  |TAMS 0x0000000085b00000, 0x0000000085b00000| Untracked 
|  92|0x0000000085c00000, 0x0000000085c00000, 0x0000000085d00000|  0%| F|  |TAMS 0x0000000085c00000, 0x0000000085c00000| Untracked 
|  93|0x0000000085d00000, 0x0000000085d00000, 0x0000000085e00000|  0%| F|  |TAMS 0x0000000085d00000, 0x0000000085d00000| Untracked 
|  94|0x0000000085e00000, 0x0000000085e00000, 0x0000000085f00000|  0%| F|  |TAMS 0x0000000085e00000, 0x0000000085e00000| Untracked 
|  95|0x0000000085f00000, 0x0000000085f00000, 0x0000000086000000|  0%| F|  |TAMS 0x0000000085f00000, 0x0000000085f00000| Untracked 
|  96|0x0000000086000000, 0x0000000086000000, 0x0000000086100000|  0%| F|  |TAMS 0x0000000086000000, 0x0000000086000000| Untracked 
|  97|0x0000000086100000, 0x0000000086100000, 0x0000000086200000|  0%| F|  |TAMS 0x0000000086100000, 0x0000000086100000| Untracked 
|  98|0x0000000086200000, 0x0000000086200000, 0x0000000086300000|  0%| F|  |TAMS 0x0000000086200000, 0x0000000086200000| Untracked 
|  99|0x0000000086300000, 0x0000000086300000, 0x0000000086400000|  0%| F|  |TAMS 0x0000000086300000, 0x0000000086300000| Untracked 
| 100|0x0000000086400000, 0x0000000086400000, 0x0000000086500000|  0%| F|  |TAMS 0x0000000086400000, 0x0000000086400000| Untracked 
| 101|0x0000000086500000, 0x0000000086500000, 0x0000000086600000|  0%| F|  |TAMS 0x0000000086500000, 0x0000000086500000| Untracked 
| 102|0x0000000086600000, 0x0000000086600000, 0x0000000086700000|  0%| F|  |TAMS 0x0000000086600000, 0x0000000086600000| Untracked 
| 103|0x0000000086700000, 0x0000000086700000, 0x0000000086800000|  0%| F|  |TAMS 0x0000000086700000, 0x0000000086700000| Untracked 
| 104|0x0000000086800000, 0x0000000086800000, 0x0000000086900000|  0%| F|  |TAMS 0x0000000086800000, 0x0000000086800000| Untracked 
| 105|0x0000000086900000, 0x0000000086900000, 0x0000000086a00000|  0%| F|  |TAMS 0x0000000086900000, 0x0000000086900000| Untracked 
| 106|0x0000000086a00000, 0x0000000086a00000, 0x0000000086b00000|  0%| F|  |TAMS 0x0000000086a00000, 0x0000000086a00000| Untracked 
| 107|0x0000000086b00000, 0x0000000086bd5af0, 0x0000000086c00000| 83%| E|  |TAMS 0x0000000086b00000, 0x0000000086b00000| Complete 
| 108|0x0000000086c00000, 0x0000000086d00000, 0x0000000086d00000|100%| E|CS|TAMS 0x0000000086c00000, 0x0000000086c00000| Complete 
| 109|0x0000000086d00000, 0x0000000086e00000, 0x0000000086e00000|100%| E|CS|TAMS 0x0000000086d00000, 0x0000000086d00000| Complete 
| 110|0x0000000086e00000, 0x0000000086f00000, 0x0000000086f00000|100%| E|CS|TAMS 0x0000000086e00000, 0x0000000086e00000| Complete 
| 111|0x0000000086f00000, 0x0000000087000000, 0x0000000087000000|100%| E|CS|TAMS 0x0000000086f00000, 0x0000000086f00000| Complete 
| 112|0x0000000087000000, 0x0000000087100000, 0x0000000087100000|100%| E|CS|TAMS 0x0000000087000000, 0x0000000087000000| Complete 
| 113|0x0000000087100000, 0x0000000087200000, 0x0000000087200000|100%| E|CS|TAMS 0x0000000087100000, 0x0000000087100000| Complete 
| 114|0x0000000087200000, 0x0000000087300000, 0x0000000087300000|100%| E|CS|TAMS 0x0000000087200000, 0x0000000087200000| Complete 
| 115|0x0000000087300000, 0x0000000087400000, 0x0000000087400000|100%| E|CS|TAMS 0x0000000087300000, 0x0000000087300000| Complete 
| 116|0x0000000087400000, 0x0000000087500000, 0x0000000087500000|100%| E|CS|TAMS 0x0000000087400000, 0x0000000087400000| Complete 
| 117|0x0000000087500000, 0x0000000087600000, 0x0000000087600000|100%| E|CS|TAMS 0x0000000087500000, 0x0000000087500000| Complete 
| 118|0x0000000087600000, 0x0000000087700000, 0x0000000087700000|100%| E|CS|TAMS 0x0000000087600000, 0x0000000087600000| Complete 
| 119|0x0000000087700000, 0x0000000087800000, 0x0000000087800000|100%| E|CS|TAMS 0x0000000087700000, 0x0000000087700000| Complete 
| 120|0x0000000087800000, 0x0000000087827560, 0x0000000087900000| 15%| S|CS|TAMS 0x0000000087800000, 0x0000000087800000| Complete 
| 121|0x0000000087900000, 0x0000000087a00000, 0x0000000087a00000|100%| E|CS|TAMS 0x0000000087900000, 0x0000000087900000| Complete 
| 122|0x0000000087a00000, 0x0000000087b00000, 0x0000000087b00000|100%| E|CS|TAMS 0x0000000087a00000, 0x0000000087a00000| Complete 
| 127|0x0000000087f00000, 0x0000000088000000, 0x0000000088000000|100%| E|CS|TAMS 0x0000000087f00000, 0x0000000087f00000| Complete 

Card table byte_map: [0x0000017c564e0000,0x0000017c568e0000] _byte_map_base: 0x0000017c560e0000

Marking Bits (Prev, Next): (CMBitMap*) 0x0000017c43c62820, (CMBitMap*) 0x0000017c43c627e0
 Prev Bits: [0x0000017c58ce0000, 0x0000017c5ace0000)
 Next Bits: [0x0000017c56ce0000, 0x0000017c58ce0000)

Polling page: 0x0000017c41ad0000

Metaspace:

Usage:
  Non-class:     45.53 MB used.
      Class:      7.06 MB used.
       Both:     52.58 MB used.

Virtual space:
  Non-class space:       64.00 MB reserved,      45.88 MB ( 72%) committed,  1 nodes.
      Class space:        1.00 GB reserved,       7.38 MB ( <1%) committed,  1 nodes.
             Both:        1.06 GB reserved,      53.25 MB (  5%) committed. 

Chunk freelists:
   Non-Class:  1.42 MB
       Class:  8.68 MB
        Both:  10.10 MB

MaxMetaspaceSize: unlimited
CompressedClassSpaceSize: 1.00 GB
Initial GC threshold: 21.00 MB
Current GC threshold: 85.25 MB
CDS: off
MetaspaceReclaimPolicy: balanced
 - commit_granule_bytes: 65536.
 - commit_granule_words: 8192.
 - virtual_space_node_default_size: 8388608.
 - enlarge_chunks_in_place: 1.
 - new_chunks_are_fully_committed: 0.
 - uncommit_free_chunks: 1.
 - use_allocation_guard: 0.
 - handle_deallocations: 1.


Internal statistics:

num_allocs_failed_limit: 3.
num_arena_births: 636.
num_arena_deaths: 0.
num_vsnodes_births: 2.
num_vsnodes_deaths: 0.
num_space_committed: 852.
num_space_uncommitted: 0.
num_chunks_returned_to_freelist: 3.
num_chunks_taken_from_freelist: 2449.
num_chunk_merges: 3.
num_chunk_splits: 1569.
num_chunks_enlarged: 1031.
num_inconsistent_stats: 0.

CodeHeap 'non-profiled nmethods': size=120000Kb used=2917Kb max_used=2917Kb free=117082Kb
 bounds [0x0000017c4ebb0000, 0x0000017c4ee90000, 0x0000017c560e0000]
CodeHeap 'profiled nmethods': size=120000Kb used=10389Kb max_used=10389Kb free=109610Kb
 bounds [0x0000017c470e0000, 0x0000017c47b10000, 0x0000017c4e610000]
CodeHeap 'non-nmethods': size=5760Kb used=2308Kb max_used=2345Kb free=3451Kb
 bounds [0x0000017c4e610000, 0x0000017c4e880000, 0x0000017c4ebb0000]
 total_blobs=5721 nmethods=4901 adapters=732
 compilation: enabled
              stopped_count=0, restarted_count=0
 full_count=0

Compilation events (20 events):
Event: 10.017 Thread 0x0000017c5d2019a0 4909       3       com.google.common.cache.LocalCache$AccessQueue::contains (23 bytes)
Event: 10.017 Thread 0x0000017c5d2019a0 nmethod 4909 0x0000017c47afc290 code [0x0000017c47afc440, 0x0000017c47afc768]
Event: 10.018 Thread 0x0000017c5d2019a0 4910       1       java.util.stream.Streams$AbstractStreamBuilderImpl::characteristics (4 bytes)
Event: 10.018 Thread 0x0000017c5d2019a0 nmethod 4910 0x0000017c4ee89190 code [0x0000017c4ee89320, 0x0000017c4ee893f8]
Event: 10.018 Thread 0x0000017c5d2019a0 4911       3       com.google.common.collect.ObjectArrays::checkElementsNotNull (7 bytes)
Event: 10.019 Thread 0x0000017c5d2019a0 nmethod 4911 0x0000017c47afc890 code [0x0000017c47afca40, 0x0000017c47afcc88]
Event: 10.019 Thread 0x0000017c5d2019a0 4912       3       com.google.common.collect.ImmutableList::construct (8 bytes)
Event: 10.020 Thread 0x0000017c5d2019a0 nmethod 4912 0x0000017c47afcd90 code [0x0000017c47afcf60, 0x0000017c47afd298]
Event: 10.024 Thread 0x0000017c5d2019a0 4913       3       java.security.AccessControlContext::combine (205 bytes)
Event: 10.025 Thread 0x0000017c5d2019a0 nmethod 4913 0x0000017c47afd410 code [0x0000017c47afd640, 0x0000017c47afe1d8]
Event: 10.028 Thread 0x0000017c5d2019a0 4914       3       org.gradle.internal.service.DefaultServiceRegistry::serviceRequested (42 bytes)
Event: 10.030 Thread 0x0000017c5d2019a0 nmethod 4914 0x0000017c47afe510 code [0x0000017c47afe8e0, 0x0000017c47b001d8]
Event: 10.031 Thread 0x0000017c5d2019a0 4916       3       org.gradle.internal.instantiation.generator.AsmBackedClassGenerator$ObjectCreationDetails::<init> (26 bytes)
Event: 10.031 Thread 0x0000017c5d2019a0 nmethod 4916 0x0000017c47b00b10 code [0x0000017c47b00cc0, 0x0000017c47b00f98]
Event: 10.031 Thread 0x0000017c5d2019a0 4915       3       org.gradle.internal.service.DefaultServiceRegistry::noLongerMutable (15 bytes)
Event: 10.032 Thread 0x0000017c5d2019a0 nmethod 4915 0x0000017c47b01090 code [0x0000017c47b01340, 0x0000017c47b02088]
Event: 10.032 Thread 0x0000017c5d2019a0 4917       3       com.google.common.collect.AbstractIterator::hasNext (65 bytes)
Event: 10.033 Thread 0x0000017c5d2019a0 nmethod 4917 0x0000017c47b02590 code [0x0000017c47b02780, 0x0000017c47b02b98]
Event: 10.033 Thread 0x0000017c5d2019a0 4918       3       java.util.concurrent.ConcurrentHashMap$Traverser::<init> (36 bytes)
Event: 10.033 Thread 0x0000017c5d2019a0 nmethod 4918 0x0000017c47b02d10 code [0x0000017c47b02ea0, 0x0000017c47b03098]

GC Heap History (20 events):
Event: 7.117 GC heap before
{Heap before GC invocations=13 (full 0):
 garbage-first heap   total 71680K, used 57026K [0x0000000080000000, 0x0000000100000000)
  region size 1024K, 18 young (18432K), 2 survivors (2048K)
 Metaspace       used 42794K, committed 43200K, reserved 1114112K
  class space    used 5823K, committed 6016K, reserved 1048576K
}
Event: 7.124 GC heap after
{Heap after GC invocations=14 (full 0):
 garbage-first heap   total 71680K, used 43494K [0x0000000080000000, 0x0000000100000000)
  region size 1024K, 3 young (3072K), 3 survivors (3072K)
 Metaspace       used 42794K, committed 43200K, reserved 1114112K
  class space    used 5823K, committed 6016K, reserved 1048576K
}
Event: 7.493 GC heap before
{Heap before GC invocations=15 (full 0):
 garbage-first heap   total 76800K, used 56806K [0x0000000080000000, 0x0000000100000000)
  region size 1024K, 17 young (17408K), 3 survivors (3072K)
 Metaspace       used 44642K, committed 45056K, reserved 1114112K
  class space    used 6028K, committed 6208K, reserved 1048576K
}
Event: 7.499 GC heap after
{Heap after GC invocations=16 (full 0):
 garbage-first heap   total 76800K, used 45410K [0x0000000080000000, 0x0000000100000000)
  region size 1024K, 2 young (2048K), 2 survivors (2048K)
 Metaspace       used 44642K, committed 45056K, reserved 1114112K
  class space    used 6028K, committed 6208K, reserved 1048576K
}
Event: 7.770 GC heap before
{Heap before GC invocations=16 (full 0):
 garbage-first heap   total 76800K, used 61794K [0x0000000080000000, 0x0000000100000000)
  region size 1024K, 18 young (18432K), 2 survivors (2048K)
 Metaspace       used 44936K, committed 45376K, reserved 1114112K
  class space    used 6063K, committed 6272K, reserved 1048576K
}
Event: 7.774 GC heap after
{Heap after GC invocations=17 (full 0):
 garbage-first heap   total 92160K, used 46260K [0x0000000080000000, 0x0000000100000000)
  region size 1024K, 2 young (2048K), 2 survivors (2048K)
 Metaspace       used 44936K, committed 45376K, reserved 1114112K
  class space    used 6063K, committed 6272K, reserved 1048576K
}
Event: 7.866 GC heap before
{Heap before GC invocations=18 (full 0):
 garbage-first heap   total 92160K, used 49332K [0x0000000080000000, 0x0000000100000000)
  region size 1024K, 6 young (6144K), 2 survivors (2048K)
 Metaspace       used 45133K, committed 45568K, reserved 1114112K
  class space    used 6076K, committed 6272K, reserved 1048576K
}
Event: 7.870 GC heap after
{Heap after GC invocations=19 (full 0):
 garbage-first heap   total 92160K, used 47543K [0x0000000080000000, 0x0000000100000000)
  region size 1024K, 2 young (2048K), 2 survivors (2048K)
 Metaspace       used 45133K, committed 45568K, reserved 1114112K
  class space    used 6076K, committed 6272K, reserved 1048576K
}
Event: 8.527 GC heap before
{Heap before GC invocations=20 (full 0):
 garbage-first heap   total 92160K, used 78263K [0x0000000080000000, 0x0000000100000000)
  region size 1024K, 28 young (28672K), 2 survivors (2048K)
 Metaspace       used 48879K, committed 49344K, reserved 1114112K
  class space    used 6557K, committed 6784K, reserved 1048576K
}
Event: 8.532 GC heap after
{Heap after GC invocations=21 (full 0):
 garbage-first heap   total 92160K, used 48284K [0x0000000080000000, 0x0000000100000000)
  region size 1024K, 4 young (4096K), 4 survivors (4096K)
 Metaspace       used 48879K, committed 49344K, reserved 1114112K
  class space    used 6557K, committed 6784K, reserved 1048576K
}
Event: 8.949 GC heap before
{Heap before GC invocations=21 (full 0):
 garbage-first heap   total 92160K, used 63644K [0x0000000080000000, 0x0000000100000000)
  region size 1024K, 20 young (20480K), 4 survivors (4096K)
 Metaspace       used 50251K, committed 50688K, reserved 1114112K
  class space    used 6784K, committed 6976K, reserved 1048576K
}
Event: 8.957 GC heap after
{Heap after GC invocations=22 (full 0):
 garbage-first heap   total 92160K, used 50492K [0x0000000080000000, 0x0000000100000000)
  region size 1024K, 4 young (4096K), 4 survivors (4096K)
 Metaspace       used 50251K, committed 50688K, reserved 1114112K
  class space    used 6784K, committed 6976K, reserved 1048576K
}
Event: 9.192 GC heap before
{Heap before GC invocations=23 (full 0):
 garbage-first heap   total 101376K, used 63804K [0x0000000080000000, 0x0000000100000000)
  region size 1024K, 11 young (11264K), 4 survivors (4096K)
 Metaspace       used 50499K, committed 51008K, reserved 1114112K
  class space    used 6831K, committed 7040K, reserved 1048576K
}
Event: 9.199 GC heap after
{Heap after GC invocations=24 (full 0):
 garbage-first heap   total 101376K, used 61076K [0x0000000080000000, 0x0000000100000000)
  region size 1024K, 3 young (3072K), 3 survivors (3072K)
 Metaspace       used 50499K, committed 51008K, reserved 1114112K
  class space    used 6831K, committed 7040K, reserved 1048576K
}
Event: 9.367 GC heap before
{Heap before GC invocations=25 (full 0):
 garbage-first heap   total 116736K, used 70292K [0x0000000080000000, 0x0000000100000000)
  region size 1024K, 9 young (9216K), 3 survivors (3072K)
 Metaspace       used 50849K, committed 51328K, reserved 1114112K
  class space    used 6856K, committed 7040K, reserved 1048576K
}
Event: 9.370 GC heap after
{Heap after GC invocations=26 (full 0):
 garbage-first heap   total 116736K, used 68342K [0x0000000080000000, 0x0000000100000000)
  region size 1024K, 2 young (2048K), 2 survivors (2048K)
 Metaspace       used 50849K, committed 51328K, reserved 1114112K
  class space    used 6856K, committed 7040K, reserved 1048576K
}
Event: 9.829 GC heap before
{Heap before GC invocations=27 (full 0):
 garbage-first heap   total 126976K, used 86774K [0x0000000080000000, 0x0000000100000000)
  region size 1024K, 18 young (18432K), 2 survivors (2048K)
 Metaspace       used 53126K, committed 53632K, reserved 1114112K
  class space    used 7089K, committed 7296K, reserved 1048576K
}
Event: 9.832 GC heap after
{Heap after GC invocations=28 (full 0):
 garbage-first heap   total 126976K, used 68617K [0x0000000080000000, 0x0000000100000000)
  region size 1024K, 3 young (3072K), 3 survivors (3072K)
 Metaspace       used 53126K, committed 53632K, reserved 1114112K
  class space    used 7089K, committed 7296K, reserved 1048576K
}
Event: 9.863 GC heap before
{Heap before GC invocations=28 (full 0):
 garbage-first heap   total 126976K, used 71689K [0x0000000080000000, 0x0000000100000000)
  region size 1024K, 6 young (6144K), 3 survivors (3072K)
 Metaspace       used 53164K, committed 53632K, reserved 1114112K
  class space    used 7097K, committed 7296K, reserved 1048576K
}
Event: 9.866 GC heap after
{Heap after GC invocations=29 (full 0):
 garbage-first heap   total 126976K, used 68634K [0x0000000080000000, 0x0000000100000000)
  region size 1024K, 1 young (1024K), 1 survivors (1024K)
 Metaspace       used 53164K, committed 53632K, reserved 1114112K
  class space    used 7097K, committed 7296K, reserved 1048576K
}

Dll operation events (3 events):
Event: 0.010 Loaded shared library C:\Program Files\Android\Android Studio\jbr\bin\java.dll
Event: 0.227 Loaded shared library C:\Program Files\Android\Android Studio\jbr\bin\zip.dll
Event: 0.662 Loaded shared library C:\Program Files\Android\Android Studio\jbr\bin\verify.dll

Deoptimization events (20 events):
Event: 9.429 Thread 0x0000017c634da1e0 Uncommon trap: trap_request=0xffffffcc fr.pc=0x0000017c4ee094cc relative=0x0000000000004dec
Event: 9.429 Thread 0x0000017c634da1e0 Uncommon trap: reason=intrinsic_or_type_checked_inlining action=make_not_entrant pc=0x0000017c4ee094cc method=java.util.ArrayList$SubList.toArray([Ljava/lang/Object;)[Ljava/lang/Object; @ 58 c2
Event: 9.429 Thread 0x0000017c634da1e0 DEOPT PACKING pc=0x0000017c4ee094cc sp=0x00000045d8ef69f0
Event: 9.429 Thread 0x0000017c634da1e0 DEOPT UNPACKING pc=0x0000017c4e6669a3 sp=0x00000045d8ef6968 mode 2
Event: 9.484 Thread 0x0000017c634da1e0 Uncommon trap: trap_request=0xffffff45 fr.pc=0x0000017c4ee453d0 relative=0x0000000000000230
Event: 9.484 Thread 0x0000017c634da1e0 Uncommon trap: reason=unstable_if action=reinterpret pc=0x0000017c4ee453d0 method=org.objectweb.asm.Label.resolve([BLorg/objectweb/asm/ByteVector;I)Z @ 81 c2
Event: 9.484 Thread 0x0000017c634da1e0 DEOPT PACKING pc=0x0000017c4ee453d0 sp=0x00000045d8ef26e0
Event: 9.484 Thread 0x0000017c634da1e0 DEOPT UNPACKING pc=0x0000017c4e6669a3 sp=0x00000045d8ef2650 mode 2
Event: 9.615 Thread 0x0000017c634da1e0 Uncommon trap: trap_request=0xffffff45 fr.pc=0x0000017c4ee70b5c relative=0x0000000000000e7c
Event: 9.615 Thread 0x0000017c634da1e0 Uncommon trap: reason=unstable_if action=reinterpret pc=0x0000017c4ee70b5c method=org.codehaus.groovy.runtime.metaclass.MetaMethodIndex.isOverridden(Lgroovy/lang/MetaMethod;Lgroovy/lang/MetaMethod;)Z @ 52 c2
Event: 9.615 Thread 0x0000017c634da1e0 DEOPT PACKING pc=0x0000017c4ee70b5c sp=0x00000045d8ef8120
Event: 9.615 Thread 0x0000017c634da1e0 DEOPT UNPACKING pc=0x0000017c4e6669a3 sp=0x00000045d8ef8078 mode 2
Event: 9.729 Thread 0x0000017c634da1e0 Uncommon trap: trap_request=0xffffff45 fr.pc=0x0000017c4ee35f14 relative=0x0000000000000414
Event: 9.729 Thread 0x0000017c634da1e0 Uncommon trap: reason=unstable_if action=reinterpret pc=0x0000017c4ee35f14 method=jdk.internal.org.objectweb.asm.Type.getArgumentsAndReturnSizes(Ljava/lang/String;)I @ 25 c2
Event: 9.729 Thread 0x0000017c634da1e0 DEOPT PACKING pc=0x0000017c4ee35f14 sp=0x00000045d8ef88c0
Event: 9.729 Thread 0x0000017c634da1e0 DEOPT UNPACKING pc=0x0000017c4e6669a3 sp=0x00000045d8ef8840 mode 2
Event: 9.729 Thread 0x0000017c634da1e0 Uncommon trap: trap_request=0xffffff45 fr.pc=0x0000017c4ee34f6c relative=0x000000000000048c
Event: 9.729 Thread 0x0000017c634da1e0 Uncommon trap: reason=unstable_if action=reinterpret pc=0x0000017c4ee34f6c method=jdk.internal.org.objectweb.asm.MethodWriter.visitVarInsn(II)V @ 230 c2
Event: 9.729 Thread 0x0000017c634da1e0 DEOPT PACKING pc=0x0000017c4ee34f6c sp=0x00000045d8ef8970
Event: 9.729 Thread 0x0000017c634da1e0 DEOPT UNPACKING pc=0x0000017c4e6669a3 sp=0x00000045d8ef8930 mode 2

Classes unloaded (0 events):
No events

Classes redefined (0 events):
No events

Internal exceptions (20 events):
Event: 9.664 Thread 0x0000017c634da1e0 Exception <a 'sun/nio/fs/WindowsException'{0x0000000087348d20}> (0x0000000087348d20) 
thrown [s\src\hotspot\share\prims\jni.cpp, line 531]
Event: 9.664 Thread 0x0000017c634da1e0 Exception <a 'sun/nio/fs/WindowsException'{0x000000008734a788}> (0x000000008734a788) 
thrown [s\src\hotspot\share\prims\jni.cpp, line 531]
Event: 9.665 Thread 0x0000017c634da1e0 Exception <a 'sun/nio/fs/WindowsException'{0x000000008734bfc8}> (0x000000008734bfc8) 
thrown [s\src\hotspot\share\prims\jni.cpp, line 531]
Event: 9.668 Thread 0x0000017c634da1e0 Exception <a 'java/lang/NoSuchMethodError'{0x000000008735db98}: 'java.lang.Object java.lang.invoke.Invokers$Holder.invoker(java.lang.Object, java.lang.Object, java.lang.Object, java.lang.Object, java.lang.Object, java.lang.Object)'> (0x000000008735db98) 
thrown [s\src\hotspot\share\interpreter\linkResolver.cpp, line 771]
Event: 9.684 Thread 0x0000017c634da1e0 Exception <a 'java/lang/NoSuchMethodError'{0x00000000873e8470}: 'java.lang.Object java.lang.invoke.Invokers$Holder.invoker(java.lang.Object, java.lang.Object, java.lang.Object, java.lang.Object)'> (0x00000000873e8470) 
thrown [s\src\hotspot\share\interpreter\linkResolver.cpp, line 771]
Event: 9.702 Thread 0x0000017c634da1e0 Exception <a 'java/lang/NoSuchMethodError'{0x000000008725d928}: 'java.lang.Object java.lang.invoke.Invokers$Holder.invoker(java.lang.Object, java.lang.Object, java.lang.Object, java.lang.Object, java.lang.Object)'> (0x000000008725d928) 
thrown [s\src\hotspot\share\interpreter\linkResolver.cpp, line 771]
Event: 9.708 Thread 0x0000017c634da1e0 Exception <a 'java/lang/NoSuchMethodError'{0x000000008727b658}: 'java.lang.Object java.lang.invoke.DirectMethodHandle$Holder.invokeSpecial(java.lang.Object, java.lang.Object, java.lang.Object, java.lang.Object, java.lang.Object, java.lang.Object, java.lang.Object, java.lang.Object, java.lang.Object, java.lang.Object, java.lang.Object, java.lang.Object, java.lang.Object, java.lang.Object, java.lang.Object, java.lang.Object, java.lang.Object, java.lang.Object, java.lang.Object, java.lang.Object, java.lang.Ob
Event: 9.709 Thread 0x0000017c634da1e0 Exception <a 'java/lang/NoSuchMethodError'{0x0000000087281768}: 'java.lang.Object java.lang.invoke.DelegatingMethodHandle$Holder.reinvoke_L(java.lang.Object, java.lang.Object, java.lang.Object, java.lang.Object, java.lang.Object, java.lang.Object, java.lang.Object, java.lang.Object, java.lang.Object, java.lang.Object, java.lang.Object, java.lang.Object, java.lang.Object, java.lang.Object, java.lang.Object, java.lang.Object, java.lang.Object, java.lang.Object, java.lang.Object, java.lang.Object, java.lang.O
Event: 9.710 Thread 0x0000017c634da1e0 Exception <a 'java/lang/NoSuchMethodError'{0x000000008728d940}: 'java.lang.Object java.lang.invoke.Invokers$Holder.invoker(java.lang.Object, java.lang.Object, java.lang.Object, java.lang.Object, java.lang.Object, java.lang.Object, java.lang.Object, java.lang.Object, java.lang.Object, java.lang.Object, java.lang.Object, java.lang.Object, java.lang.Object, java.lang.Object, java.lang.Object, java.lang.Object, java.lang.Object, java.lang.Object, java.lang.Object, java.lang.Object, java.lang.Object, java.lang.
Event: 9.712 Thread 0x0000017c634da1e0 Exception <a 'java/lang/NoSuchMethodError'{0x0000000087294db8}: 'java.lang.Object java.lang.invoke.DelegatingMethodHandle$Holder.delegate(java.lang.Object, java.lang.Object, java.lang.Object, java.lang.Object, java.lang.Object, java.lang.Object, java.lang.Object, java.lang.Object, java.lang.Object, java.lang.Object, java.lang.Object, java.lang.Object, java.lang.Object, java.lang.Object, java.lang.Object, java.lang.Object, java.lang.Object, java.lang.Object, java.lang.Object, java.lang.Object, java.lang.Obj
Event: 9.733 Thread 0x0000017c634da1e0 Exception <a 'java/lang/NoSuchMethodError'{0x0000000087110360}: 'java.lang.Object java.lang.invoke.DirectMethodHandle$Holder.invokeStatic(java.lang.Object, java.lang.Object, java.lang.Object, java.lang.Object, java.lang.Object, java.lang.Object, java.lang.Object, java.lang.Object, java.lang.Object, java.lang.Object, java.lang.Object, java.lang.Object, java.lang.Object, java.lang.Object, java.lang.Object, java.lang.Object, java.lang.Object)'> (0x0000000087110360) 
thrown [s\src\hotspot\share\interpreter\lin
Event: 9.736 Thread 0x0000017c634da1e0 Exception <a 'java/lang/NoSuchMethodError'{0x0000000087139870}: 'java.lang.Object java.lang.invoke.DirectMethodHandle$Holder.invokeStatic(java.lang.Object, java.lang.Object, java.lang.Object, java.lang.Object, java.lang.Object, java.lang.Object, java.lang.Object, java.lang.Object, java.lang.Object, java.lang.Object, java.lang.Object, java.lang.Object, java.lang.Object, java.lang.Object, java.lang.Object, java.lang.Object, java.lang.Object, java.lang.Object)'> (0x0000000087139870) 
thrown [s\src\hotspot\sha
Event: 9.740 Thread 0x0000017c634da1e0 Exception <a 'java/lang/NoSuchMethodError'{0x00000000871644d8}: 'java.lang.Object java.lang.invoke.DirectMethodHandle$Holder.invokeStatic(java.lang.Object, java.lang.Object, java.lang.Object, java.lang.Object, java.lang.Object, java.lang.Object, java.lang.Object, java.lang.Object, java.lang.Object, java.lang.Object, java.lang.Object, java.lang.Object, java.lang.Object, java.lang.Object, java.lang.Object, java.lang.Object, java.lang.Object, java.lang.Object, java.lang.Object)'> (0x00000000871644d8) 
thrown 
Event: 9.746 Thread 0x0000017c634da1e0 Exception <a 'java/lang/NoSuchMethodError'{0x0000000087190140}: 'java.lang.Object java.lang.invoke.DirectMethodHandle$Holder.invokeStatic(java.lang.Object, java.lang.Object, java.lang.Object, java.lang.Object, java.lang.Object, java.lang.Object, java.lang.Object, java.lang.Object, java.lang.Object, java.lang.Object, java.lang.Object, java.lang.Object, java.lang.Object, java.lang.Object, java.lang.Object, java.lang.Object, java.lang.Object, java.lang.Object, java.lang.Object, java.lang.Object)'> (0x00000000
Event: 9.752 Thread 0x0000017c634da1e0 Exception <a 'java/lang/NoSuchMethodError'{0x00000000871bca48}: 'java.lang.Object java.lang.invoke.DirectMethodHandle$Holder.invokeStatic(java.lang.Object, java.lang.Object, java.lang.Object, java.lang.Object, java.lang.Object, java.lang.Object, java.lang.Object, java.lang.Object, java.lang.Object, java.lang.Object, java.lang.Object, java.lang.Object, java.lang.Object, java.lang.Object, java.lang.Object, java.lang.Object, java.lang.Object, java.lang.Object, java.lang.Object, java.lang.Object, java.lang.Obj
Event: 9.760 Thread 0x0000017c634da1e0 Exception <a 'java/lang/NoSuchMethodError'{0x00000000871ea430}: 'java.lang.Object java.lang.invoke.DirectMethodHandle$Holder.invokeStatic(java.lang.Object, java.lang.Object, java.lang.Object, java.lang.Object, java.lang.Object, java.lang.Object, java.lang.Object, java.lang.Object, java.lang.Object, java.lang.Object, java.lang.Object, java.lang.Object, java.lang.Object, java.lang.Object, java.lang.Object, java.lang.Object, java.lang.Object, java.lang.Object, java.lang.Object, java.lang.Object, java.lang.Obj
Event: 9.768 Thread 0x0000017c634da1e0 Exception <a 'java/lang/NoSuchMethodError'{0x0000000086d19160}: 'java.lang.Object java.lang.invoke.DirectMethodHandle$Holder.invokeStatic(java.lang.Object, java.lang.Object, java.lang.Object, java.lang.Object, java.lang.Object, java.lang.Object, java.lang.Object, java.lang.Object, java.lang.Object, java.lang.Object, java.lang.Object, java.lang.Object, java.lang.Object, java.lang.Object, java.lang.Object, java.lang.Object, java.lang.Object, java.lang.Object, java.lang.Object, java.lang.Object, java.lang.Obj
Event: 9.770 Thread 0x0000017c634da1e0 Exception <a 'java/lang/NoSuchMethodError'{0x0000000086d48470}: 'java.lang.Object java.lang.invoke.DirectMethodHandle$Holder.invokeStatic(java.lang.Object, java.lang.Object, java.lang.Object, java.lang.Object, java.lang.Object, java.lang.Object, java.lang.Object, java.lang.Object, java.lang.Object, java.lang.Object, java.lang.Object, java.lang.Object, java.lang.Object, java.lang.Object, java.lang.Object, java.lang.Object, java.lang.Object, java.lang.Object, java.lang.Object, java.lang.Object, java.lang.Obj
Event: 9.775 Thread 0x0000017c634da1e0 Exception <a 'java/lang/NoSuchMethodError'{0x0000000086d797b8}: 'java.lang.Object java.lang.invoke.DirectMethodHandle$Holder.invokeStatic(java.lang.Object, java.lang.Object, java.lang.Object, java.lang.Object, java.lang.Object, java.lang.Object, java.lang.Object, java.lang.Object, java.lang.Object, java.lang.Object, java.lang.Object, java.lang.Object, java.lang.Object, java.lang.Object, java.lang.Object, java.lang.Object, java.lang.Object, java.lang.Object, java.lang.Object, java.lang.Object, java.lang.Obj
Event: 9.779 Thread 0x0000017c634da1e0 Exception <a 'java/lang/NoSuchMethodError'{0x0000000086dac180}: 'java.lang.Object java.lang.invoke.DirectMethodHandle$Holder.invokeStatic(java.lang.Object, java.lang.Object, java.lang.Object, java.lang.Object, java.lang.Object, java.lang.Object, java.lang.Object, java.lang.Object, java.lang.Object, java.lang.Object, java.lang.Object, java.lang.Object, java.lang.Object, java.lang.Object, java.lang.Object, java.lang.Object, java.lang.Object, java.lang.Object, java.lang.Object, java.lang.Object, java.lang.Obj

VM Operations (20 events):
Event: 9.023 Executing VM operation: G1PauseRemark
Event: 9.027 Executing VM operation: G1PauseRemark done
Event: 9.054 Executing VM operation: G1PauseCleanup
Event: 9.054 Executing VM operation: G1PauseCleanup done
Event: 9.192 Executing VM operation: G1TryInitiateConcMark
Event: 9.199 Executing VM operation: G1TryInitiateConcMark done
Event: 9.266 Executing VM operation: G1PauseRemark
Event: 9.269 Executing VM operation: G1PauseRemark done
Event: 9.302 Executing VM operation: G1PauseCleanup
Event: 9.302 Executing VM operation: G1PauseCleanup done
Event: 9.367 Executing VM operation: G1TryInitiateConcMark
Event: 9.370 Executing VM operation: G1TryInitiateConcMark done
Event: 9.448 Executing VM operation: G1PauseRemark
Event: 9.451 Executing VM operation: G1PauseRemark done
Event: 9.490 Executing VM operation: G1PauseCleanup
Event: 9.491 Executing VM operation: G1PauseCleanup done
Event: 9.829 Executing VM operation: G1CollectForAllocation
Event: 9.833 Executing VM operation: G1CollectForAllocation done
Event: 9.863 Executing VM operation: G1CollectForAllocation
Event: 9.866 Executing VM operation: G1CollectForAllocation done

Events (20 events):
Event: 9.728 loading class java/lang/invoke/ClassSpecializer$Factory$1Var
Event: 9.728 loading class java/lang/invoke/ClassSpecializer$Factory$1Var done
Event: 9.734 loading class java/lang/invoke/BoundMethodHandle$Species_LLLLLLLLLLLLLLL
Event: 9.734 loading class java/lang/invoke/BoundMethodHandle$Species_LLLLLLLLLLLLLLL done
Event: 9.738 loading class java/lang/invoke/BoundMethodHandle$Species_LLLLLLLLLLLLLLLL
Event: 9.738 loading class java/lang/invoke/BoundMethodHandle$Species_LLLLLLLLLLLLLLLL done
Event: 9.744 loading class java/lang/invoke/BoundMethodHandle$Species_LLLLLLLLLLLLLLLLL
Event: 9.744 loading class java/lang/invoke/BoundMethodHandle$Species_LLLLLLLLLLLLLLLLL done
Event: 9.749 loading class java/lang/invoke/BoundMethodHandle$Species_LLLLLLLLLLLLLLLLLL
Event: 9.749 loading class java/lang/invoke/BoundMethodHandle$Species_LLLLLLLLLLLLLLLLLL done
Event: 9.754 loading class java/lang/invoke/BoundMethodHandle$Species_LLLLLLLLLLLLLLLLLLL
Event: 9.754 loading class java/lang/invoke/BoundMethodHandle$Species_LLLLLLLLLLLLLLLLLLL done
Event: 9.766 loading class java/lang/invoke/BoundMethodHandle$Species_LLLLLLLLLLLLLLLLLLLL
Event: 9.766 loading class java/lang/invoke/BoundMethodHandle$Species_LLLLLLLLLLLLLLLLLLLL done
Event: 9.769 loading class java/lang/invoke/BoundMethodHandle$Species_LLLLLLLLLLLLLLLLLLLLL
Event: 9.769 loading class java/lang/invoke/BoundMethodHandle$Species_LLLLLLLLLLLLLLLLLLLLL done
Event: 9.772 loading class java/lang/invoke/BoundMethodHandle$Species_LLLLLLLLLLLLLLLLLLLLLL
Event: 9.772 loading class java/lang/invoke/BoundMethodHandle$Species_LLLLLLLLLLLLLLLLLLLLLL done
Event: 9.777 loading class java/lang/invoke/BoundMethodHandle$Species_LLLLLLLLLLLLLLLLLLLLLLL
Event: 9.777 loading class java/lang/invoke/BoundMethodHandle$Species_LLLLLLLLLLLLLLLLLLLLLLL done


Dynamic libraries:
0x00007ff6a15a0000 - 0x00007ff6a15aa000 	C:\Program Files\Android\Android Studio\jbr\bin\java.exe
0x00007ffe4db10000 - 0x00007ffe4dd08000 	C:\WINDOWS\SYSTEM32\ntdll.dll
0x00007ffe4d7a0000 - 0x00007ffe4d861000 	C:\WINDOWS\System32\KERNEL32.DLL
0x00007ffe4b190000 - 0x00007ffe4b48d000 	C:\WINDOWS\System32\KERNELBASE.dll
0x00007ffe4b7c0000 - 0x00007ffe4b8c0000 	C:\WINDOWS\System32\ucrtbase.dll
0x00007ffe45e80000 - 0x00007ffe45e97000 	C:\Program Files\Android\Android Studio\jbr\bin\jli.dll
0x00007ffe45090000 - 0x00007ffe450ab000 	C:\Program Files\Android\Android Studio\jbr\bin\VCRUNTIME140.dll
0x00007ffe4bb10000 - 0x00007ffe4bcad000 	C:\WINDOWS\System32\USER32.dll
0x00007ffe3e940000 - 0x00007ffe3ebda000 	C:\WINDOWS\WinSxS\amd64_microsoft.windows.common-controls_6595b64144ccf1df_6.0.19041.4355_none_60b8b9eb71f62e16\COMCTL32.dll
0x00007ffe4ba20000 - 0x00007ffe4ba42000 	C:\WINDOWS\System32\win32u.dll
0x00007ffe4bcb0000 - 0x00007ffe4bd4e000 	C:\WINDOWS\System32\msvcrt.dll
0x00007ffe4ce40000 - 0x00007ffe4ce6b000 	C:\WINDOWS\System32\GDI32.dll
0x00007ffe4b670000 - 0x00007ffe4b787000 	C:\WINDOWS\System32\gdi32full.dll
0x00007ffe4b490000 - 0x00007ffe4b52d000 	C:\WINDOWS\System32\msvcp_win.dll
0x00007ffe4cc40000 - 0x00007ffe4cc6f000 	C:\WINDOWS\System32\IMM32.DLL
0x00007ffe48810000 - 0x00007ffe4881c000 	C:\Program Files\Android\Android Studio\jbr\bin\vcruntime140_1.dll
0x00007ffe45000000 - 0x00007ffe4508d000 	C:\Program Files\Android\Android Studio\jbr\bin\msvcp140.dll
0x00007ffdff9d0000 - 0x00007ffe00653000 	C:\Program Files\Android\Android Studio\jbr\bin\server\jvm.dll
0x00007ffe4c0b0000 - 0x00007ffe4c160000 	C:\WINDOWS\System32\ADVAPI32.dll
0x00007ffe4cd90000 - 0x00007ffe4ce30000 	C:\WINDOWS\System32\sechost.dll
0x00007ffe4c230000 - 0x00007ffe4c353000 	C:\WINDOWS\System32\RPCRT4.dll
0x00007ffe4b790000 - 0x00007ffe4b7b7000 	C:\WINDOWS\System32\bcrypt.dll
0x00007ffe4ad00000 - 0x00007ffe4ad4b000 	C:\WINDOWS\SYSTEM32\POWRPROF.dll
0x00007ffe41c90000 - 0x00007ffe41cb7000 	C:\WINDOWS\SYSTEM32\WINMM.dll
0x00007ffe43bc0000 - 0x00007ffe43bca000 	C:\WINDOWS\SYSTEM32\VERSION.dll
0x00007ffe483c0000 - 0x00007ffe483c9000 	C:\WINDOWS\SYSTEM32\WSOCK32.dll
0x00007ffe4c1c0000 - 0x00007ffe4c22b000 	C:\WINDOWS\System32\WS2_32.dll
0x00007ffe4abf0000 - 0x00007ffe4ac02000 	C:\WINDOWS\SYSTEM32\UMPDC.dll
0x00007ffe49010000 - 0x00007ffe49022000 	C:\WINDOWS\SYSTEM32\kernel.appcore.dll
0x00007ffe483b0000 - 0x00007ffe483ba000 	C:\Program Files\Android\Android Studio\jbr\bin\jimage.dll
0x00007ffe3bf80000 - 0x00007ffe3c164000 	C:\WINDOWS\SYSTEM32\DBGHELP.DLL
0x00007ffe3d740000 - 0x00007ffe3d774000 	C:\WINDOWS\SYSTEM32\dbgcore.DLL
0x00007ffe4b530000 - 0x00007ffe4b5b2000 	C:\WINDOWS\System32\bcryptPrimitives.dll
0x00007ffe45ea0000 - 0x00007ffe45eae000 	C:\Program Files\Android\Android Studio\jbr\bin\instrument.dll
0x00007ffe46730000 - 0x00007ffe46755000 	C:\Program Files\Android\Android Studio\jbr\bin\java.dll
0x00007ffe3d540000 - 0x00007ffe3d558000 	C:\Program Files\Android\Android Studio\jbr\bin\zip.dll
0x00007ffe4cfa0000 - 0x00007ffe4d70f000 	C:\WINDOWS\System32\SHELL32.dll
0x00007ffe49210000 - 0x00007ffe499b3000 	C:\WINDOWS\SYSTEM32\windows.storage.dll
0x00007ffe4bd50000 - 0x00007ffe4c0a3000 	C:\WINDOWS\System32\combase.dll
0x00007ffe4ab50000 - 0x00007ffe4ab7e000 	C:\WINDOWS\SYSTEM32\Wldp.dll
0x00007ffe4cb70000 - 0x00007ffe4cc3d000 	C:\WINDOWS\System32\OLEAUT32.dll
0x00007ffe4ce70000 - 0x00007ffe4cf1d000 	C:\WINDOWS\System32\SHCORE.dll
0x00007ffe4c160000 - 0x00007ffe4c1b5000 	C:\WINDOWS\System32\shlwapi.dll
0x00007ffe4b0c0000 - 0x00007ffe4b0e4000 	C:\WINDOWS\SYSTEM32\profapi.dll
0x00007ffe3aba0000 - 0x00007ffe3abb9000 	C:\Program Files\Android\Android Studio\jbr\bin\net.dll
0x00007ffe42750000 - 0x00007ffe4285d000 	C:\WINDOWS\SYSTEM32\WINHTTP.dll
0x00007ffe4a850000 - 0x00007ffe4a8ba000 	C:\WINDOWS\system32\mswsock.dll
0x00007ffe3ab80000 - 0x00007ffe3ab96000 	C:\Program Files\Android\Android Studio\jbr\bin\nio.dll
0x00007ffe45eb0000 - 0x00007ffe45ec0000 	C:\Program Files\Android\Android Studio\jbr\bin\verify.dll
0x00007ffe450b0000 - 0x00007ffe450d7000 	C:\Users\Thao\.gradle\native\c067742578af261105cb4f569cf0c3c89f3d7b1fecec35dd04571415982c5e48\windows-amd64\native-platform.dll
0x00007ffe39450000 - 0x00007ffe39594000 	C:\Users\Thao\.gradle\native\38dada09dfb8b06ba9b0570ebf7e218e3eb74d4ef43ca46872605cf95ebc2f47\windows-amd64\native-platform-file-events.dll
0x00007ffe45ed0000 - 0x00007ffe45ed9000 	C:\Program Files\Android\Android Studio\jbr\bin\management.dll
0x00007ffe45ec0000 - 0x00007ffe45ecb000 	C:\Program Files\Android\Android Studio\jbr\bin\management_ext.dll
0x00007ffe4cf20000 - 0x00007ffe4cf28000 	C:\WINDOWS\System32\PSAPI.DLL
0x00007ffe4aa40000 - 0x00007ffe4aa58000 	C:\WINDOWS\SYSTEM32\CRYPTSP.dll
0x00007ffe4a170000 - 0x00007ffe4a1a4000 	C:\WINDOWS\system32\rsaenh.dll
0x00007ffe4b080000 - 0x00007ffe4b0ae000 	C:\WINDOWS\SYSTEM32\USERENV.dll
0x00007ffe4aa60000 - 0x00007ffe4aa6c000 	C:\WINDOWS\SYSTEM32\CRYPTBASE.dll
0x00007ffe4a530000 - 0x00007ffe4a56b000 	C:\WINDOWS\SYSTEM32\IPHLPAPI.DLL
0x00007ffe4cf90000 - 0x00007ffe4cf98000 	C:\WINDOWS\System32\NSI.dll
0x00007ffe444c0000 - 0x00007ffe444d7000 	C:\WINDOWS\SYSTEM32\dhcpcsvc6.DLL
0x00007ffe444a0000 - 0x00007ffe444bd000 	C:\WINDOWS\SYSTEM32\dhcpcsvc.DLL
0x00007ffe4a570000 - 0x00007ffe4a63a000 	C:\WINDOWS\SYSTEM32\DNSAPI.dll
0x00007ffe44f70000 - 0x00007ffe44f79000 	C:\Program Files\Android\Android Studio\jbr\bin\extnet.dll
0x00007ffe25350000 - 0x00007ffe25357000 	C:\WINDOWS\system32\wshunix.dll

dbghelp: loaded successfully - version: 4.0.5 - missing functions: none
symbol engine: initialized successfully - sym options: 0x614 - pdb path: .;C:\Program Files\Android\Android Studio\jbr\bin;C:\WINDOWS\SYSTEM32;C:\WINDOWS\WinSxS\amd64_microsoft.windows.common-controls_6595b64144ccf1df_6.0.19041.4355_none_60b8b9eb71f62e16;C:\Program Files\Android\Android Studio\jbr\bin\server;C:\Users\Thao\.gradle\native\c067742578af261105cb4f569cf0c3c89f3d7b1fecec35dd04571415982c5e48\windows-amd64;C:\Users\Thao\.gradle\native\38dada09dfb8b06ba9b0570ebf7e218e3eb74d4ef43ca46872605cf95ebc2f47\windows-amd64

VM Arguments:
jvm_args: --add-opens=java.base/java.util=ALL-UNNAMED --add-opens=java.base/java.lang=ALL-UNNAMED --add-opens=java.base/java.lang.invoke=ALL-UNNAMED --add-opens=java.prefs/java.util.prefs=ALL-UNNAMED --add-opens=java.base/java.nio.charset=ALL-UNNAMED --add-opens=java.base/java.net=ALL-UNNAMED --add-opens=java.base/java.util.concurrent.atomic=ALL-UNNAMED -Xmx2048m -Dfile.encoding=UTF-8 -Duser.country=US -Duser.language=en -Duser.variant -javaagent:C:\Users\Thao\.gradle\wrapper\dists\gradle-8.7-bin\bhs2wmbdwecv87pi65oeuq5iu\gradle-8.7\lib\agents\gradle-instrumentation-agent-8.7.jar 
java_command: org.gradle.launcher.daemon.bootstrap.GradleDaemon 8.7
java_class_path (initial): C:\Users\Thao\.gradle\wrapper\dists\gradle-8.7-bin\bhs2wmbdwecv87pi65oeuq5iu\gradle-8.7\lib\gradle-launcher-8.7.jar
Launcher Type: SUN_STANDARD

[Global flags]
     intx CICompilerCount                          = 3                                         {product} {ergonomic}
     uint ConcGCThreads                            = 1                                         {product} {ergonomic}
     uint G1ConcRefinementThreads                  = 4                                         {product} {ergonomic}
   size_t G1HeapRegionSize                         = 1048576                                   {product} {ergonomic}
    uintx GCDrainStackTargetSize                   = 64                                        {product} {ergonomic}
   size_t InitialHeapSize                          = 134217728                                 {product} {ergonomic}
   size_t MarkStackSize                            = 4194304                                   {product} {ergonomic}
   size_t MaxHeapSize                              = 2147483648                                {product} {command line}
   size_t MaxNewSize                               = 1287651328                                {product} {ergonomic}
   size_t MinHeapDeltaBytes                        = 1048576                                   {product} {ergonomic}
   size_t MinHeapSize                              = 8388608                                   {product} {ergonomic}
    uintx NonNMethodCodeHeapSize                   = 5832780                                {pd product} {ergonomic}
    uintx NonProfiledCodeHeapSize                  = 122912730                              {pd product} {ergonomic}
    uintx ProfiledCodeHeapSize                     = 122912730                              {pd product} {ergonomic}
    uintx ReservedCodeCacheSize                    = 251658240                              {pd product} {ergonomic}
     bool SegmentedCodeCache                       = true                                      {product} {ergonomic}
   size_t SoftMaxHeapSize                          = 2147483648                             {manageable} {ergonomic}
     bool UseCompressedClassPointers               = true                           {product lp64_product} {ergonomic}
     bool UseCompressedOops                        = true                           {product lp64_product} {ergonomic}
     bool UseG1GC                                  = true                                      {product} {ergonomic}
     bool UseLargePagesIndividualAllocation        = false                                  {pd product} {ergonomic}

Logging:
Log output configuration:
 #0: stdout all=warning uptime,level,tags
 #1: stderr all=off uptime,level,tags

Environment Variables:
PATH=C:\Program Files\Common Files\Oracle\Java\javapath;C:\WINDOWS\system32;C:\WINDOWS;C:\WINDOWS\System32\Wbem;C:\WINDOWS\System32\WindowsPowerShell\v1.0\;C:\WINDOWS\System32\OpenSSH\;C:\Program Files\dotnet\;C:\Program Files (x86)\dotnet\;C:\Program Files (x86)\Microsoft SQL Server\160\Tools\Binn\;C:\Program Files\Microsoft SQL Server\160\Tools\Binn\;C:\Program Files\Microsoft SQL Server\Client SDK\ODBC\170\Tools\Binn\;C:\Program Files\Microsoft SQL Server\160\DTS\Binn\;C:\Program Files (x86)\Microsoft SQL Server\150\DTS\Binn\;C:\Program Files\Azure Data Studio\bin;C:\Program Files\Microsoft SQL Server\150\Tools\Binn\;C:\jdk-11.0.16\bin;C:\WebEnv\php-8;C:\WebEnv\composer;C:\Program Files\nodejs\;C:\Program Files\Git\cmd;C:\jdk-11.0.16\bin;C:\Program Files\JetBrains\IntelliJ IDEA 2023.2.1\bin;;C:\Users\Thao\AppData\Local\Programs\Microsoft VS Code\bin;C:\Users\Thao\AppData\Roaming\Composer\vendor\bin;C:\Users\Thao\AppData\Roaming\npm
USERNAME=Thao
OS=Windows_NT
PROCESSOR_IDENTIFIER=Intel64 Family 6 Model 58 Stepping 9, GenuineIntel
TMP=C:\Users\Thao\AppData\Local\Temp
TEMP=C:\Users\Thao\AppData\Local\Temp



Periodic native trim disabled

JNI global refs:
JNI global refs: 25, weak refs: 2

JNI global refs memory usage: 843, weak refs: 841

Process memory usage:
Resident Set Size: 297316K (3% of 8271340K total physical memory with 544804K free physical memory)

OOME stack traces (most recent first):
Classloader memory used:
Loader org.gradle.internal.classloader.VisitableURLClassLoader                         : 3240K
Loader bootstrap                                                                       : 2423K
Loader org.gradle.initialization.MixInLegacyTypesClassLoader                           : 777K
Loader org.gradle.internal.classloader.VisitableURLClassLoader                         : 89760B
Loader org.gradle.internal.classloader.VisitableURLClassLoader$InstrumentingVisitableURLClassLoader: 74376B
Loader jdk.internal.loader.ClassLoaders$PlatformClassLoader                            : 65307B
Loader jdk.internal.loader.ClassLoaders$AppClassLoader                                 : 28747B
Loader jdk.internal.reflect.DelegatingClassLoader                                      : 27543B
Loader org.gradle.groovy.scripts.internal.DefaultScriptCompilationHandler$ScriptClassLoader: 10911B
Loader org.codehaus.groovy.runtime.callsite.CallSiteClassLoader                        : 5853B

Classes loaded by more than one classloader:
Class org.gradle.api.GradleException                                                  : loaded 3 times (x 80B)
Class org.gradle.util.GradleVersion                                                   : loaded 2 times (x 81B)
Class kotlin.collections.AbstractList                                                 : loaded 2 times (x 157B)
Class kotlin.collections.AbstractCollection                                           : loaded 2 times (x 115B)
Class org.jetbrains.plugins.gradle.model.MavenRepositoryModel                         : loaded 2 times (x 68B)
Class org.gradle.internal.classpath.ClassPath                                         : loaded 2 times (x 68B)
Class org.gradle.api.internal.classpath.DefaultModuleRegistry                         : loaded 2 times (x 84B)
Class org.gradle.internal.exceptions.NonGradleCauseExceptionsHolder                   : loaded 2 times (x 68B)
Class kotlin.enums.EnumEntries                                                        : loaded 2 times (x 68B)
Class org.gradle.api.Action                                                           : loaded 2 times (x 68B)
Class kotlin.enums.EnumEntriesKt                                                      : loaded 2 times (x 69B)
Class org.gradle.api.internal.DefaultClassPathProvider                                : loaded 2 times (x 74B)
Class org.gradle.internal.installation.GradleInstallation$1                           : loaded 2 times (x 73B)
Class org.gradle.internal.exceptions.DefaultMultiCauseException                       : loaded 2 times (x 93B)
Class org.gradle.internal.time.MonotonicClock                                         : loaded 2 times (x 75B)
Class org.gradle.internal.classloader.FilteringClassLoader                            : loaded 2 times (x 103B)
Class org.gradle.internal.classpath.DefaultClassPath$ImmutableUniqueList$Builder      : loaded 2 times (x 73B)
Class kotlin.UninitializedPropertyAccessException                                     : loaded 2 times (x 80B)
Class org.gradle.internal.classloader.ClassLoaderVisitor                              : loaded 2 times (x 74B)
Class org.gradle.internal.time.DefaultCountdownTimer                                  : loaded 2 times (x 86B)
Class org.gradle.internal.service.DefaultServiceLocator                               : loaded 2 times (x 81B)
Class org.gradle.internal.service.UnknownServiceException                             : loaded 2 times (x 81B)
Class org.gradle.internal.classloader.DefaultClassLoaderFactory                       : loaded 2 times (x 80B)
Class org.gradle.internal.classloader.VisitableURLClassLoader$Spec                    : loaded 2 times (x 72B)
Class org.gradle.tooling.model.ProjectModel                                           : loaded 2 times (x 68B)
Class org.gradle.internal.installation.GradleInstallation                             : loaded 2 times (x 73B)
Class org.gradle.api.internal.classpath.ModuleRegistry                                : loaded 2 times (x 68B)
Class org.jetbrains.plugins.gradle.model.RepositoriesModel                            : loaded 2 times (x 68B)
Class kotlin.jvm.internal.markers.KMappedMarker                                       : loaded 2 times (x 68B)
Class org.gradle.api.internal.ClassPathProvider                                       : loaded 2 times (x 68B)
Class org.gradle.internal.classloader.ClasspathUtil$1                                 : loaded 2 times (x 74B)
Class sync_studio_tooling1_7qnx1fnudibyp7caftmekq1l6                                  : loaded 2 times (x 177B)
Class org.gradle.internal.classloader.ClassLoaderFactory                              : loaded 2 times (x 68B)
Class org.gradle.api.internal.classpath.ManifestUtil                                  : loaded 2 times (x 69B)
Class org.gradle.api.specs.Spec                                                       : loaded 2 times (x 68B)
Class kotlin.jvm.internal.Intrinsics                                                  : loaded 2 times (x 69B)
Class org.gradle.internal.IoActions                                                   : loaded 2 times (x 69B)
Class ijInit1_6ca4hgeeu1ic1jz9ktpcbh2y4                                               : loaded 2 times (x 177B)
Class org.gradle.api.internal.classpath.EffectiveClassPath                            : loaded 2 times (x 88B)
Class kotlin.jvm.internal.DefaultConstructorMarker                                    : loaded 2 times (x 69B)
Class org.gradle.internal.exceptions.ResolutionProvider                               : loaded 2 times (x 68B)
Class org.gradle.internal.installation.CurrentGradleInstallation                      : loaded 2 times (x 71B)
Class org.gradle.internal.agents.InstrumentingClassLoader                             : loaded 2 times (x 68B)
Class org.gradle.internal.installation.CurrentGradleInstallationLocator               : loaded 2 times (x 69B)
Class org.gradle.api.internal.classpath.Module                                        : loaded 2 times (x 68B)
Class org.gradle.internal.service.CachingServiceLocator                               : loaded 2 times (x 80B)
Class org.gradle.internal.time.Timer                                                  : loaded 2 times (x 68B)
Class org.gradle.internal.classpath.DefaultClassPath                                  : loaded 2 times (x 88B)
Class kotlin.enums.EnumEntriesList                                                    : loaded 2 times (x 183B)
Class kotlin.jvm.functions.Function1                                                  : loaded 2 times (x 68B)
Class org.gradle.internal.time.Time                                                   : loaded 2 times (x 69B)
Class org.gradle.internal.time.TimeSource$1                                           : loaded 2 times (x 75B)
Class kotlin.KotlinNullPointerException                                               : loaded 2 times (x 81B)
Class org.gradle.internal.classloader.SystemClassLoaderSpec                           : loaded 2 times (x 69B)
Class kotlin.Function                                                                 : loaded 2 times (x 68B)
Class org.gradle.api.UncheckedIOException                                             : loaded 2 times (x 80B)
Class org.gradle.internal.time.CountdownTimer                                         : loaded 2 times (x 68B)
Class org.gradle.internal.time.Clock                                                  : loaded 2 times (x 68B)
Class org.gradle.internal.classloader.ClasspathUtil                                   : loaded 2 times (x 69B)
Class org.gradle.api.internal.DefaultClassPathRegistry                                : loaded 2 times (x 74B)
Class sync_studio_tooling1_7qnx1fnudibyp7caftmekq1l6$_run_closure1                    : loaded 2 times (x 137B)
Class org.gradle.api.internal.classpath.DefaultModuleRegistry$DefaultModule           : loaded 2 times (x 84B)
Class org.gradle.internal.time.TimeSource                                             : loaded 2 times (x 68B)
Class org.gradle.api.internal.classpath.UnknownModuleException                        : loaded 2 times (x 80B)
Class org.gradle.internal.service.ServiceLookupException                              : loaded 2 times (x 80B)
Class org.gradle.cache.GlobalCache                                                    : loaded 2 times (x 68B)
Class [Lorg.gradle.api.internal.ClassPathProvider;                                    : loaded 2 times (x 67B)
Class org.gradle.internal.operations.MultipleBuildOperationFailures                   : loaded 2 times (x 93B)
Class org.gradle.util.internal.GUtil                                                  : loaded 2 times (x 69B)
Class org.gradle.internal.classloader.ClassLoaderSpec                                 : loaded 2 times (x 69B)
Class org.gradle.internal.classloader.VisitableURLClassLoader                         : loaded 2 times (x 115B)
Class org.gradle.internal.Cast                                                        : loaded 2 times (x 69B)
Class org.gradle.api.internal.ClassPathRegistry                                       : loaded 2 times (x 68B)
Class org.gradle.internal.classloader.VisitableURLClassLoader$InstrumentingVisitableURLClassLoader: loaded 2 times (x 121B)
Class org.gradle.internal.classloader.ClassLoaderHierarchy                            : loaded 2 times (x 68B)
Class org.gradle.internal.exceptions.MultiCauseException                              : loaded 2 times (x 68B)
Class org.gradle.internal.InternalTransformer                                         : loaded 2 times (x 68B)
Class org.gradle.internal.service.ServiceLocator                                      : loaded 2 times (x 68B)
Class org.gradle.internal.classpath.DefaultClassPath$ImmutableUniqueList              : loaded 2 times (x 159B)
Class org.gradle.internal.time.DefaultTimer                                           : loaded 2 times (x 78B)
Class org.gradle.internal.classpath.TransformedClassPath                              : loaded 2 times (x 94B)
Class kotlin.collections.AbstractList$Companion                                       : loaded 2 times (x 69B)


---------------  S Y S T E M  ---------------

OS:
 Windows 10 , 64 bit Build 19041 (10.0.19041.4842)
OS uptime: 4 days 20:26 hours

CPU: total 4 (initial active 4) (2 cores per cpu, 2 threads per core) family 6 model 58 stepping 9 microcode 0x21, cx8, cmov, fxsr, ht, mmx, sse, sse2, sse3, ssse3, sse4.1, sse4.2, popcnt, tsc, tscinvbit, avx, aes, erms, clmul, vzeroupper, clflush
Processor Information for all 4 processors :
  Max Mhz: 2601, Current Mhz: 2601, Mhz Limit: 2601

Memory: 4k page, system-wide physical 8077M (532M free)
TotalPageFile size 12077M (AvailPageFile size 7M)
current process WorkingSet (physical memory assigned to process): 290M, peak: 290M
current process commit charge ("private bytes"): 323M, peak: 326M

vm_info: OpenJDK 64-Bit Server VM (17.0.11+0--11852314) for windows-amd64 JRE (17.0.11+0--11852314), built on May 16 2024 21:29:20 by "androidbuild" with MS VC++ 16.10 / 16.11 (VS2019)

END.
