#
# There is insufficient memory for the Java Runtime Environment to continue.
# Native memory allocation (malloc) failed to allocate 1905920 bytes. Error detail: Chunk::new
# Possible reasons:
#   The system is out of physical RAM or swap space
#   This process is running with CompressedOops enabled, and the Java Heap may be blocking the growth of the native heap
# Possible solutions:
#   Reduce memory load on the system
#   Increase physical memory or swap space
#   Check if swap backing store is full
#   Decrease Java heap size (-Xmx/-Xms)
#   Decrease number of Java threads
#   Decrease Java thread stack sizes (-Xss)
#   Set larger code cache with -XX:ReservedCodeCacheSize=
#   JVM is running with Unscaled Compressed Oops mode in which the Java heap is
#     placed in the first 4GB address space. The Java Heap base address is the
#     maximum limit for the native heap growth. Please use -XX:HeapBaseMinAddress
#     to set the Java Heap base and to place the Java Heap above 4GB virtual address.
# This output file may be truncated or incomplete.
#
#  Out of Memory Error (arena.cpp:191), pid=14160, tid=16676
#
# JRE version: OpenJDK Runtime Environment (17.0.11) (build 17.0.11+0--11852314)
# Java VM: OpenJDK 64-Bit Server VM (17.0.11+0--11852314, mixed mode, tiered, compressed oops, compressed class ptrs, g1 gc, windows-amd64)
# No core dump will be written. Minidumps are not enabled by default on client versions of Windows
#

---------------  S U M M A R Y ------------

Command Line: --add-opens=java.base/java.util=ALL-UNNAMED --add-opens=java.base/java.lang=ALL-UNNAMED --add-opens=java.base/java.lang.invoke=ALL-UNNAMED --add-opens=java.prefs/java.util.prefs=ALL-UNNAMED --add-opens=java.base/java.nio.charset=ALL-UNNAMED --add-opens=java.base/java.net=ALL-UNNAMED --add-opens=java.base/java.util.concurrent.atomic=ALL-UNNAMED -Xmx2048m -Dfile.encoding=UTF-8 -Duser.country=US -Duser.language=en -Duser.variant -javaagent:C:\Users\Thao\.gradle\wrapper\dists\gradle-8.7-bin\bhs2wmbdwecv87pi65oeuq5iu\gradle-8.7\lib\agents\gradle-instrumentation-agent-8.7.jar org.gradle.launcher.daemon.bootstrap.GradleDaemon 8.7

Host: Intel(R) Core(TM) i5-3230M CPU @ 2.60GHz, 4 cores, 7G,  Windows 10 , 64 bit Build 19041 (10.0.19041.4842)
Time: Thu Sep 19 00:35:45 2024 SE Asia Standard Time elapsed time: 16.175441 seconds (0d 0h 0m 16s)

---------------  T H R E A D  ---------------

Current thread (0x0000027705bb3030):  JavaThread "C2 CompilerThread1" daemon [_thread_in_native, id=16676, stack(0x000000df96000000,0x000000df96100000)]


Current CompileTask:
C2:  16175 7909   !   4       java.net.URLClassLoader$1::run (81 bytes)

Stack: [0x000000df96000000,0x000000df96100000]
Native frames: (J=compiled Java code, j=interpreted, Vv=VM code, C=native code)
V  [jvm.dll+0x687bb9]
V  [jvm.dll+0x84142a]
V  [jvm.dll+0x8430ae]
V  [jvm.dll+0x843713]
V  [jvm.dll+0x24a35f]
V  [jvm.dll+0xac544]
V  [jvm.dll+0xacb8c]
V  [jvm.dll+0x369c37]
V  [jvm.dll+0x33416a]
V  [jvm.dll+0x33360a]
V  [jvm.dll+0x21bed1]
V  [jvm.dll+0x21b311]
V  [jvm.dll+0x1a63ed]
V  [jvm.dll+0x22b1ee]
V  [jvm.dll+0x229375]
V  [jvm.dll+0x7f5647]
V  [jvm.dll+0x7efa4a]
V  [jvm.dll+0x686a35]
C  [ucrtbase.dll+0x21bb2]
C  [KERNEL32.DLL+0x17374]
C  [ntdll.dll+0x4cc91]


---------------  P R O C E S S  ---------------

Threads class SMR info:
_java_thread_list=0x0000027706225d60, length=42, elements={
0x00000277640a06f0, 0x000002777f753660, 0x000002777f7543f0, 0x000002777f6172d0,
0x000002777f6184b0, 0x000002777f618d80, 0x000002777f619860, 0x000002777f779450,
0x000002777f782180, 0x000002777f785280, 0x000002777f5843d0, 0x000002777fab45d0,
0x00000277057ca310, 0x000002770558d6a0, 0x00000277058ca990, 0x0000027705fff510,
0x0000027705c2edc0, 0x0000027704cd3ba0, 0x0000027706031a20, 0x0000027705abf040,
0x0000027705abb890, 0x0000027705abccd0, 0x0000027705abbda0, 0x0000027705abc2b0,
0x0000027705abc7c0, 0x0000027705abdc00, 0x00000277071ca6c0, 0x00000277071c6a00,
0x00000277071c7e40, 0x00000277071c8350, 0x00000277071c8d70, 0x00000277071c50b0,
0x00000277071cb5f0, 0x00000277071c4690, 0x00000277071cabd0, 0x00000277071cc010,
0x00000277071c9790, 0x00000277071c4ba0, 0x00000277071c9ca0, 0x00000277071c8860,
0x00000277071c7420, 0x0000027705bb3030
}

Java Threads: ( => current thread )
  0x00000277640a06f0 JavaThread "main" [_thread_blocked, id=6724, stack(0x000000df92c00000,0x000000df92d00000)]
  0x000002777f753660 JavaThread "Reference Handler" daemon [_thread_blocked, id=6032, stack(0x000000df93300000,0x000000df93400000)]
  0x000002777f7543f0 JavaThread "Finalizer" daemon [_thread_blocked, id=1164, stack(0x000000df93400000,0x000000df93500000)]
  0x000002777f6172d0 JavaThread "Signal Dispatcher" daemon [_thread_blocked, id=13488, stack(0x000000df93500000,0x000000df93600000)]
  0x000002777f6184b0 JavaThread "Attach Listener" daemon [_thread_blocked, id=15300, stack(0x000000df93600000,0x000000df93700000)]
  0x000002777f618d80 JavaThread "Service Thread" daemon [_thread_blocked, id=17920, stack(0x000000df93700000,0x000000df93800000)]
  0x000002777f619860 JavaThread "Monitor Deflation Thread" daemon [_thread_blocked, id=11816, stack(0x000000df93800000,0x000000df93900000)]
  0x000002777f779450 JavaThread "C2 CompilerThread0" daemon [_thread_in_native, id=10424, stack(0x000000df93900000,0x000000df93a00000)]
  0x000002777f782180 JavaThread "C1 CompilerThread0" daemon [_thread_blocked, id=11348, stack(0x000000df93a00000,0x000000df93b00000)]
  0x000002777f785280 JavaThread "Sweeper thread" daemon [_thread_blocked, id=14756, stack(0x000000df93b00000,0x000000df93c00000)]
  0x000002777f5843d0 JavaThread "Common-Cleaner" daemon [_thread_blocked, id=17204, stack(0x000000df93c00000,0x000000df93d00000)]
  0x000002777fab45d0 JavaThread "Notification Thread" daemon [_thread_blocked, id=7752, stack(0x000000df93d00000,0x000000df93e00000)]
  0x00000277057ca310 JavaThread "Daemon health stats" [_thread_blocked, id=9340, stack(0x000000df94300000,0x000000df94400000)]
  0x000002770558d6a0 JavaThread "Incoming local TCP Connector on port 53104" [_thread_in_native, id=16188, stack(0x000000df94400000,0x000000df94500000)]
  0x00000277058ca990 JavaThread "Daemon periodic checks" [_thread_blocked, id=17600, stack(0x000000df94500000,0x000000df94600000)]
  0x0000027705fff510 JavaThread "Daemon" [_thread_blocked, id=11592, stack(0x000000df94600000,0x000000df94700000)]
  0x0000027705c2edc0 JavaThread "Handler for socket connection from /127.0.0.1:53104 to /127.0.0.1:53105" [_thread_in_native, id=15656, stack(0x000000df94700000,0x000000df94800000)]
  0x0000027704cd3ba0 JavaThread "Cancel handler" [_thread_blocked, id=12136, stack(0x000000df94800000,0x000000df94900000)]
  0x0000027706031a20 JavaThread "Daemon worker" [_thread_in_vm, id=9900, stack(0x000000df94900000,0x000000df94a00000)]
  0x0000027705abf040 JavaThread "Asynchronous log dispatcher for DefaultDaemonConnection: socket connection from /127.0.0.1:53104 to /127.0.0.1:53105" [_thread_blocked, id=15492, stack(0x000000df94a00000,0x000000df94b00000)]
  0x0000027705abb890 JavaThread "Stdin handler" [_thread_blocked, id=2592, stack(0x000000df94b00000,0x000000df94c00000)]
  0x0000027705abccd0 JavaThread "Daemon client event forwarder" [_thread_blocked, id=11724, stack(0x000000df94c00000,0x000000df94d00000)]
  0x0000027705abbda0 JavaThread "Cache worker for journal cache (C:\Users\Thao\.gradle\caches\journal-1)" [_thread_blocked, id=17444, stack(0x000000df94d00000,0x000000df94e00000)]
  0x0000027705abc2b0 JavaThread "File lock request listener" [_thread_in_native, id=6412, stack(0x000000df94e00000,0x000000df94f00000)]
  0x0000027705abc7c0 JavaThread "Cache worker for file hash cache (C:\Users\Thao\.gradle\caches\8.7\fileHashes)" [_thread_blocked, id=16884, stack(0x000000df94f00000,0x000000df95000000)]
  0x0000027705abdc00 JavaThread "Cache worker for file hash cache (D:\android\androidprojects\.gradle\8.7\fileHashes)" [_thread_blocked, id=11192, stack(0x000000df95000000,0x000000df95100000)]
  0x00000277071ca6c0 JavaThread "File watcher server" daemon [_thread_in_native, id=18284, stack(0x000000df95100000,0x000000df95200000)]
  0x00000277071c6a00 JavaThread "File watcher consumer" daemon [_thread_blocked, id=12808, stack(0x000000df95200000,0x000000df95300000)]
  0x00000277071c7e40 JavaThread "Cache worker for checksums cache (D:\android\androidprojects\.gradle\8.7\checksums)" [_thread_blocked, id=14232, stack(0x000000df95300000,0x000000df95400000)]
  0x00000277071c8350 JavaThread "Cache worker for cache directory md-supplier (C:\Users\Thao\.gradle\caches\8.7\md-supplier)" [_thread_blocked, id=11932, stack(0x000000df95400000,0x000000df95500000)]
  0x00000277071c8d70 JavaThread "Cache worker for cache directory md-rule (C:\Users\Thao\.gradle\caches\8.7\md-rule)" [_thread_blocked, id=12424, stack(0x000000df95500000,0x000000df95600000)]
  0x00000277071c50b0 JavaThread "Cache worker for file content cache (C:\Users\Thao\.gradle\caches\8.7\fileContent)" [_thread_blocked, id=10508, stack(0x000000df95600000,0x000000df95700000)]
  0x00000277071cb5f0 JavaThread "Cache worker for Build Output Cleanup Cache (D:\android\androidprojects\.gradle\buildOutputCleanup)" [_thread_blocked, id=17368, stack(0x000000df95800000,0x000000df95900000)]
  0x00000277071c4690 JavaThread "Unconstrained build operations" [_thread_blocked, id=9420, stack(0x000000df95900000,0x000000df95a00000)]
  0x00000277071cabd0 JavaThread "Unconstrained build operations Thread 2" [_thread_blocked, id=12936, stack(0x000000df95a00000,0x000000df95b00000)]
  0x00000277071cc010 JavaThread "Unconstrained build operations Thread 3" [_thread_blocked, id=17700, stack(0x000000df95b00000,0x000000df95c00000)]
  0x00000277071c9790 JavaThread "Unconstrained build operations Thread 4" [_thread_blocked, id=6992, stack(0x000000df95c00000,0x000000df95d00000)]
  0x00000277071c4ba0 JavaThread "Unconstrained build operations Thread 5" [_thread_blocked, id=5412, stack(0x000000df95d00000,0x000000df95e00000)]
  0x00000277071c9ca0 JavaThread "Unconstrained build operations Thread 6" [_thread_blocked, id=3500, stack(0x000000df95e00000,0x000000df95f00000)]
  0x00000277071c8860 JavaThread "build event listener" [_thread_blocked, id=16468, stack(0x000000df95f00000,0x000000df96000000)]
  0x00000277071c7420 JavaThread "Memory manager" [_thread_blocked, id=6784, stack(0x000000df93f00000,0x000000df94000000)]
=>0x0000027705bb3030 JavaThread "C2 CompilerThread1" daemon [_thread_in_native, id=16676, stack(0x000000df96000000,0x000000df96100000)]

Other Threads:
  0x000002777f5a1fc0 VMThread "VM Thread" [stack: 0x000000df93200000,0x000000df93300000] [id=13420]
  0x00000277640a1260 WatcherThread [stack: 0x000000df93e00000,0x000000df93f00000] [id=12680]
  0x00000277640ff720 GCTaskThread "GC Thread#0" [stack: 0x000000df92d00000,0x000000df92e00000] [id=11612]
  0x0000027704082910 GCTaskThread "GC Thread#1" [stack: 0x000000df94000000,0x000000df94100000] [id=11396]
  0x000002777fb20bb0 GCTaskThread "GC Thread#2" [stack: 0x000000df94100000,0x000000df94200000] [id=17084]
  0x00000277040eaee0 GCTaskThread "GC Thread#3" [stack: 0x000000df94200000,0x000000df94300000] [id=10860]
  0x0000027764110580 ConcurrentGCThread "G1 Main Marker" [stack: 0x000000df92e00000,0x000000df92f00000] [id=15964]
  0x0000027764111650 ConcurrentGCThread "G1 Conc#0" [stack: 0x000000df92f00000,0x000000df93000000] [id=14556]
  0x0000027764159220 ConcurrentGCThread "G1 Refine#0" [stack: 0x000000df93000000,0x000000df93100000] [id=6340]
  0x0000027705333800 ConcurrentGCThread "G1 Refine#1" [stack: 0x000000df95700000,0x000000df95800000] [id=11072]
  0x0000027764159b60 ConcurrentGCThread "G1 Service" [stack: 0x000000df93100000,0x000000df93200000] [id=8864]

Threads with active compile tasks:
C2 CompilerThread0    16235 7966       4       com.google.gson.stream.JsonReader::nextQuotedValue (271 bytes)
C2 CompilerThread1    16235 7909   !   4       java.net.URLClassLoader$1::run (81 bytes)

VM state: not at safepoint (normal execution)

VM Mutex/Monitor currently owned by a thread: None

Heap address: 0x0000000080000000, size: 2048 MB, Compressed Oops mode: 32-bit

CDS archive(s) not mapped
Compressed class space mapped at: 0x0000000100000000-0x0000000140000000, reserved size: 1073741824
Narrow klass base: 0x0000000000000000, Narrow klass shift: 3, Narrow klass range: 0x140000000

GC Precious Log:
 CPUs: 4 total, 4 available
 Memory: 8077M
 Large Page Support: Disabled
 NUMA Support: Disabled
 Compressed Oops: Enabled (32-bit)
 Heap Region Size: 1M
 Heap Min Capacity: 8M
 Heap Initial Capacity: 128M
 Heap Max Capacity: 2G
 Pre-touch: Disabled
 Parallel Workers: 4
 Concurrent Workers: 1
 Concurrent Refinement Workers: 4
 Periodic GC: Disabled

Heap:
 garbage-first heap   total 124928K, used 68818K [0x0000000080000000, 0x0000000100000000)
  region size 1024K, 4 young (4096K), 2 survivors (2048K)
 Metaspace       used 78228K, committed 78848K, reserved 1179648K
  class space    used 10631K, committed 10944K, reserved 1048576K

Heap Regions: E=young(eden), S=young(survivor), O=old, HS=humongous(starts), HC=humongous(continues), CS=collection set, F=free, OA=open archive, CA=closed archive, TAMS=top-at-mark-start (previous, next)
|   0|0x0000000080000000, 0x0000000080100000, 0x0000000080100000|100%| O|  |TAMS 0x0000000080100000, 0x0000000080000000| Untracked 
|   1|0x0000000080100000, 0x0000000080200000, 0x0000000080200000|100%| O|  |TAMS 0x0000000080200000, 0x0000000080100000| Untracked 
|   2|0x0000000080200000, 0x0000000080300000, 0x0000000080300000|100%|HS|  |TAMS 0x0000000080300000, 0x0000000080200000| Complete 
|   3|0x0000000080300000, 0x0000000080400000, 0x0000000080400000|100%|HC|  |TAMS 0x0000000080400000, 0x0000000080300000| Complete 
|   4|0x0000000080400000, 0x0000000080500000, 0x0000000080500000|100%|HC|  |TAMS 0x0000000080500000, 0x0000000080400000| Complete 
|   5|0x0000000080500000, 0x0000000080600000, 0x0000000080600000|100%|HC|  |TAMS 0x0000000080600000, 0x0000000080500000| Complete 
|   6|0x0000000080600000, 0x0000000080700000, 0x0000000080700000|100%| O|  |TAMS 0x0000000080700000, 0x0000000080600000| Untracked 
|   7|0x0000000080700000, 0x0000000080800000, 0x0000000080800000|100%| O|  |TAMS 0x0000000080800000, 0x0000000080700000| Untracked 
|   8|0x0000000080800000, 0x0000000080900000, 0x0000000080900000|100%| O|  |TAMS 0x0000000080900000, 0x0000000080800000| Untracked 
|   9|0x0000000080900000, 0x0000000080a00000, 0x0000000080a00000|100%| O|  |TAMS 0x0000000080a00000, 0x0000000080900000| Untracked 
|  10|0x0000000080a00000, 0x0000000080ab5400, 0x0000000080b00000| 70%| O|  |TAMS 0x0000000080ab5400, 0x0000000080a00000| Untracked 
|  11|0x0000000080b00000, 0x0000000080c00000, 0x0000000080c00000|100%| O|  |TAMS 0x0000000080c00000, 0x0000000080b00000| Untracked 
|  12|0x0000000080c00000, 0x0000000080d00000, 0x0000000080d00000|100%| O|  |TAMS 0x0000000080d00000, 0x0000000080c00000| Untracked 
|  13|0x0000000080d00000, 0x0000000080e00000, 0x0000000080e00000|100%| O|  |TAMS 0x0000000080e00000, 0x0000000080d00000| Untracked 
|  14|0x0000000080e00000, 0x0000000080f00000, 0x0000000080f00000|100%| O|  |TAMS 0x0000000080f00000, 0x0000000080e00000| Untracked 
|  15|0x0000000080f00000, 0x0000000081000000, 0x0000000081000000|100%| O|  |TAMS 0x0000000081000000, 0x0000000080f00000| Untracked 
|  16|0x0000000081000000, 0x0000000081100000, 0x0000000081100000|100%| O|  |TAMS 0x0000000081100000, 0x0000000081000000| Untracked 
|  17|0x0000000081100000, 0x0000000081200000, 0x0000000081200000|100%| O|  |TAMS 0x0000000081200000, 0x0000000081100000| Untracked 
|  18|0x0000000081200000, 0x0000000081300000, 0x0000000081300000|100%| O|  |TAMS 0x0000000081300000, 0x0000000081200000| Untracked 
|  19|0x0000000081300000, 0x0000000081400000, 0x0000000081400000|100%| O|  |TAMS 0x0000000081400000, 0x0000000081300000| Untracked 
|  20|0x0000000081400000, 0x0000000081500000, 0x0000000081500000|100%| O|  |TAMS 0x0000000081500000, 0x0000000081400000| Untracked 
|  21|0x0000000081500000, 0x0000000081600000, 0x0000000081600000|100%| O|  |TAMS 0x0000000081600000, 0x0000000081500000| Untracked 
|  22|0x0000000081600000, 0x0000000081700000, 0x0000000081700000|100%| O|  |TAMS 0x0000000081700000, 0x0000000081600000| Untracked 
|  23|0x0000000081700000, 0x0000000081800000, 0x0000000081800000|100%| O|  |TAMS 0x0000000081800000, 0x0000000081700000| Untracked 
|  24|0x0000000081800000, 0x0000000081900000, 0x0000000081900000|100%| O|  |TAMS 0x0000000081900000, 0x0000000081800000| Untracked 
|  25|0x0000000081900000, 0x0000000081a00000, 0x0000000081a00000|100%| O|  |TAMS 0x0000000081a00000, 0x0000000081900000| Untracked 
|  26|0x0000000081a00000, 0x0000000081b00000, 0x0000000081b00000|100%| O|  |TAMS 0x0000000081b00000, 0x0000000081a00000| Untracked 
|  27|0x0000000081b00000, 0x0000000081c00000, 0x0000000081c00000|100%| O|  |TAMS 0x0000000081c00000, 0x0000000081b00000| Untracked 
|  28|0x0000000081c00000, 0x0000000081d00000, 0x0000000081d00000|100%| O|  |TAMS 0x0000000081d00000, 0x0000000081c00000| Untracked 
|  29|0x0000000081d00000, 0x0000000081e00000, 0x0000000081e00000|100%| O|  |TAMS 0x0000000081e00000, 0x0000000081d00000| Untracked 
|  30|0x0000000081e00000, 0x0000000081f00000, 0x0000000081f00000|100%| O|  |TAMS 0x0000000081f00000, 0x0000000081e00000| Complete 
|  31|0x0000000081f00000, 0x0000000082000000, 0x0000000082000000|100%| O|  |TAMS 0x0000000082000000, 0x0000000081f00000| Untracked 
|  32|0x0000000082000000, 0x0000000082100000, 0x0000000082100000|100%| O|  |TAMS 0x0000000082100000, 0x0000000082000000| Untracked 
|  33|0x0000000082100000, 0x0000000082200000, 0x0000000082200000|100%|HS|  |TAMS 0x0000000082200000, 0x0000000082100000| Complete 
|  34|0x0000000082200000, 0x0000000082300000, 0x0000000082300000|100%|HS|  |TAMS 0x0000000082300000, 0x0000000082200000| Complete 
|  35|0x0000000082300000, 0x0000000082400000, 0x0000000082400000|100%|HS|  |TAMS 0x0000000082400000, 0x0000000082300000| Complete 
|  36|0x0000000082400000, 0x0000000082500000, 0x0000000082500000|100%|HS|  |TAMS 0x0000000082500000, 0x0000000082400000| Complete 
|  37|0x0000000082500000, 0x0000000082600000, 0x0000000082600000|100%|HS|  |TAMS 0x0000000082600000, 0x0000000082500000| Complete 
|  38|0x0000000082600000, 0x0000000082700000, 0x0000000082700000|100%| O|  |TAMS 0x0000000082700000, 0x0000000082600000| Untracked 
|  39|0x0000000082700000, 0x0000000082800000, 0x0000000082800000|100%| O|  |TAMS 0x0000000082800000, 0x0000000082700000| Untracked 
|  40|0x0000000082800000, 0x0000000082900000, 0x0000000082900000|100%| O|  |TAMS 0x0000000082900000, 0x0000000082800000| Untracked 
|  41|0x0000000082900000, 0x0000000082a00000, 0x0000000082a00000|100%| O|  |TAMS 0x0000000082a00000, 0x0000000082900000| Untracked 
|  42|0x0000000082a00000, 0x0000000082b00000, 0x0000000082b00000|100%| O|  |TAMS 0x0000000082b00000, 0x0000000082a00000| Untracked 
|  43|0x0000000082b00000, 0x0000000082c00000, 0x0000000082c00000|100%| O|  |TAMS 0x0000000082c00000, 0x0000000082b00000| Untracked 
|  44|0x0000000082c00000, 0x0000000082d00000, 0x0000000082d00000|100%| O|  |TAMS 0x0000000082d00000, 0x0000000082c00000| Untracked 
|  45|0x0000000082d00000, 0x0000000082e00000, 0x0000000082e00000|100%| O|  |TAMS 0x0000000082e00000, 0x0000000082d00000| Untracked 
|  46|0x0000000082e00000, 0x0000000082f00000, 0x0000000082f00000|100%| O|  |TAMS 0x0000000082f00000, 0x0000000082e00000| Untracked 
|  47|0x0000000082f00000, 0x0000000083000000, 0x0000000083000000|100%| O|  |TAMS 0x0000000083000000, 0x0000000082f00000| Untracked 
|  48|0x0000000083000000, 0x0000000083100000, 0x0000000083100000|100%| O|  |TAMS 0x0000000083100000, 0x0000000083000000| Untracked 
|  49|0x0000000083100000, 0x0000000083200000, 0x0000000083200000|100%|HS|  |TAMS 0x0000000083200000, 0x0000000083100000| Complete 
|  50|0x0000000083200000, 0x0000000083300000, 0x0000000083300000|100%| O|  |TAMS 0x0000000083300000, 0x0000000083200000| Untracked 
|  51|0x0000000083300000, 0x0000000083400000, 0x0000000083400000|100%| O|  |TAMS 0x0000000083400000, 0x0000000083300000| Untracked 
|  52|0x0000000083400000, 0x0000000083500000, 0x0000000083500000|100%|HS|  |TAMS 0x0000000083500000, 0x0000000083400000| Complete 
|  53|0x0000000083500000, 0x0000000083600000, 0x0000000083600000|100%| O|  |TAMS 0x0000000083600000, 0x0000000083500000| Untracked 
|  54|0x0000000083600000, 0x0000000083700000, 0x0000000083700000|100%| O|  |TAMS 0x0000000083700000, 0x0000000083600000| Untracked 
|  55|0x0000000083700000, 0x0000000083800000, 0x0000000083800000|100%| O|  |TAMS 0x0000000083800000, 0x0000000083700000| Untracked 
|  56|0x0000000083800000, 0x0000000083900000, 0x0000000083900000|100%| O|  |TAMS 0x0000000083900000, 0x0000000083800000| Untracked 
|  57|0x0000000083900000, 0x0000000083a00000, 0x0000000083a00000|100%| O|  |TAMS 0x0000000083a00000, 0x0000000083900000| Untracked 
|  58|0x0000000083a00000, 0x0000000083b00000, 0x0000000083b00000|100%| O|  |TAMS 0x0000000083b00000, 0x0000000083a00000| Untracked 
|  59|0x0000000083b00000, 0x0000000083c00000, 0x0000000083c00000|100%| O|  |TAMS 0x0000000083b09800, 0x0000000083b00000| Untracked 
|  60|0x0000000083c00000, 0x0000000083d00000, 0x0000000083d00000|100%| O|  |TAMS 0x0000000083c00000, 0x0000000083c00000| Untracked 
|  61|0x0000000083d00000, 0x0000000083d00000, 0x0000000083e00000|  0%| F|  |TAMS 0x0000000083d00000, 0x0000000083d00000| Untracked 
|  62|0x0000000083e00000, 0x0000000083f00000, 0x0000000083f00000|100%| O|  |TAMS 0x0000000083e00000, 0x0000000083e00000| Untracked 
|  63|0x0000000083f00000, 0x0000000084000000, 0x0000000084000000|100%| O|  |TAMS 0x0000000083f00000, 0x0000000083f00000| Untracked 
|  64|0x0000000084000000, 0x0000000084100000, 0x0000000084100000|100%| O|  |TAMS 0x0000000084000000, 0x0000000084000000| Untracked 
|  65|0x0000000084100000, 0x000000008417f600, 0x0000000084200000| 49%| O|  |TAMS 0x0000000084100000, 0x0000000084100000| Untracked 
|  66|0x0000000084200000, 0x0000000084200000, 0x0000000084300000|  0%| F|  |TAMS 0x0000000084200000, 0x0000000084200000| Untracked 
|  67|0x0000000084300000, 0x0000000084300000, 0x0000000084400000|  0%| F|  |TAMS 0x0000000084300000, 0x0000000084300000| Untracked 
|  68|0x0000000084400000, 0x0000000084400000, 0x0000000084500000|  0%| F|  |TAMS 0x0000000084400000, 0x0000000084400000| Untracked 
|  69|0x0000000084500000, 0x0000000084500000, 0x0000000084600000|  0%| F|  |TAMS 0x0000000084500000, 0x0000000084500000| Untracked 
|  70|0x0000000084600000, 0x0000000084600000, 0x0000000084700000|  0%| F|  |TAMS 0x0000000084600000, 0x0000000084600000| Untracked 
|  71|0x0000000084700000, 0x0000000084700000, 0x0000000084800000|  0%| F|  |TAMS 0x0000000084700000, 0x0000000084700000| Untracked 
|  72|0x0000000084800000, 0x0000000084800000, 0x0000000084900000|  0%| F|  |TAMS 0x0000000084800000, 0x0000000084800000| Untracked 
|  73|0x0000000084900000, 0x0000000084900000, 0x0000000084a00000|  0%| F|  |TAMS 0x0000000084900000, 0x0000000084900000| Untracked 
|  74|0x0000000084a00000, 0x0000000084a00000, 0x0000000084b00000|  0%| F|  |TAMS 0x0000000084a00000, 0x0000000084a00000| Untracked 
|  75|0x0000000084b00000, 0x0000000084b00000, 0x0000000084c00000|  0%| F|  |TAMS 0x0000000084b00000, 0x0000000084b00000| Untracked 
|  76|0x0000000084c00000, 0x0000000084c00000, 0x0000000084d00000|  0%| F|  |TAMS 0x0000000084c00000, 0x0000000084c00000| Untracked 
|  77|0x0000000084d00000, 0x0000000084d00000, 0x0000000084e00000|  0%| F|  |TAMS 0x0000000084d00000, 0x0000000084d00000| Untracked 
|  78|0x0000000084e00000, 0x0000000084e00000, 0x0000000084f00000|  0%| F|  |TAMS 0x0000000084e00000, 0x0000000084e00000| Untracked 
|  79|0x0000000084f00000, 0x0000000084f00000, 0x0000000085000000|  0%| F|  |TAMS 0x0000000084f00000, 0x0000000084f00000| Untracked 
|  80|0x0000000085000000, 0x0000000085000000, 0x0000000085100000|  0%| F|  |TAMS 0x0000000085000000, 0x0000000085000000| Untracked 
|  81|0x0000000085100000, 0x0000000085100000, 0x0000000085200000|  0%| F|  |TAMS 0x0000000085100000, 0x0000000085100000| Untracked 
|  82|0x0000000085200000, 0x0000000085200000, 0x0000000085300000|  0%| F|  |TAMS 0x0000000085200000, 0x0000000085200000| Untracked 
|  83|0x0000000085300000, 0x0000000085300000, 0x0000000085400000|  0%| F|  |TAMS 0x0000000085300000, 0x0000000085300000| Untracked 
|  84|0x0000000085400000, 0x0000000085400000, 0x0000000085500000|  0%| F|  |TAMS 0x0000000085400000, 0x0000000085400000| Untracked 
|  85|0x0000000085500000, 0x0000000085500000, 0x0000000085600000|  0%| F|  |TAMS 0x0000000085500000, 0x0000000085500000| Untracked 
|  86|0x0000000085600000, 0x0000000085600000, 0x0000000085700000|  0%| F|  |TAMS 0x0000000085600000, 0x0000000085600000| Untracked 
|  87|0x0000000085700000, 0x0000000085700000, 0x0000000085800000|  0%| F|  |TAMS 0x0000000085700000, 0x0000000085700000| Untracked 
|  88|0x0000000085800000, 0x0000000085800000, 0x0000000085900000|  0%| F|  |TAMS 0x0000000085800000, 0x0000000085800000| Untracked 
|  89|0x0000000085900000, 0x0000000085900000, 0x0000000085a00000|  0%| F|  |TAMS 0x0000000085900000, 0x0000000085900000| Untracked 
|  90|0x0000000085a00000, 0x0000000085a00000, 0x0000000085b00000|  0%| F|  |TAMS 0x0000000085a00000, 0x0000000085a00000| Untracked 
|  91|0x0000000085b00000, 0x0000000085b00000, 0x0000000085c00000|  0%| F|  |TAMS 0x0000000085b00000, 0x0000000085b00000| Untracked 
|  92|0x0000000085c00000, 0x0000000085c00000, 0x0000000085d00000|  0%| F|  |TAMS 0x0000000085c00000, 0x0000000085c00000| Untracked 
|  93|0x0000000085d00000, 0x0000000085e00000, 0x0000000085e00000|100%| S|CS|TAMS 0x0000000085d00000, 0x0000000085d00000| Complete 
|  94|0x0000000085e00000, 0x0000000085f00000, 0x0000000085f00000|100%| S|CS|TAMS 0x0000000085e00000, 0x0000000085e00000| Complete 
|  95|0x0000000085f00000, 0x0000000085f00000, 0x0000000086000000|  0%| F|  |TAMS 0x0000000085f00000, 0x0000000085f00000| Untracked 
|  96|0x0000000086000000, 0x0000000086000000, 0x0000000086100000|  0%| F|  |TAMS 0x0000000086000000, 0x0000000086000000| Untracked 
|  97|0x0000000086100000, 0x0000000086100000, 0x0000000086200000|  0%| F|  |TAMS 0x0000000086100000, 0x0000000086100000| Untracked 
|  98|0x0000000086200000, 0x0000000086200000, 0x0000000086300000|  0%| F|  |TAMS 0x0000000086200000, 0x0000000086200000| Untracked 
|  99|0x0000000086300000, 0x0000000086300000, 0x0000000086400000|  0%| F|  |TAMS 0x0000000086300000, 0x0000000086300000| Untracked 
| 100|0x0000000086400000, 0x0000000086400000, 0x0000000086500000|  0%| F|  |TAMS 0x0000000086400000, 0x0000000086400000| Untracked 
| 101|0x0000000086500000, 0x0000000086500000, 0x0000000086600000|  0%| F|  |TAMS 0x0000000086500000, 0x0000000086500000| Untracked 
| 102|0x0000000086600000, 0x0000000086600000, 0x0000000086700000|  0%| F|  |TAMS 0x0000000086600000, 0x0000000086600000| Untracked 
| 103|0x0000000086700000, 0x0000000086700000, 0x0000000086800000|  0%| F|  |TAMS 0x0000000086700000, 0x0000000086700000| Untracked 
| 104|0x0000000086800000, 0x0000000086800000, 0x0000000086900000|  0%| F|  |TAMS 0x0000000086800000, 0x0000000086800000| Untracked 
| 105|0x0000000086900000, 0x0000000086900000, 0x0000000086a00000|  0%| F|  |TAMS 0x0000000086900000, 0x0000000086900000| Untracked 
| 106|0x0000000086a00000, 0x0000000086a00000, 0x0000000086b00000|  0%| F|  |TAMS 0x0000000086a00000, 0x0000000086a00000| Untracked 
| 107|0x0000000086b00000, 0x0000000086b00000, 0x0000000086c00000|  0%| F|  |TAMS 0x0000000086b00000, 0x0000000086b00000| Untracked 
| 108|0x0000000086c00000, 0x0000000086c00000, 0x0000000086d00000|  0%| F|  |TAMS 0x0000000086c00000, 0x0000000086c00000| Untracked 
| 109|0x0000000086d00000, 0x0000000086d00000, 0x0000000086e00000|  0%| F|  |TAMS 0x0000000086d00000, 0x0000000086d00000| Untracked 
| 110|0x0000000086e00000, 0x0000000086e00000, 0x0000000086f00000|  0%| F|  |TAMS 0x0000000086e00000, 0x0000000086e00000| Untracked 
| 111|0x0000000086f00000, 0x0000000086f00000, 0x0000000087000000|  0%| F|  |TAMS 0x0000000086f00000, 0x0000000086f00000| Untracked 
| 112|0x0000000087000000, 0x0000000087000000, 0x0000000087100000|  0%| F|  |TAMS 0x0000000087000000, 0x0000000087000000| Untracked 
| 113|0x0000000087100000, 0x0000000087100000, 0x0000000087200000|  0%| F|  |TAMS 0x0000000087100000, 0x0000000087100000| Untracked 
| 114|0x0000000087200000, 0x0000000087200000, 0x0000000087300000|  0%| F|  |TAMS 0x0000000087200000, 0x0000000087200000| Untracked 
| 115|0x0000000087300000, 0x0000000087300000, 0x0000000087400000|  0%| F|  |TAMS 0x0000000087300000, 0x0000000087300000| Untracked 
| 116|0x0000000087400000, 0x0000000087400000, 0x0000000087500000|  0%| F|  |TAMS 0x0000000087400000, 0x0000000087400000| Untracked 
| 117|0x0000000087500000, 0x0000000087500000, 0x0000000087600000|  0%| F|  |TAMS 0x0000000087500000, 0x0000000087500000| Untracked 
| 118|0x0000000087600000, 0x0000000087600000, 0x0000000087700000|  0%| F|  |TAMS 0x0000000087600000, 0x0000000087600000| Untracked 
| 119|0x0000000087700000, 0x0000000087712cc8, 0x0000000087800000|  7%| E|  |TAMS 0x0000000087700000, 0x0000000087700000| Complete 
| 120|0x0000000087800000, 0x0000000087900000, 0x0000000087900000|100%| E|CS|TAMS 0x0000000087800000, 0x0000000087800000| Complete 
| 127|0x0000000087f00000, 0x0000000088000000, 0x0000000088000000|100%| E|CS|TAMS 0x0000000087f00000, 0x0000000087f00000| Complete 

Card table byte_map: [0x0000027778790000,0x0000027778b90000] _byte_map_base: 0x0000027778390000

Marking Bits (Prev, Next): (CMBitMap*) 0x00000277640ffc90, (CMBitMap*) 0x00000277640ffc50
 Prev Bits: [0x000002777af90000, 0x000002777cf90000)
 Next Bits: [0x0000027778f90000, 0x000002777af90000)

Polling page: 0x0000027764160000

Metaspace:

Usage:
  Non-class:     66.02 MB used.
      Class:     10.38 MB used.
       Both:     76.41 MB used.

Virtual space:
  Non-class space:      128.00 MB reserved,      66.31 MB ( 52%) committed,  2 nodes.
      Class space:        1.00 GB reserved,      10.69 MB (  1%) committed,  1 nodes.
             Both:        1.12 GB reserved,      77.00 MB (  7%) committed. 

Chunk freelists:
   Non-Class:  13.58 MB
       Class:  5.16 MB
        Both:  18.73 MB

MaxMetaspaceSize: unlimited
CompressedClassSpaceSize: 1.00 GB
Initial GC threshold: 21.00 MB
Current GC threshold: 126.06 MB
CDS: off
MetaspaceReclaimPolicy: balanced
 - commit_granule_bytes: 65536.
 - commit_granule_words: 8192.
 - virtual_space_node_default_size: 8388608.
 - enlarge_chunks_in_place: 1.
 - new_chunks_are_fully_committed: 0.
 - uncommit_free_chunks: 1.
 - use_allocation_guard: 0.
 - handle_deallocations: 1.


Internal statistics:

num_allocs_failed_limit: 6.
num_arena_births: 812.
num_arena_deaths: 0.
num_vsnodes_births: 3.
num_vsnodes_deaths: 0.
num_space_committed: 1232.
num_space_uncommitted: 0.
num_chunks_returned_to_freelist: 6.
num_chunks_taken_from_freelist: 3600.
num_chunk_merges: 6.
num_chunk_splits: 2399.
num_chunks_enlarged: 1641.
num_inconsistent_stats: 0.

CodeHeap 'non-profiled nmethods': size=120000Kb used=3930Kb max_used=3930Kb free=116070Kb
 bounds [0x0000027770840000, 0x0000027770c20000, 0x0000027777d70000]
CodeHeap 'profiled nmethods': size=120000Kb used=13763Kb max_used=13763Kb free=106236Kb
 bounds [0x0000027768d70000, 0x0000027769af0000, 0x00000277702a0000]
CodeHeap 'non-nmethods': size=5760Kb used=1674Kb max_used=1722Kb free=4085Kb
 bounds [0x00000277702a0000, 0x0000027770510000, 0x0000027770840000]
 total_blobs=7945 nmethods=7188 adapters=668
 compilation: enabled
              stopped_count=0, restarted_count=0
 full_count=0

Compilation events (20 events):
Event: 16.137 Thread 0x000002777f782180 7998       3       kotlin.text.StringsKt__StringsKt::contains$default (15 bytes)
Event: 16.137 Thread 0x000002777f782180 nmethod 7998 0x0000027769acdf90 code [0x0000027769ace120, 0x0000027769ace288]
Event: 16.137 Thread 0x000002777f782180 7999       3       kotlin.text.StringsKt__StringsKt::contains (24 bytes)
Event: 16.137 Thread 0x000002777f782180 nmethod 7999 0x0000027769ace390 code [0x0000027769ace5c0, 0x0000027769acec88]
Event: 16.138 Thread 0x000002777f782180 7993       3       java.util.TreeMap$EntryIterator::next (5 bytes)
Event: 16.138 Thread 0x000002777f782180 nmethod 7993 0x0000027769acef10 code [0x0000027769acf0a0, 0x0000027769acf1e8]
Event: 16.138 Thread 0x000002777f782180 8002       1       kotlin.Pair::component1 (5 bytes)
Event: 16.138 Thread 0x000002777f782180 nmethod 8002 0x0000027770c06710 code [0x0000027770c068a0, 0x0000027770c06978]
Event: 16.138 Thread 0x000002777f782180 8003       1       kotlin.Pair::component2 (5 bytes)
Event: 16.138 Thread 0x000002777f782180 nmethod 8003 0x0000027770c06a10 code [0x0000027770c06ba0, 0x0000027770c06c78]
Event: 16.138 Thread 0x000002777f782180 8004       3       com.android.tools.build.jetifier.core.type.JavaType::hashCode (17 bytes)
Event: 16.138 Thread 0x000002777f782180 nmethod 8004 0x0000027769acf290 code [0x0000027769acf440, 0x0000027769acf608]
Event: 16.138 Thread 0x000002777f782180 8000       3       kotlin.Pair::<init> (15 bytes)
Event: 16.138 Thread 0x000002777f782180 nmethod 8000 0x0000027769acf710 code [0x0000027769acf8c0, 0x0000027769acfad8]
Event: 16.138 Thread 0x000002777f782180 8001       3       kotlin.TuplesKt::to (10 bytes)
Event: 16.139 Thread 0x000002777f782180 nmethod 8001 0x0000027769acfb90 code [0x0000027769acfd40, 0x0000027769acfff8]
Event: 16.141 Thread 0x000002777f782180 8005       3       com.android.tools.build.jetifier.core.type.JavaType::hasInnerType (16 bytes)
Event: 16.141 Thread 0x000002777f782180 nmethod 8005 0x0000027769ad0110 code [0x0000027769ad02c0, 0x0000027769ad0488]
Event: 16.153 Thread 0x000002777f782180 8006       1       com.android.tools.build.jetifier.core.pom.PomRewriteRule::getFrom (5 bytes)
Event: 16.153 Thread 0x000002777f782180 nmethod 8006 0x0000027770c06d10 code [0x0000027770c06ea0, 0x0000027770c06f78]

GC Heap History (20 events):
Event: 11.867 GC heap before
{Heap before GC invocations=18 (full 0):
 garbage-first heap   total 91136K, used 65569K [0x0000000080000000, 0x0000000100000000)
  region size 1024K, 22 young (22528K), 5 survivors (5120K)
 Metaspace       used 58287K, committed 58880K, reserved 1114112K
  class space    used 7977K, committed 8256K, reserved 1048576K
}
Event: 11.871 GC heap after
{Heap after GC invocations=19 (full 0):
 garbage-first heap   total 91136K, used 51434K [0x0000000080000000, 0x0000000100000000)
  region size 1024K, 2 young (2048K), 2 survivors (2048K)
 Metaspace       used 58287K, committed 58880K, reserved 1114112K
  class space    used 7977K, committed 8256K, reserved 1048576K
}
Event: 12.308 GC heap before
{Heap before GC invocations=20 (full 0):
 garbage-first heap   total 94208K, used 70890K [0x0000000080000000, 0x0000000100000000)
  region size 1024K, 21 young (21504K), 2 survivors (2048K)
 Metaspace       used 59807K, committed 60352K, reserved 1114112K
  class space    used 8190K, committed 8448K, reserved 1048576K
}
Event: 12.311 GC heap after
{Heap after GC invocations=21 (full 0):
 garbage-first heap   total 94208K, used 52773K [0x0000000080000000, 0x0000000100000000)
  region size 1024K, 2 young (2048K), 2 survivors (2048K)
 Metaspace       used 59807K, committed 60352K, reserved 1114112K
  class space    used 8190K, committed 8448K, reserved 1048576K
}
Event: 12.644 GC heap before
{Heap before GC invocations=21 (full 0):
 garbage-first heap   total 94208K, used 73253K [0x0000000080000000, 0x0000000100000000)
  region size 1024K, 23 young (23552K), 2 survivors (2048K)
 Metaspace       used 61843K, committed 62464K, reserved 1114112K
  class space    used 8409K, committed 8704K, reserved 1048576K
}
Event: 12.647 GC heap after
{Heap after GC invocations=22 (full 0):
 garbage-first heap   total 94208K, used 53282K [0x0000000080000000, 0x0000000100000000)
  region size 1024K, 2 young (2048K), 2 survivors (2048K)
 Metaspace       used 61843K, committed 62464K, reserved 1114112K
  class space    used 8409K, committed 8704K, reserved 1048576K
}
Event: 13.063 GC heap before
{Heap before GC invocations=23 (full 0):
 garbage-first heap   total 101376K, used 74786K [0x0000000080000000, 0x0000000100000000)
  region size 1024K, 23 young (23552K), 2 survivors (2048K)
 Metaspace       used 64074K, committed 64640K, reserved 1114112K
  class space    used 8697K, committed 8960K, reserved 1048576K
}
Event: 13.067 GC heap after
{Heap after GC invocations=24 (full 0):
 garbage-first heap   total 101376K, used 53877K [0x0000000080000000, 0x0000000100000000)
  region size 1024K, 2 young (2048K), 2 survivors (2048K)
 Metaspace       used 64074K, committed 64640K, reserved 1114112K
  class space    used 8697K, committed 8960K, reserved 1048576K
}
Event: 13.476 GC heap before
{Heap before GC invocations=24 (full 0):
 garbage-first heap   total 101376K, used 73333K [0x0000000080000000, 0x0000000100000000)
  region size 1024K, 22 young (22528K), 2 survivors (2048K)
 Metaspace       used 66928K, committed 67520K, reserved 1114112K
  class space    used 9094K, committed 9408K, reserved 1048576K
}
Event: 13.482 GC heap after
{Heap after GC invocations=25 (full 0):
 garbage-first heap   total 101376K, used 55997K [0x0000000080000000, 0x0000000100000000)
  region size 1024K, 4 young (4096K), 4 survivors (4096K)
 Metaspace       used 66928K, committed 67520K, reserved 1114112K
  class space    used 9094K, committed 9408K, reserved 1048576K
}
Event: 13.641 GC heap before
{Heap before GC invocations=26 (full 0):
 garbage-first heap   total 119808K, used 70333K [0x0000000080000000, 0x0000000100000000)
  region size 1024K, 15 young (15360K), 4 survivors (4096K)
 Metaspace       used 66935K, committed 67584K, reserved 1114112K
  class space    used 9095K, committed 9408K, reserved 1048576K
}
Event: 13.649 GC heap after
{Heap after GC invocations=27 (full 0):
 garbage-first heap   total 119808K, used 57839K [0x0000000080000000, 0x0000000100000000)
  region size 1024K, 4 young (4096K), 4 survivors (4096K)
 Metaspace       used 66935K, committed 67584K, reserved 1114112K
  class space    used 9095K, committed 9408K, reserved 1048576K
}
Event: 14.232 GC heap before
{Heap before GC invocations=28 (full 0):
 garbage-first heap   total 119808K, used 87535K [0x0000000080000000, 0x0000000100000000)
  region size 1024K, 32 young (32768K), 4 survivors (4096K)
 Metaspace       used 69008K, committed 69568K, reserved 1114112K
  class space    used 9381K, committed 9664K, reserved 1048576K
}
Event: 14.238 GC heap after
{Heap after GC invocations=29 (full 0):
 garbage-first heap   total 119808K, used 60321K [0x0000000080000000, 0x0000000100000000)
  region size 1024K, 2 young (2048K), 2 survivors (2048K)
 Metaspace       used 69008K, committed 69568K, reserved 1114112K
  class space    used 9381K, committed 9664K, reserved 1048576K
}
Event: 14.769 GC heap before
{Heap before GC invocations=29 (full 0):
 garbage-first heap   total 119808K, used 90017K [0x0000000080000000, 0x0000000100000000)
  region size 1024K, 31 young (31744K), 2 survivors (2048K)
 Metaspace       used 71172K, committed 71808K, reserved 1114112K
  class space    used 9666K, committed 9984K, reserved 1048576K
}
Event: 14.773 GC heap after
{Heap after GC invocations=30 (full 0):
 garbage-first heap   total 119808K, used 61697K [0x0000000080000000, 0x0000000100000000)
  region size 1024K, 3 young (3072K), 3 survivors (3072K)
 Metaspace       used 71172K, committed 71808K, reserved 1114112K
  class space    used 9666K, committed 9984K, reserved 1048576K
}
Event: 15.249 GC heap before
{Heap before GC invocations=31 (full 0):
 garbage-first heap   total 119808K, used 92417K [0x0000000080000000, 0x0000000100000000)
  region size 1024K, 33 young (33792K), 3 survivors (3072K)
 Metaspace       used 75019K, committed 75584K, reserved 1114112K
  class space    used 10201K, committed 10496K, reserved 1048576K
}
Event: 15.256 GC heap after
{Heap after GC invocations=32 (full 0):
 garbage-first heap   total 119808K, used 62938K [0x0000000080000000, 0x0000000100000000)
  region size 1024K, 3 young (3072K), 3 survivors (3072K)
 Metaspace       used 75019K, committed 75584K, reserved 1114112K
  class space    used 10201K, committed 10496K, reserved 1048576K
}
Event: 15.713 GC heap before
{Heap before GC invocations=32 (full 0):
 garbage-first heap   total 119808K, used 93658K [0x0000000080000000, 0x0000000100000000)
  region size 1024K, 33 young (33792K), 3 survivors (3072K)
 Metaspace       used 76267K, committed 76864K, reserved 1179648K
  class space    used 10356K, committed 10624K, reserved 1048576K
}
Event: 15.721 GC heap after
{Heap after GC invocations=33 (full 0):
 garbage-first heap   total 119808K, used 65983K [0x0000000080000000, 0x0000000100000000)
  region size 1024K, 5 young (5120K), 5 survivors (5120K)
 Metaspace       used 76267K, committed 76864K, reserved 1179648K
  class space    used 10356K, committed 10624K, reserved 1048576K
}

Dll operation events (3 events):
Event: 0.012 Loaded shared library C:\Program Files\Android\Android Studio\jbr\bin\java.dll
Event: 0.224 Loaded shared library C:\Program Files\Android\Android Studio\jbr\bin\zip.dll
Event: 0.683 Loaded shared library C:\Program Files\Android\Android Studio\jbr\bin\verify.dll

Deoptimization events (20 events):
Event: 15.072 Thread 0x0000027706031a20 DEOPT PACKING pc=0x000002777089e734 sp=0x000000df949f8a20
Event: 15.072 Thread 0x0000027706031a20 DEOPT UNPACKING pc=0x00000277702f69a3 sp=0x000000df949f8a08 mode 2
Event: 15.508 Thread 0x0000027706031a20 Uncommon trap: trap_request=0xffffff45 fr.pc=0x0000027770a3d068 relative=0x0000000000005208
Event: 15.508 Thread 0x0000027706031a20 Uncommon trap: reason=unstable_if action=reinterpret pc=0x0000027770a3d068 method=java.lang.String.split(Ljava/lang/String;I)[Ljava/lang/String; @ 259 c2
Event: 15.508 Thread 0x0000027706031a20 DEOPT PACKING pc=0x0000027770a3d068 sp=0x000000df949f91a0
Event: 15.508 Thread 0x0000027706031a20 DEOPT UNPACKING pc=0x00000277702f69a3 sp=0x000000df949f91b8 mode 2
Event: 15.745 Thread 0x0000027706031a20 DEOPT PACKING pc=0x00000277698bbb76 sp=0x000000df949f8180
Event: 15.745 Thread 0x0000027706031a20 DEOPT UNPACKING pc=0x00000277702f7143 sp=0x000000df949f7720 mode 0
Event: 15.886 Thread 0x0000027706031a20 Uncommon trap: trap_request=0xffffff45 fr.pc=0x00000277709f3d40 relative=0x0000000000000380
Event: 15.886 Thread 0x0000027706031a20 Uncommon trap: reason=unstable_if action=reinterpret pc=0x00000277709f3d40 method=java.lang.StringConcatHelper.simpleConcat(Ljava/lang/Object;Ljava/lang/Object;)Ljava/lang/String; @ 30 c2
Event: 15.886 Thread 0x0000027706031a20 DEOPT PACKING pc=0x00000277709f3d40 sp=0x000000df949f8510
Event: 15.886 Thread 0x0000027706031a20 DEOPT UNPACKING pc=0x00000277702f69a3 sp=0x000000df949f84b8 mode 2
Event: 16.153 Thread 0x0000027706031a20 Uncommon trap: trap_request=0xffffff45 fr.pc=0x000002777089b5d8 relative=0x00000000000002b8
Event: 16.153 Thread 0x0000027706031a20 Uncommon trap: reason=unstable_if action=reinterpret pc=0x000002777089b5d8 method=java.lang.String.indexOf([BBILjava/lang/String;I)I @ 21 c2
Event: 16.153 Thread 0x0000027706031a20 DEOPT PACKING pc=0x000002777089b5d8 sp=0x000000df949f75e0
Event: 16.153 Thread 0x0000027706031a20 DEOPT UNPACKING pc=0x00000277702f69a3 sp=0x000000df949f74d8 mode 2
Event: 16.153 Thread 0x0000027706031a20 Uncommon trap: trap_request=0xffffff45 fr.pc=0x00000277708c6f14 relative=0x0000000000000274
Event: 16.153 Thread 0x0000027706031a20 Uncommon trap: reason=unstable_if action=reinterpret pc=0x00000277708c6f14 method=java.lang.String.indexOf([BBILjava/lang/String;I)I @ 21 c2
Event: 16.153 Thread 0x0000027706031a20 DEOPT PACKING pc=0x00000277708c6f14 sp=0x000000df949f7540
Event: 16.153 Thread 0x0000027706031a20 DEOPT UNPACKING pc=0x00000277702f69a3 sp=0x000000df949f74d0 mode 2

Classes unloaded (0 events):
No events

Classes redefined (0 events):
No events

Internal exceptions (20 events):
Event: 11.102 Thread 0x0000027705abccd0 Exception <a 'java/lang/NoSuchMethodError'{0x0000000084845838}: static Lorg/gradle/internal/build/event/types/DefaultBinaryPluginIdentifier;.<clinit>()V> (0x0000000084845838) 
thrown [s\src\hotspot\share\prims\jni.cpp, line 1127]
Event: 11.106 Thread 0x0000027705abccd0 Exception <a 'java/lang/NoSuchMethodError'{0x000000008485e950}: static Lorg/gradle/internal/build/event/types/DefaultScriptPluginIdentifier;.<clinit>()V> (0x000000008485e950) 
thrown [s\src\hotspot\share\prims\jni.cpp, line 1127]
Event: 11.212 Thread 0x0000027706031a20 Implicit null exception at 0x0000027770b50512 to 0x0000027770b50b3c
Event: 11.212 Thread 0x0000027706031a20 Implicit null exception at 0x0000027770b4f614 to 0x0000027770b4fc54
Event: 11.282 Thread 0x0000027706031a20 Exception <a 'java/lang/NoSuchMethodError'{0x00000000843919a8}: 'void java.lang.invoke.Invokers$Holder.invoke_MT(java.lang.Object, java.lang.Object, java.lang.Object, java.lang.Object)'> (0x00000000843919a8) 
thrown [s\src\hotspot\share\interpreter\linkResolver.cpp, line 771]
Event: 11.294 Thread 0x0000027706031a20 Exception <a 'java/lang/NoSuchMethodError'{0x0000000084211090}: 'java.lang.Object java.lang.invoke.DirectMethodHandle$Holder.invokeSpecial(java.lang.Object, java.lang.Object, java.lang.Object, int, java.lang.Object, java.lang.Object)'> (0x0000000084211090) 
thrown [s\src\hotspot\share\interpreter\linkResolver.cpp, line 771]
Event: 11.526 Thread 0x0000027706031a20 Exception <a 'java/lang/ClassNotFoundException'{0x0000000083a6e370}: sun/misc/SharedSecrets> (0x0000000083a6e370) 
thrown [s\src\hotspot\share\classfile\systemDictionary.cpp, line 256]
Event: 11.526 Thread 0x0000027706031a20 Exception <a 'java/lang/ClassNotFoundException'{0x0000000083a6f948}: org/gradle/api/internal/plugins/DefaultObjectConfigurationActionBeanInfo> (0x0000000083a6f948) 
thrown [s\src\hotspot\share\classfile\systemDictionary.cpp, line 256]
Event: 11.527 Thread 0x0000027706031a20 Exception <a 'java/lang/ClassNotFoundException'{0x0000000083a89470}: org/gradle/api/internal/plugins/DefaultObjectConfigurationActionCustomizer> (0x0000000083a89470) 
thrown [s\src\hotspot\share\classfile\systemDictionary.cpp, line 256]
Event: 13.378 Thread 0x0000027706031a20 Implicit null exception at 0x0000027770a0848c to 0x0000027770a085c2
Event: 13.567 Thread 0x0000027706031a20 Implicit null exception at 0x000002777097a4c7 to 0x000002777097abda
Event: 13.665 Thread 0x0000027706031a20 Exception <a 'sun/nio/fs/WindowsException'{0x0000000087f48948}> (0x0000000087f48948) 
thrown [s\src\hotspot\share\prims\jni.cpp, line 531]
Event: 14.612 Thread 0x0000027706031a20 Implicit null exception at 0x00000277709a4e48 to 0x00000277709a4ef8
Event: 14.988 Thread 0x0000027706031a20 Implicit null exception at 0x000002777087caf2 to 0x000002777087d08c
Event: 15.072 Thread 0x0000027706031a20 Implicit null exception at 0x000002777089e172 to 0x000002777089e720
Event: 15.685 Thread 0x0000027706031a20 Exception <a 'java/lang/NoClassDefFoundError'{0x00000000858310e8}: org/jetbrains/kotlin/gradle/plugin/KotlinBasePluginWrapper> (0x00000000858310e8) 
thrown [s\src\hotspot\share\classfile\systemDictionary.cpp, line 245]
Event: 15.907 Thread 0x0000027706031a20 Exception <a 'java/lang/NoClassDefFoundError'{0x000000008746f298}: org/jetbrains/kotlin/gradle/plugin/KotlinBasePluginWrapper> (0x000000008746f298) 
thrown [s\src\hotspot\share\oops\constantPool.cpp, line 837]
Event: 15.945 Thread 0x0000027706031a20 Exception <a 'java/lang/NoClassDefFoundError'{0x0000000086b75560}: org/jetbrains/kotlin/gradle/plugin/KotlinBasePluginWrapper> (0x0000000086b75560) 
thrown [s\src\hotspot\share\oops\constantPool.cpp, line 837]
Event: 15.963 Thread 0x0000027706031a20 Exception <a 'java/lang/NoClassDefFoundError'{0x0000000086af07e0}: org/jetbrains/kotlin/gradle/plugin/KotlinBasePluginWrapper> (0x0000000086af07e0) 
thrown [s\src\hotspot\share\oops\constantPool.cpp, line 837]
Event: 15.969 Thread 0x0000027706031a20 Exception <a 'java/lang/NoClassDefFoundError'{0x000000008690e188}: org/jetbrains/kotlin/gradle/plugin/KotlinBasePluginWrapper> (0x000000008690e188) 
thrown [s\src\hotspot\share\oops\constantPool.cpp, line 837]

VM Operations (20 events):
Event: 13.749 Executing VM operation: G1PauseRemark
Event: 13.753 Executing VM operation: G1PauseRemark done
Event: 13.797 Executing VM operation: G1PauseCleanup
Event: 13.798 Executing VM operation: G1PauseCleanup done
Event: 14.232 Executing VM operation: G1CollectForAllocation
Event: 14.238 Executing VM operation: G1CollectForAllocation done
Event: 14.769 Executing VM operation: G1CollectForAllocation
Event: 14.774 Executing VM operation: G1CollectForAllocation done
Event: 14.885 Executing VM operation: G1PauseRemark
Event: 14.889 Executing VM operation: G1PauseRemark done
Event: 14.927 Executing VM operation: G1PauseCleanup
Event: 14.927 Executing VM operation: G1PauseCleanup done
Event: 15.249 Executing VM operation: G1CollectForAllocation
Event: 15.256 Executing VM operation: G1CollectForAllocation done
Event: 15.713 Executing VM operation: G1CollectForAllocation
Event: 15.721 Executing VM operation: G1CollectForAllocation done
Event: 15.826 Executing VM operation: G1PauseRemark
Event: 15.830 Executing VM operation: G1PauseRemark done
Event: 15.876 Executing VM operation: G1PauseCleanup
Event: 15.876 Executing VM operation: G1PauseCleanup done

Events (20 events):
Event: 14.318 loading class java/security/KeyStore$1
Event: 14.318 loading class java/security/KeyStore$1 done
Event: 14.546 loading class javax/xml/stream/XMLStreamException
Event: 14.546 loading class javax/xml/stream/XMLStreamException done
Event: 14.569 loading class sun/reflect/annotation/AnnotationInvocationHandler$1
Event: 14.569 loading class sun/reflect/annotation/AnnotationInvocationHandler$1 done
Event: 15.023 Thread 0x0000027705bb1af0 Thread exited: 0x0000027705bb1af0
Event: 15.131 loading class java/util/ArrayList$SubList$1
Event: 15.131 loading class java/util/ArrayList$SubList$1 done
Event: 15.139 loading class java/lang/Override
Event: 15.139 loading class java/lang/Override done
Event: 15.287 loading class jdk/internal/access/foreign/MemorySegmentProxy
Event: 15.287 loading class jdk/internal/access/foreign/MemorySegmentProxy done
Event: 15.406 Thread 0x0000027705bb3030 Thread added: 0x0000027705bb3030
Event: 15.604 Thread 0x0000027705bb3030 Thread exited: 0x0000027705bb3030
Event: 15.965 Thread 0x0000027705bb3030 Thread added: 0x0000027705bb3030
Event: 16.060 loading class sun/reflect/generics/repository/FieldRepository
Event: 16.060 loading class sun/reflect/generics/repository/FieldRepository done
Event: 16.083 loading class jdk/internal/vm/annotation/ForceInline
Event: 16.083 loading class jdk/internal/vm/annotation/ForceInline done


Dynamic libraries:
0x00007ff6f3220000 - 0x00007ff6f322a000 	C:\Program Files\Android\Android Studio\jbr\bin\java.exe
0x00007ffc9b650000 - 0x00007ffc9b848000 	C:\WINDOWS\SYSTEM32\ntdll.dll
0x00007ffc9a300000 - 0x00007ffc9a3c1000 	C:\WINDOWS\System32\KERNEL32.DLL
0x00007ffc98f60000 - 0x00007ffc9925d000 	C:\WINDOWS\System32\KERNELBASE.dll
0x00007ffc99260000 - 0x00007ffc99360000 	C:\WINDOWS\System32\ucrtbase.dll
0x00007ffc729a0000 - 0x00007ffc729b7000 	C:\Program Files\Android\Android Studio\jbr\bin\jli.dll
0x00007ffc99c10000 - 0x00007ffc99dad000 	C:\WINDOWS\System32\USER32.dll
0x00007ffc99360000 - 0x00007ffc99382000 	C:\WINDOWS\System32\win32u.dll
0x00007ffc8cef0000 - 0x00007ffc8d18a000 	C:\WINDOWS\WinSxS\amd64_microsoft.windows.common-controls_6595b64144ccf1df_6.0.19041.4355_none_60b8b9eb71f62e16\COMCTL32.dll
0x00007ffc9b0c0000 - 0x00007ffc9b0eb000 	C:\WINDOWS\System32\GDI32.dll
0x00007ffc9a440000 - 0x00007ffc9a4de000 	C:\WINDOWS\System32\msvcrt.dll
0x00007ffc99480000 - 0x00007ffc99597000 	C:\WINDOWS\System32\gdi32full.dll
0x00007ffc98cd0000 - 0x00007ffc98d6d000 	C:\WINDOWS\System32\msvcp_win.dll
0x00007ffc950d0000 - 0x00007ffc950eb000 	C:\Program Files\Android\Android Studio\jbr\bin\VCRUNTIME140.dll
0x00007ffc9ae00000 - 0x00007ffc9ae2f000 	C:\WINDOWS\System32\IMM32.DLL
0x00007ffc96720000 - 0x00007ffc9672c000 	C:\Program Files\Android\Android Studio\jbr\bin\vcruntime140_1.dll
0x00007ffc50f90000 - 0x00007ffc5101d000 	C:\Program Files\Android\Android Studio\jbr\bin\msvcp140.dll
0x00007ffc25ed0000 - 0x00007ffc26b53000 	C:\Program Files\Android\Android Studio\jbr\bin\server\jvm.dll
0x00007ffc99b50000 - 0x00007ffc99c00000 	C:\WINDOWS\System32\ADVAPI32.dll
0x00007ffc99660000 - 0x00007ffc99700000 	C:\WINDOWS\System32\sechost.dll
0x00007ffc9aee0000 - 0x00007ffc9b003000 	C:\WINDOWS\System32\RPCRT4.dll
0x00007ffc99390000 - 0x00007ffc993b7000 	C:\WINDOWS\System32\bcrypt.dll
0x00007ffc8f060000 - 0x00007ffc8f087000 	C:\WINDOWS\SYSTEM32\WINMM.dll
0x00007ffc98750000 - 0x00007ffc9879b000 	C:\WINDOWS\SYSTEM32\POWRPROF.dll
0x00007ffc95870000 - 0x00007ffc95879000 	C:\WINDOWS\SYSTEM32\WSOCK32.dll
0x00007ffc90960000 - 0x00007ffc9096a000 	C:\WINDOWS\SYSTEM32\VERSION.dll
0x00007ffc9a3d0000 - 0x00007ffc9a43b000 	C:\WINDOWS\System32\WS2_32.dll
0x00007ffc98730000 - 0x00007ffc98742000 	C:\WINDOWS\SYSTEM32\UMPDC.dll
0x00007ffc96b50000 - 0x00007ffc96b62000 	C:\WINDOWS\SYSTEM32\kernel.appcore.dll
0x00007ffc951d0000 - 0x00007ffc951da000 	C:\Program Files\Android\Android Studio\jbr\bin\jimage.dll
0x00007ffc84c70000 - 0x00007ffc84e54000 	C:\WINDOWS\SYSTEM32\DBGHELP.DLL
0x00007ffc84b50000 - 0x00007ffc84b84000 	C:\WINDOWS\SYSTEM32\dbgcore.DLL
0x00007ffc98d70000 - 0x00007ffc98df2000 	C:\WINDOWS\System32\bcryptPrimitives.dll
0x00007ffc729c0000 - 0x00007ffc729ce000 	C:\Program Files\Android\Android Studio\jbr\bin\instrument.dll
0x00007ffc95010000 - 0x00007ffc95035000 	C:\Program Files\Android\Android Studio\jbr\bin\java.dll
0x00007ffc94ff0000 - 0x00007ffc95008000 	C:\Program Files\Android\Android Studio\jbr\bin\zip.dll
0x00007ffc9a690000 - 0x00007ffc9adff000 	C:\WINDOWS\System32\SHELL32.dll
0x00007ffc96d50000 - 0x00007ffc974f3000 	C:\WINDOWS\SYSTEM32\windows.storage.dll
0x00007ffc99700000 - 0x00007ffc99a53000 	C:\WINDOWS\System32\combase.dll
0x00007ffc98690000 - 0x00007ffc986be000 	C:\WINDOWS\SYSTEM32\Wldp.dll
0x00007ffc9a230000 - 0x00007ffc9a2fd000 	C:\WINDOWS\System32\OLEAUT32.dll
0x00007ffc9ae30000 - 0x00007ffc9aedd000 	C:\WINDOWS\System32\SHCORE.dll
0x00007ffc99f60000 - 0x00007ffc99fb5000 	C:\WINDOWS\System32\shlwapi.dll
0x00007ffc98c00000 - 0x00007ffc98c24000 	C:\WINDOWS\SYSTEM32\profapi.dll
0x00007ffc91630000 - 0x00007ffc91649000 	C:\Program Files\Android\Android Studio\jbr\bin\net.dll
0x00007ffc8f950000 - 0x00007ffc8fa5d000 	C:\WINDOWS\SYSTEM32\WINHTTP.dll
0x00007ffc98390000 - 0x00007ffc983fa000 	C:\WINDOWS\system32\mswsock.dll
0x00007ffc8dd40000 - 0x00007ffc8dd56000 	C:\Program Files\Android\Android Studio\jbr\bin\nio.dll
0x00007ffc8dd30000 - 0x00007ffc8dd40000 	C:\Program Files\Android\Android Studio\jbr\bin\verify.dll
0x00007ffc95190000 - 0x00007ffc951b7000 	C:\Users\Thao\.gradle\native\c067742578af261105cb4f569cf0c3c89f3d7b1fecec35dd04571415982c5e48\windows-amd64\native-platform.dll
0x00007ffc50e40000 - 0x00007ffc50f84000 	C:\Users\Thao\.gradle\native\38dada09dfb8b06ba9b0570ebf7e218e3eb74d4ef43ca46872605cf95ebc2f47\windows-amd64\native-platform-file-events.dll
0x00007ffc94fe0000 - 0x00007ffc94fe9000 	C:\Program Files\Android\Android Studio\jbr\bin\management.dll
0x00007ffc94cf0000 - 0x00007ffc94cfb000 	C:\Program Files\Android\Android Studio\jbr\bin\management_ext.dll
0x00007ffc99c00000 - 0x00007ffc99c08000 	C:\WINDOWS\System32\PSAPI.DLL
0x00007ffc985f0000 - 0x00007ffc98608000 	C:\WINDOWS\SYSTEM32\CRYPTSP.dll
0x00007ffc97cb0000 - 0x00007ffc97ce4000 	C:\WINDOWS\system32\rsaenh.dll
0x00007ffc98b80000 - 0x00007ffc98bae000 	C:\WINDOWS\SYSTEM32\USERENV.dll
0x00007ffc985e0000 - 0x00007ffc985ec000 	C:\WINDOWS\SYSTEM32\CRYPTBASE.dll
0x00007ffc98070000 - 0x00007ffc980ab000 	C:\WINDOWS\SYSTEM32\IPHLPAPI.DLL
0x00007ffc99650000 - 0x00007ffc99658000 	C:\WINDOWS\System32\NSI.dll
0x00007ffc91b40000 - 0x00007ffc91b57000 	C:\WINDOWS\SYSTEM32\dhcpcsvc6.DLL
0x00007ffc91b20000 - 0x00007ffc91b3d000 	C:\WINDOWS\SYSTEM32\dhcpcsvc.DLL
0x00007ffc980b0000 - 0x00007ffc9817a000 	C:\WINDOWS\SYSTEM32\DNSAPI.dll
0x00007ffc95110000 - 0x00007ffc95119000 	C:\Program Files\Android\Android Studio\jbr\bin\extnet.dll
0x00007ffc951c0000 - 0x00007ffc951c7000 	C:\WINDOWS\system32\wshunix.dll

dbghelp: loaded successfully - version: 4.0.5 - missing functions: none
symbol engine: initialized successfully - sym options: 0x614 - pdb path: .;C:\Program Files\Android\Android Studio\jbr\bin;C:\WINDOWS\SYSTEM32;C:\WINDOWS\WinSxS\amd64_microsoft.windows.common-controls_6595b64144ccf1df_6.0.19041.4355_none_60b8b9eb71f62e16;C:\Program Files\Android\Android Studio\jbr\bin\server;C:\Users\Thao\.gradle\native\c067742578af261105cb4f569cf0c3c89f3d7b1fecec35dd04571415982c5e48\windows-amd64;C:\Users\Thao\.gradle\native\38dada09dfb8b06ba9b0570ebf7e218e3eb74d4ef43ca46872605cf95ebc2f47\windows-amd64

VM Arguments:
jvm_args: --add-opens=java.base/java.util=ALL-UNNAMED --add-opens=java.base/java.lang=ALL-UNNAMED --add-opens=java.base/java.lang.invoke=ALL-UNNAMED --add-opens=java.prefs/java.util.prefs=ALL-UNNAMED --add-opens=java.base/java.nio.charset=ALL-UNNAMED --add-opens=java.base/java.net=ALL-UNNAMED --add-opens=java.base/java.util.concurrent.atomic=ALL-UNNAMED -Xmx2048m -Dfile.encoding=UTF-8 -Duser.country=US -Duser.language=en -Duser.variant -javaagent:C:\Users\Thao\.gradle\wrapper\dists\gradle-8.7-bin\bhs2wmbdwecv87pi65oeuq5iu\gradle-8.7\lib\agents\gradle-instrumentation-agent-8.7.jar 
java_command: org.gradle.launcher.daemon.bootstrap.GradleDaemon 8.7
java_class_path (initial): C:\Users\Thao\.gradle\wrapper\dists\gradle-8.7-bin\bhs2wmbdwecv87pi65oeuq5iu\gradle-8.7\lib\gradle-launcher-8.7.jar
Launcher Type: SUN_STANDARD

[Global flags]
     intx CICompilerCount                          = 3                                         {product} {ergonomic}
     uint ConcGCThreads                            = 1                                         {product} {ergonomic}
     uint G1ConcRefinementThreads                  = 4                                         {product} {ergonomic}
   size_t G1HeapRegionSize                         = 1048576                                   {product} {ergonomic}
    uintx GCDrainStackTargetSize                   = 64                                        {product} {ergonomic}
   size_t InitialHeapSize                          = 134217728                                 {product} {ergonomic}
   size_t MarkStackSize                            = 4194304                                   {product} {ergonomic}
   size_t MaxHeapSize                              = 2147483648                                {product} {command line}
   size_t MaxNewSize                               = 1287651328                                {product} {ergonomic}
   size_t MinHeapDeltaBytes                        = 1048576                                   {product} {ergonomic}
   size_t MinHeapSize                              = 8388608                                   {product} {ergonomic}
    uintx NonNMethodCodeHeapSize                   = 5832780                                {pd product} {ergonomic}
    uintx NonProfiledCodeHeapSize                  = 122912730                              {pd product} {ergonomic}
    uintx ProfiledCodeHeapSize                     = 122912730                              {pd product} {ergonomic}
    uintx ReservedCodeCacheSize                    = 251658240                              {pd product} {ergonomic}
     bool SegmentedCodeCache                       = true                                      {product} {ergonomic}
   size_t SoftMaxHeapSize                          = 2147483648                             {manageable} {ergonomic}
     bool UseCompressedClassPointers               = true                           {product lp64_product} {ergonomic}
     bool UseCompressedOops                        = true                           {product lp64_product} {ergonomic}
     bool UseG1GC                                  = true                                      {product} {ergonomic}
     bool UseLargePagesIndividualAllocation        = false                                  {pd product} {ergonomic}

Logging:
Log output configuration:
 #0: stdout all=warning uptime,level,tags
 #1: stderr all=off uptime,level,tags

Environment Variables:
PATH=C:\Program Files\Common Files\Oracle\Java\javapath;C:\WINDOWS\system32;C:\WINDOWS;C:\WINDOWS\System32\Wbem;C:\WINDOWS\System32\WindowsPowerShell\v1.0\;C:\WINDOWS\System32\OpenSSH\;C:\Program Files\dotnet\;C:\Program Files (x86)\dotnet\;C:\Program Files (x86)\Microsoft SQL Server\160\Tools\Binn\;C:\Program Files\Microsoft SQL Server\160\Tools\Binn\;C:\Program Files\Microsoft SQL Server\Client SDK\ODBC\170\Tools\Binn\;C:\Program Files\Microsoft SQL Server\160\DTS\Binn\;C:\Program Files (x86)\Microsoft SQL Server\150\DTS\Binn\;C:\Program Files\Azure Data Studio\bin;C:\Program Files\Microsoft SQL Server\150\Tools\Binn\;C:\jdk-11.0.16\bin;C:\WebEnv\php-8;C:\WebEnv\composer;C:\Program Files\nodejs\;C:\Program Files\Git\cmd;C:\jdk-11.0.16\bin;C:\Program Files\JetBrains\IntelliJ IDEA 2023.2.1\bin;;C:\Users\Thao\AppData\Local\Programs\Microsoft VS Code\bin;C:\Users\Thao\AppData\Roaming\Composer\vendor\bin;C:\Users\Thao\AppData\Roaming\npm
USERNAME=Thao
OS=Windows_NT
PROCESSOR_IDENTIFIER=Intel64 Family 6 Model 58 Stepping 9, GenuineIntel
TMP=C:\Users\Thao\AppData\Local\Temp
TEMP=C:\Users\Thao\AppData\Local\Temp



Periodic native trim disabled

JNI global refs:
JNI global refs: 26, weak refs: 3

JNI global refs memory usage: 843, weak refs: 841

Process memory usage:
Resident Set Size: 347432K (4% of 8271340K total physical memory with 773364K free physical memory)

OOME stack traces (most recent first):
Classloader memory used:
Loader org.gradle.internal.classloader.VisitableURLClassLoader                         : 4189K
Loader bootstrap                                                                       : 2711K
Loader org.gradle.internal.classloader.VisitableURLClassLoader$InstrumentingVisitableURLClassLoader: 1503K
Loader org.gradle.initialization.MixInLegacyTypesClassLoader                           : 1232K
Loader jdk.internal.loader.ClassLoaders$PlatformClassLoader                            : 66838B
Loader jdk.internal.reflect.DelegatingClassLoader                                      : 37122B
Loader jdk.internal.loader.ClassLoaders$AppClassLoader                                 : 28754B
Loader org.gradle.internal.classloader.VisitableURLClassLoader                         : 19963B

Classes loaded by more than one classloader:
Class Program                                                                         : loaded 5 times (x 70B)
Class Build_gradle$1                                                                  : loaded 3 times (x 72B)
Class Build_gradle                                                                    : loaded 3 times (x 128B)
Class [Lcom.google.common.collect.AbstractMapEntry;                                   : loaded 2 times (x 67B)
Class com.google.common.collect.SingletonImmutableList                                : loaded 2 times (x 167B)
Class com.google.common.cache.CacheLoader$SupplierToCacheLoader                       : loaded 2 times (x 73B)
Class org.gradle.internal.classpath.ClassPath                                         : loaded 2 times (x 68B)
Class com.google.common.cache.RemovalListener                                         : loaded 2 times (x 68B)
Class org.gradle.api.internal.classpath.DefaultModuleRegistry                         : loaded 2 times (x 84B)
Class Settings_gradle$1$1                                                             : loaded 2 times (x 72B)
Class com.google.common.collect.ImmutableEnumSet                                      : loaded 2 times (x 144B)
Class com.google.common.collect.ListMultimap                                          : loaded 2 times (x 68B)
Class com.google.common.base.CharMatcher$JavaDigit                                    : loaded 2 times (x 109B)
Class com.google.common.base.CharMatcher$Digit                                        : loaded 2 times (x 110B)
Class com.google.common.collect.AbstractMultimap                                      : loaded 2 times (x 121B)
Class com.google.common.cache.CacheBuilder$OneWeigher                                 : loaded 2 times (x 80B)
Class org.gradle.api.Action                                                           : loaded 2 times (x 68B)
Class com.google.common.collect.ImmutableEntry                                        : loaded 2 times (x 80B)
Class com.google.common.collect.Lists$StringAsImmutableList                           : loaded 2 times (x 167B)
Class com.google.common.cache.LocalCache$StrongEntry                                  : loaded 2 times (x 106B)
Class org.objectweb.asm.FieldWriter                                                   : loaded 2 times (x 76B)
Class com.google.common.base.CharMatcher                                              : loaded 2 times (x 109B)
Class com.google.common.base.CharMatcher$IsNot                                        : loaded 2 times (x 109B)
Class com.google.common.base.Splitter                                                 : loaded 2 times (x 70B)
Class [Lcom.google.common.cache.Weigher;                                              : loaded 2 times (x 67B)
Class com.google.common.collect.Iterators$ArrayItr                                    : loaded 2 times (x 95B)
Class com.google.common.cache.LocalCache$Segment                                      : loaded 2 times (x 152B)
Class org.gradle.api.internal.DefaultClassPathProvider                                : loaded 2 times (x 74B)
Class org.gradle.internal.installation.GradleInstallation$1                           : loaded 2 times (x 73B)
Class com.google.common.cache.LocalCache$AbstractReferenceEntry                       : loaded 2 times (x 105B)
Class org.objectweb.asm.Type                                                          : loaded 2 times (x 70B)
Class com.google.common.util.concurrent.AbstractFuture$Failure                        : loaded 2 times (x 70B)
Class com.google.common.base.CharMatcher$BitSetMatcher                                : loaded 2 times (x 110B)
Class com.google.common.collect.ImmutableMap$IteratorBasedImmutableMap                : loaded 2 times (x 123B)
Class com.google.common.collect.ImmutableMap                                          : loaded 2 times (x 118B)
Class com.google.common.base.Converter                                                : loaded 2 times (x 88B)
Class com.google.common.collect.ImmutableSet$EmptySetBuilderImpl                      : loaded 2 times (x 74B)
Class com.google.common.base.Equivalence                                              : loaded 2 times (x 80B)
Class com.google.common.primitives.Ints                                               : loaded 2 times (x 69B)
Class com.google.common.cache.LocalCache$EntryFactory$1                               : loaded 2 times (x 81B)
Class com.google.common.cache.LocalCache$EntryFactory$2                               : loaded 2 times (x 81B)
Class com.google.common.cache.LocalCache$EntryFactory$3                               : loaded 2 times (x 81B)
Class com.google.common.cache.LocalCache$EntryFactory$4                               : loaded 2 times (x 81B)
Class com.google.common.cache.LocalCache$EntryFactory$5                               : loaded 2 times (x 81B)
Class com.google.common.cache.LocalCache$EntryFactory$6                               : loaded 2 times (x 81B)
Class com.google.common.cache.LocalCache$EntryFactory$7                               : loaded 2 times (x 81B)
Class com.google.common.cache.LocalCache$EntryFactory$8                               : loaded 2 times (x 81B)
Class com.google.common.base.Predicate                                                : loaded 2 times (x 68B)
Class com.google.common.cache.LocalCache$StrongValueReference                         : loaded 2 times (x 88B)
Class org.gradle.internal.classloader.FilteringClassLoader                            : loaded 2 times (x 103B)
Class com.google.common.collect.RegularImmutableSet                                   : loaded 2 times (x 146B)
Class [Lcom.google.common.cache.LocalCache$Strength;                                  : loaded 2 times (x 67B)
Class org.gradle.internal.classpath.DefaultClassPath$ImmutableUniqueList$Builder      : loaded 2 times (x 73B)
Class com.google.common.collect.Maps$8                                                : loaded 2 times (x 80B)
Class [Lcom.google.common.cache.CacheBuilder$NullListener;                            : loaded 2 times (x 67B)
Class com.google.common.base.PatternCompiler                                          : loaded 2 times (x 68B)
Class com.google.common.base.CharMatcher$InRange                                      : loaded 2 times (x 109B)
Class com.google.common.collect.Sets$SetView                                          : loaded 2 times (x 136B)
Class com.google.common.collect.BiMap                                                 : loaded 2 times (x 68B)
Class com.google.common.collect.Lists                                                 : loaded 2 times (x 69B)
Class org.objectweb.asm.AnnotationWriter                                              : loaded 2 times (x 77B)
Class com.google.common.math.IntMath$1                                                : loaded 2 times (x 69B)
Class org.gradle.internal.classloader.ClassLoaderVisitor                              : loaded 2 times (x 74B)
Class org.objectweb.asm.Label                                                         : loaded 2 times (x 71B)
Class com.google.common.cache.CacheBuilder$NullListener                               : loaded 2 times (x 80B)
Class com.google.common.math.MathPreconditions                                        : loaded 2 times (x 69B)
Class org.gradle.internal.service.DefaultServiceLocator                               : loaded 2 times (x 81B)
Class org.gradle.internal.service.UnknownServiceException                             : loaded 2 times (x 81B)
Class com.google.common.util.concurrent.AbstractFuture$SynchronizedHelper             : loaded 2 times (x 76B)
Class com.google.common.collect.ArrayListMultimap                                     : loaded 2 times (x 170B)
Class com.google.common.base.Strings                                                  : loaded 2 times (x 69B)
Class com.google.common.cache.CacheLoader$InvalidCacheLoadException                   : loaded 2 times (x 80B)
Class org.gradle.internal.classloader.DefaultClassLoaderFactory                       : loaded 2 times (x 80B)
Class com.google.common.collect.UnmodifiableIterator                                  : loaded 2 times (x 78B)
Class com.google.common.base.Stopwatch                                                : loaded 2 times (x 70B)
Class com.google.common.base.Platform$JdkPatternCompiler                              : loaded 2 times (x 73B)
Class com.google.common.cache.LocalCache$LoadingValueReference                        : loaded 2 times (x 94B)
Class com.google.common.base.CharMatcher$SingleWidth                                  : loaded 2 times (x 110B)
Class com.google.common.collect.Hashing                                               : loaded 2 times (x 69B)
Class com.google.common.base.JdkPattern                                               : loaded 2 times (x 73B)
Class com.google.common.collect.Multimap                                              : loaded 2 times (x 68B)
Class com.google.common.base.FunctionalEquivalence                                    : loaded 2 times (x 81B)
Class org.objectweb.asm.AnnotationVisitor                                             : loaded 2 times (x 76B)
Class org.objectweb.asm.RecordComponentWriter                                         : loaded 2 times (x 76B)
Class com.google.common.cache.LocalCache$1                                            : loaded 2 times (x 87B)
Class com.google.common.cache.LocalCache$2                                            : loaded 2 times (x 140B)
Class com.google.common.collect.RegularImmutableBiMap                                 : loaded 2 times (x 146B)
Class org.gradle.internal.classloader.VisitableURLClassLoader$Spec                    : loaded 2 times (x 72B)
Class org.gradle.api.GradleException                                                  : loaded 2 times (x 80B)
Class com.google.common.base.CharMatcher$JavaLetterOrDigit                            : loaded 2 times (x 109B)
Class org.gradle.api.internal.classpath.ModuleRegistry                                : loaded 2 times (x 68B)
Class com.google.common.cache.CacheBuilder                                            : loaded 2 times (x 70B)
Class org.objectweb.asm.ByteVector                                                    : loaded 2 times (x 77B)
Class com.google.common.collect.ImmutableCollection                                   : loaded 2 times (x 123B)
Class com.google.common.base.PairwiseEquivalence                                      : loaded 2 times (x 81B)
Class com.google.common.base.Ticker                                                   : loaded 2 times (x 70B)
Class org.gradle.api.internal.ClassPathProvider                                       : loaded 2 times (x 68B)
Class com.google.common.base.Ascii                                                    : loaded 2 times (x 69B)
Class org.objectweb.asm.ModuleVisitor                                                 : loaded 2 times (x 79B)
Class org.objectweb.asm.ModuleWriter                                                  : loaded 2 times (x 80B)
Class org.gradle.internal.classloader.ClasspathUtil$1                                 : loaded 2 times (x 74B)
Class com.google.common.collect.ImmutableEnumMap                                      : loaded 2 times (x 123B)
Class com.google.common.collect.ImmutableList$ReverseImmutableList                    : loaded 2 times (x 168B)
Class com.google.common.cache.AbstractCache$StatsCounter                              : loaded 2 times (x 68B)
Class org.objectweb.asm.FieldVisitor                                                  : loaded 2 times (x 75B)
Class org.objectweb.asm.Symbol                                                        : loaded 2 times (x 71B)
Class com.google.common.cache.LocalCache$Strength$1                                   : loaded 2 times (x 79B)
Class com.google.common.cache.LocalCache$Strength$2                                   : loaded 2 times (x 79B)
Class com.google.common.cache.LocalCache$Strength$3                                   : loaded 2 times (x 79B)
Class org.gradle.internal.classloader.ClassLoaderFactory                              : loaded 2 times (x 68B)
Class com.google.common.collect.ObjectArrays                                          : loaded 2 times (x 69B)
Class com.google.common.util.concurrent.AbstractFuture$Waiter                         : loaded 2 times (x 70B)
Class com.google.common.util.concurrent.Uninterruptibles                              : loaded 2 times (x 69B)
Class com.google.common.collect.Iterators$10                                          : loaded 2 times (x 79B)
Class com.google.common.collect.ImmutableList                                         : loaded 2 times (x 166B)
Class org.gradle.api.internal.classpath.ManifestUtil                                  : loaded 2 times (x 69B)
Class org.gradle.api.specs.Spec                                                       : loaded 2 times (x 68B)
Class com.google.common.cache.CacheLoader$UnsupportedLoadingOperationException        : loaded 2 times (x 80B)
Class com.google.common.base.CharMatcher$Whitespace                                   : loaded 2 times (x 110B)
Class com.google.common.util.concurrent.ListenableFuture                              : loaded 2 times (x 68B)
Class com.google.common.collect.Iterators$1                                           : loaded 2 times (x 79B)
Class com.google.common.collect.Iterators$4                                           : loaded 2 times (x 80B)
Class com.google.common.collect.RegularImmutableMap$BucketOverflowException           : loaded 2 times (x 80B)
Class com.google.common.collect.Iterators$5                                           : loaded 2 times (x 80B)
Class com.google.common.util.concurrent.AbstractFuture$UnsafeAtomicHelper             : loaded 2 times (x 76B)
Class com.google.common.base.Joiner                                                   : loaded 2 times (x 77B)
Class com.google.common.base.Equivalence$Equals                                       : loaded 2 times (x 80B)
Class com.google.common.base.Preconditions                                            : loaded 2 times (x 69B)
Class com.google.common.base.Function                                                 : loaded 2 times (x 68B)
Class com.google.common.collect.Iterators$9                                           : loaded 2 times (x 79B)
Class org.gradle.internal.IoActions                                                   : loaded 2 times (x 69B)
Class com.google.common.cache.ReferenceEntry                                          : loaded 2 times (x 68B)
Class com.google.common.collect.RegularImmutableMap$KeySet                            : loaded 2 times (x 148B)
Class com.google.common.collect.CollectPreconditions                                  : loaded 2 times (x 69B)
Class com.google.common.primitives.IntsMethodsForWeb                                  : loaded 2 times (x 69B)
Class com.google.common.collect.Maps                                                  : loaded 2 times (x 69B)
Class com.google.common.collect.RegularImmutableMap                                   : loaded 2 times (x 119B)
Class com.google.common.collect.AbstractIndexedListIterator                           : loaded 2 times (x 94B)
Class com.google.common.base.CharMatcher$None                                         : loaded 2 times (x 110B)
Class org.gradle.api.internal.classpath.EffectiveClassPath                            : loaded 2 times (x 88B)
Class com.google.common.collect.UnmodifiableListIterator                              : loaded 2 times (x 93B)
Class com.google.common.cache.CacheLoader$FunctionToCacheLoader                       : loaded 2 times (x 73B)
Class com.google.common.cache.CacheBuilder$1                                          : loaded 2 times (x 83B)
Class com.google.common.cache.CacheBuilder$2                                          : loaded 2 times (x 70B)
Class com.google.common.collect.ImmutableList$1                                       : loaded 2 times (x 95B)
Class com.google.common.base.Splitter$Strategy                                        : loaded 2 times (x 68B)
Class com.google.common.collect.ImmutableMapEntrySet$RegularEntrySet                  : loaded 2 times (x 149B)
Class [Lcom.google.common.cache.RemovalListener;                                      : loaded 2 times (x 67B)
Class [Lcom.google.common.collect.ImmutableMapEntry;                                  : loaded 2 times (x 67B)
Class org.gradle.internal.installation.CurrentGradleInstallation                      : loaded 2 times (x 71B)
Class org.gradle.internal.agents.InstrumentingClassLoader                             : loaded 2 times (x 68B)
Class org.gradle.internal.installation.CurrentGradleInstallationLocator               : loaded 2 times (x 69B)
Class [Lcom.google.common.cache.LocalCache$Segment;                                   : loaded 2 times (x 67B)
Class org.gradle.api.internal.classpath.Module                                        : loaded 2 times (x 68B)
Class com.google.common.base.Splitter$1$1                                             : loaded 2 times (x 84B)
Class com.google.common.collect.ImmutableSet$JdkBackedSetBuilderImpl                  : loaded 2 times (x 74B)
Class com.google.common.collect.ImmutableSet$RegularSetBuilderImpl                    : loaded 2 times (x 75B)
Class [Lorg.objectweb.asm.AnnotationWriter;                                           : loaded 2 times (x 67B)
Class org.gradle.internal.service.CachingServiceLocator                               : loaded 2 times (x 80B)
Class [Lcom.google.common.collect.ImmutableEntry;                                     : loaded 2 times (x 67B)
Class org.gradle.internal.classpath.DefaultClassPath                                  : loaded 2 times (x 88B)
Class com.google.common.util.concurrent.AbstractFuture$SetFuture                      : loaded 2 times (x 73B)
Class com.google.common.base.Splitter$SplittingIterator                               : loaded 2 times (x 82B)
Class com.google.common.cache.LocalCache$LocalManualCache$1                           : loaded 2 times (x 73B)
Class com.google.common.collect.Iterators$MergingIterator                             : loaded 2 times (x 79B)
Class org.objectweb.asm.SymbolTable$Entry                                             : loaded 2 times (x 72B)
Class [Lcom.google.common.cache.LocalCache$EntryFactory;                              : loaded 2 times (x 67B)
Class com.google.common.base.CharMatcher$Is                                           : loaded 2 times (x 109B)
Class com.google.common.base.Platform                                                 : loaded 2 times (x 69B)
Class com.google.common.collect.RegularImmutableAsList                                : loaded 2 times (x 176B)
Class com.google.common.collect.PeekingIterator                                       : loaded 2 times (x 68B)
Class com.google.common.collect.ImmutableMapEntrySet                                  : loaded 2 times (x 149B)
Class com.google.common.cache.CacheLoader                                             : loaded 2 times (x 72B)
Class com.google.common.collect.ImmutableBiMapFauxverideShim                          : loaded 2 times (x 118B)
Class org.objectweb.asm.MethodTooLargeException                                       : loaded 2 times (x 81B)
Class com.google.common.cache.Cache                                                   : loaded 2 times (x 68B)
Class org.gradle.internal.classloader.SystemClassLoaderSpec                           : loaded 2 times (x 69B)
Class com.google.common.util.concurrent.internal.InternalFutureFailureAccess          : loaded 2 times (x 70B)
Class com.google.common.base.Charsets                                                 : loaded 2 times (x 69B)
Class com.google.common.primitives.Ints$IntConverter                                  : loaded 2 times (x 88B)
Class com.google.common.collect.SingletonImmutableSet                                 : loaded 2 times (x 144B)
Class [Lcom.google.common.base.AbstractIterator$State;                                : loaded 2 times (x 67B)
Class com.google.common.collect.ImmutableMap$Builder                                  : loaded 2 times (x 80B)
Class com.google.common.base.AbstractIterator                                         : loaded 2 times (x 78B)
Class org.objectweb.asm.ClassWriter                                                   : loaded 2 times (x 104B)
Class com.google.common.base.AbstractIterator$1                                       : loaded 2 times (x 69B)
Class [Lcom.google.common.cache.CacheBuilder$OneWeigher;                              : loaded 2 times (x 67B)
Class com.google.common.collect.Iterators                                             : loaded 2 times (x 69B)
Class com.google.common.base.CharMatcher$Ascii                                        : loaded 2 times (x 110B)
Class com.google.common.base.CharMatcher$1                                            : loaded 2 times (x 111B)
Class com.google.common.cache.LocalCache$ComputingValueReference                      : loaded 2 times (x 94B)
Class org.gradle.api.UncheckedIOException                                             : loaded 2 times (x 80B)
Class com.google.common.base.CharMatcher$And                                          : loaded 2 times (x 110B)
Class com.google.common.collect.IndexedImmutableSet                                   : loaded 2 times (x 148B)
Class com.google.common.collect.AbstractListMultimap                                  : loaded 2 times (x 170B)
Class com.google.common.base.CharMatcher$Any                                          : loaded 2 times (x 110B)
Class com.google.common.collect.RegularImmutableMap$Values                            : loaded 2 times (x 167B)
Class com.google.common.cache.LocalCache$Strength                                     : loaded 2 times (x 79B)
Class com.google.common.collect.ArrayListMultimapGwtSerializationDependencies         : loaded 2 times (x 170B)
Class com.google.common.base.CharMatcher$RangesMatcher                                : loaded 2 times (x 110B)
Class org.objectweb.asm.Handler                                                       : loaded 2 times (x 70B)
Class com.google.common.collect.ImmutableList$SubList                                 : loaded 2 times (x 168B)
Class com.google.common.cache.LocalCache$ValueReference                               : loaded 2 times (x 68B)
Class org.gradle.internal.classloader.ClasspathUtil                                   : loaded 2 times (x 69B)
Class org.objectweb.asm.CurrentFrame                                                  : loaded 2 times (x 71B)
Class com.google.common.util.concurrent.AbstractFuture                                : loaded 2 times (x 93B)
Class com.google.common.base.Splitter$1                                               : loaded 2 times (x 75B)
Class com.google.common.base.Ticker$1                                                 : loaded 2 times (x 70B)
Class com.google.common.collect.Maps$BiMapConverter                                   : loaded 2 times (x 88B)
Class org.gradle.api.internal.DefaultClassPathRegistry                                : loaded 2 times (x 74B)
Class com.google.common.util.concurrent.AbstractFuture$Cancellation                   : loaded 2 times (x 70B)
Class [Lorg.objectweb.asm.Symbol;                                                     : loaded 2 times (x 67B)
Class com.google.common.collect.ImmutableSet$SetBuilderImpl                           : loaded 2 times (x 74B)
Class org.gradle.api.internal.classpath.DefaultModuleRegistry$DefaultModule           : loaded 2 times (x 84B)
Class com.google.common.base.CharMatcher$JavaIsoControl                               : loaded 2 times (x 110B)
Class com.google.common.collect.ImmutableMap$1                                        : loaded 2 times (x 79B)
Class com.google.common.base.CharMatcher$Or                                           : loaded 2 times (x 110B)
Class org.gradle.kotlin.dsl.VersionCatalogAccessorsKt                                 : loaded 2 times (x 69B)
Class com.google.common.base.Suppliers$SupplierOfInstance                             : loaded 2 times (x 77B)
Class org.objectweb.asm.RecordComponentVisitor                                        : loaded 2 times (x 75B)
Class com.google.common.collect.Iterables                                             : loaded 2 times (x 69B)
Class com.google.common.base.CharMatcher$JavaLowerCase                                : loaded 2 times (x 109B)
Class org.objectweb.asm.ClassTooLargeException                                        : loaded 2 times (x 81B)
Class org.gradle.api.internal.classpath.UnknownModuleException                        : loaded 2 times (x 80B)
Class com.google.common.util.concurrent.AbstractFuture$Listener                       : loaded 2 times (x 70B)
Class org.objectweb.asm.Edge                                                          : loaded 2 times (x 70B)
Class com.google.common.collect.Maps$EntryTransformer                                 : loaded 2 times (x 68B)
Class com.google.common.collect.ImmutableCollection$Builder                           : loaded 2 times (x 74B)
Class [Lorg.objectweb.asm.SymbolTable$Entry;                                          : loaded 2 times (x 67B)
Class com.google.common.collect.SingletonImmutableBiMap                               : loaded 2 times (x 141B)
Class com.google.common.base.CommonPattern                                            : loaded 2 times (x 72B)
Class com.google.common.base.Suppliers                                                : loaded 2 times (x 69B)
Class org.objectweb.asm.ClassVisitor                                                  : loaded 2 times (x 86B)
Class com.google.common.cache.LoadingCache                                            : loaded 2 times (x 68B)
Class org.gradle.internal.service.ServiceLookupException                              : loaded 2 times (x 80B)
Class org.gradle.cache.GlobalCache                                                    : loaded 2 times (x 68B)
Class com.google.common.base.CharMatcher$NegatedFastMatcher                           : loaded 2 times (x 111B)
Class [Lorg.gradle.api.internal.ClassPathProvider;                                    : loaded 2 times (x 67B)
Class com.google.common.util.concurrent.AbstractFuture$SafeAtomicHelper               : loaded 2 times (x 77B)
Class org.gradle.util.internal.GUtil                                                  : loaded 2 times (x 69B)
Class com.google.common.math.IntMath                                                  : loaded 2 times (x 69B)
Class com.google.common.collect.AbstractIterator                                      : loaded 2 times (x 80B)
Class org.gradle.internal.classloader.ClassLoaderSpec                                 : loaded 2 times (x 69B)
Class com.google.common.base.NullnessCasts                                            : loaded 2 times (x 69B)
Class org.objectweb.asm.Frame                                                         : loaded 2 times (x 71B)
Class com.google.common.cache.LocalCache$LocalManualCache                             : loaded 2 times (x 97B)
Class com.google.common.collect.AbstractMapEntry                                      : loaded 2 times (x 79B)
Class com.google.common.collect.ImmutableList$Builder                                 : loaded 2 times (x 75B)
Class com.google.common.base.CharMatcher$Negated                                      : loaded 2 times (x 111B)
Class com.google.common.cache.CacheLoader$1                                           : loaded 2 times (x 73B)
Class com.google.common.util.concurrent.AbstractFuture$TrustedFuture                  : loaded 2 times (x 95B)
Class com.google.common.collect.Sets                                                  : loaded 2 times (x 69B)
Class com.google.common.collect.ImmutableSet$Builder                                  : loaded 2 times (x 83B)
Class com.google.common.base.CharMatcher$ForPredicate                                 : loaded 2 times (x 110B)
Class com.google.common.collect.ImmutableMap$MapViewOfValuesAsSingletonSets           : loaded 2 times (x 123B)
Class com.google.common.base.MoreObjects                                              : loaded 2 times (x 69B)
Class com.google.common.collect.SortedMapDifference                                   : loaded 2 times (x 68B)
Class org.objectweb.asm.SymbolTable                                                   : loaded 2 times (x 70B)
Class [Lorg.objectweb.asm.AnnotationVisitor;                                          : loaded 2 times (x 67B)
Class com.google.common.cache.CacheStats                                              : loaded 2 times (x 69B)
Class org.objectweb.asm.Attribute                                                     : loaded 2 times (x 75B)
Class org.gradle.internal.classloader.VisitableURLClassLoader                         : loaded 2 times (x 115B)
Class com.google.common.cache.LocalCache$LocalLoadingCache                            : loaded 2 times (x 132B)
Class com.google.common.base.Supplier                                                 : loaded 2 times (x 68B)
Class com.google.common.util.concurrent.AbstractFuture$AtomicHelper                   : loaded 2 times (x 76B)
Class com.google.common.collect.ImmutableBiMap                                        : loaded 2 times (x 141B)
Class org.gradle.internal.Cast                                                        : loaded 2 times (x 69B)
Class org.gradle.internal.installation.GradleInstallation                             : loaded 2 times (x 73B)
Class org.gradle.api.internal.ClassPathRegistry                                       : loaded 2 times (x 68B)
Class com.google.common.cache.LocalCache$EntryFactory                                 : loaded 2 times (x 81B)
Class com.google.common.util.concurrent.UncheckedExecutionException                   : loaded 2 times (x 80B)
Class com.google.common.collect.ImmutableSet                                          : loaded 2 times (x 143B)
Class org.gradle.internal.classloader.VisitableURLClassLoader$InstrumentingVisitableURLClassLoader: loaded 2 times (x 121B)
Class org.gradle.internal.classloader.ClassLoaderHierarchy                            : loaded 2 times (x 68B)
Class [Lorg.objectweb.asm.Type;                                                       : loaded 2 times (x 67B)
Class com.google.common.base.AbstractIterator$State                                   : loaded 2 times (x 77B)
Class com.google.common.cache.Weigher                                                 : loaded 2 times (x 68B)
Class com.google.common.base.CharMatcher$NamedFastMatcher                             : loaded 2 times (x 110B)
Class org.gradle.internal.InternalTransformer                                         : loaded 2 times (x 68B)
Class org.gradle.internal.service.ServiceLocator                                      : loaded 2 times (x 68B)
Class Settings_gradle$1                                                               : loaded 2 times (x 72B)
Class com.google.common.util.concurrent.SettableFuture                                : loaded 2 times (x 95B)
Class com.google.common.collect.ImmutableMapEntry                                     : loaded 2 times (x 83B)
Class com.google.common.base.CharMatcher$Invisible                                    : loaded 2 times (x 110B)
Class com.google.common.base.Joiner$1                                                 : loaded 2 times (x 78B)
Class com.google.common.base.Joiner$2                                                 : loaded 2 times (x 77B)
Class com.google.common.base.CharMatcher$FastMatcher                                  : loaded 2 times (x 109B)
Class org.gradle.internal.classpath.DefaultClassPath$ImmutableUniqueList              : loaded 2 times (x 159B)
Class com.google.common.base.CharMatcher$JavaLetter                                   : loaded 2 times (x 109B)
Class org.gradle.internal.classpath.TransformedClassPath                              : loaded 2 times (x 94B)
Class com.google.common.collect.MapDifference                                         : loaded 2 times (x 68B)
Class com.google.common.collect.Sets$1                                                : loaded 2 times (x 137B)
Class com.google.common.collect.Sets$2                                                : loaded 2 times (x 137B)
Class com.google.common.util.concurrent.AbstractFuture$Trusted                        : loaded 2 times (x 68B)
Class com.google.common.collect.Sets$3                                                : loaded 2 times (x 137B)
Class com.google.common.collect.Sets$4                                                : loaded 2 times (x 137B)
Class Settings_gradle                                                                 : loaded 2 times (x 126B)
Class org.objectweb.asm.MethodWriter                                                  : loaded 2 times (x 104B)
Class com.google.common.collect.Platform                                              : loaded 2 times (x 69B)
Class com.google.common.collect.ImmutableAsList                                       : loaded 2 times (x 169B)
Class com.google.common.util.concurrent.ExecutionError                                : loaded 2 times (x 80B)
Class com.google.common.base.Equivalence$Identity                                     : loaded 2 times (x 80B)
Class com.google.common.base.CharMatcher$AnyOf                                        : loaded 2 times (x 110B)
Class com.google.common.base.CharMatcher$IsEither                                     : loaded 2 times (x 109B)
Class com.google.common.cache.LocalCache                                              : loaded 2 times (x 185B)
Class com.google.common.collect.RegularImmutableList                                  : loaded 2 times (x 172B)
Class com.google.common.util.concurrent.AbstractFuture$UnsafeAtomicHelper$1           : loaded 2 times (x 74B)
Class com.google.common.base.CharMatcher$JavaUpperCase                                : loaded 2 times (x 109B)
Class com.google.common.collect.Multiset                                              : loaded 2 times (x 68B)
Class com.google.common.collect.ImmutableSet$CachingAsList                            : loaded 2 times (x 145B)
Class org.objectweb.asm.MethodVisitor                                                 : loaded 2 times (x 103B)
Class com.google.common.collect.ImmutableMapEntry$NonTerminalImmutableMapEntry        : loaded 2 times (x 83B)
Class com.google.common.collect.AbstractMapBasedMultimap                              : loaded 2 times (x 137B)


---------------  S Y S T E M  ---------------

OS:
 Windows 10 , 64 bit Build 19041 (10.0.19041.4842)
OS uptime: 5 days 1:32 hours

CPU: total 4 (initial active 4) (2 cores per cpu, 2 threads per core) family 6 model 58 stepping 9 microcode 0x21, cx8, cmov, fxsr, ht, mmx, sse, sse2, sse3, ssse3, sse4.1, sse4.2, popcnt, tsc, tscinvbit, avx, aes, erms, clmul, vzeroupper, clflush
Processor Information for all 4 processors :
  Max Mhz: 2601, Current Mhz: 2601, Mhz Limit: 2601

Memory: 4k page, system-wide physical 8077M (755M free)
TotalPageFile size 12077M (AvailPageFile size 9M)
current process WorkingSet (physical memory assigned to process): 339M, peak: 341M
current process commit charge ("private bytes"): 368M, peak: 373M

vm_info: OpenJDK 64-Bit Server VM (17.0.11+0--11852314) for windows-amd64 JRE (17.0.11+0--11852314), built on May 16 2024 21:29:20 by "androidbuild" with MS VC++ 16.10 / 16.11 (VS2019)

END.
