#
# There is insufficient memory for the Java Runtime Environment to continue.
# Native memory allocation (malloc) failed to allocate 1321248 bytes. Error detail: Chunk::new
# Possible reasons:
#   The system is out of physical RAM or swap space
#   This process is running with CompressedOops enabled, and the Java Heap may be blocking the growth of the native heap
# Possible solutions:
#   Reduce memory load on the system
#   Increase physical memory or swap space
#   Check if swap backing store is full
#   Decrease Java heap size (-Xmx/-Xms)
#   Decrease number of Java threads
#   Decrease Java thread stack sizes (-Xss)
#   Set larger code cache with -XX:ReservedCodeCacheSize=
#   JVM is running with Unscaled Compressed Oops mode in which the Java heap is
#     placed in the first 4GB address space. The Java Heap base address is the
#     maximum limit for the native heap growth. Please use -XX:HeapBaseMinAddress
#     to set the Java Heap base and to place the Java Heap above 4GB virtual address.
# This output file may be truncated or incomplete.
#
#  Out of Memory Error (arena.cpp:191), pid=2880, tid=14284
#
# JRE version: OpenJDK Runtime Environment (17.0.11) (build 17.0.11+0--11852314)
# Java VM: OpenJDK 64-Bit Server VM (17.0.11+0--11852314, mixed mode, tiered, compressed oops, compressed class ptrs, g1 gc, windows-amd64)
# No core dump will be written. Minidumps are not enabled by default on client versions of Windows
#

---------------  S U M M A R Y ------------

Command Line: --add-opens=java.base/java.util=ALL-UNNAMED --add-opens=java.base/java.lang=ALL-UNNAMED --add-opens=java.base/java.lang.invoke=ALL-UNNAMED --add-opens=java.prefs/java.util.prefs=ALL-UNNAMED --add-opens=java.base/java.nio.charset=ALL-UNNAMED --add-opens=java.base/java.net=ALL-UNNAMED --add-opens=java.base/java.util.concurrent.atomic=ALL-UNNAMED -Xmx2048m -Dfile.encoding=UTF-8 -Duser.country=US -Duser.language=en -Duser.variant -javaagent:C:\Users\Thao\.gradle\wrapper\dists\gradle-8.7-bin\bhs2wmbdwecv87pi65oeuq5iu\gradle-8.7\lib\agents\gradle-instrumentation-agent-8.7.jar org.gradle.launcher.daemon.bootstrap.GradleDaemon 8.7

Host: Intel(R) Core(TM) i5-3230M CPU @ 2.60GHz, 4 cores, 7G,  Windows 10 , 64 bit Build 19041 (10.0.19041.4842)
Time: Sat Sep 21 04:24:04 2024 SE Asia Standard Time elapsed time: 8.657361 seconds (0d 0h 0m 8s)

---------------  T H R E A D  ---------------

Current thread (0x000001bdeb6720e0):  JavaThread "C2 CompilerThread0" daemon [_thread_in_native, id=14284, stack(0x000000a221e00000,0x000000a221f00000)]


Current CompileTask:
C2:   8657 4179   !   4       java.net.URLClassLoader$1::run (81 bytes)

Stack: [0x000000a221e00000,0x000000a221f00000]
Native frames: (J=compiled Java code, j=interpreted, Vv=VM code, C=native code)
V  [jvm.dll+0x687bb9]
V  [jvm.dll+0x84142a]
V  [jvm.dll+0x8430ae]
V  [jvm.dll+0x843713]
V  [jvm.dll+0x24a35f]
V  [jvm.dll+0xac544]
V  [jvm.dll+0xacb8c]
V  [jvm.dll+0x369c37]
V  [jvm.dll+0x1be126]
V  [jvm.dll+0x21c029]
V  [jvm.dll+0x21b311]
V  [jvm.dll+0x1a63ed]
V  [jvm.dll+0x22b1ee]
V  [jvm.dll+0x229375]
V  [jvm.dll+0x7f5647]
V  [jvm.dll+0x7efa4a]
V  [jvm.dll+0x686a35]
C  [ucrtbase.dll+0x21bb2]
C  [KERNEL32.DLL+0x17374]
C  [ntdll.dll+0x4cc91]


---------------  P R O C E S S  ---------------

Threads class SMR info:
_java_thread_list=0x000001bdf30c5220, length=33, elements={
0x000001bdd1f0f5c0, 0x000001bdeb4e7370, 0x000001bdeb4e89c0, 0x000001bdeb66d550,
0x000001bdeb66ff30, 0x000001bdeb670c10, 0x000001bdeb6714e0, 0x000001bdeb6720e0,
0x000001bdeb673200, 0x000001bdeb6f4e80, 0x000001bdeb778140, 0x000001bdf000fa30,
0x000001bdeb956c00, 0x000001bdf2911410, 0x000001bdf09b8f90, 0x000001bdf20b05b0,
0x000001bdf1634c60, 0x000001bdf1272040, 0x000001bdf24c31e0, 0x000001bdf24c4b30,
0x000001bdf24c36f0, 0x000001bdf24c3c00, 0x000001bdf24c4110, 0x000001bdf1d983b0,
0x000001bdf1d9d4b0, 0x000001bdf1d9cfa0, 0x000001bdf1d9e3e0, 0x000001bdf1d97990,
0x000001bdf1d9c580, 0x000001bdf1d96f70, 0x000001bdf1d992e0, 0x000001bdf1d988c0,
0x000001bdf1d97480
}

Java Threads: ( => current thread )
  0x000001bdd1f0f5c0 JavaThread "main" [_thread_blocked, id=12820, stack(0x000000a221100000,0x000000a221200000)]
  0x000001bdeb4e7370 JavaThread "Reference Handler" daemon [_thread_blocked, id=8716, stack(0x000000a221800000,0x000000a221900000)]
  0x000001bdeb4e89c0 JavaThread "Finalizer" daemon [_thread_blocked, id=12004, stack(0x000000a221900000,0x000000a221a00000)]
  0x000001bdeb66d550 JavaThread "Signal Dispatcher" daemon [_thread_blocked, id=1812, stack(0x000000a221a00000,0x000000a221b00000)]
  0x000001bdeb66ff30 JavaThread "Attach Listener" daemon [_thread_blocked, id=3820, stack(0x000000a221b00000,0x000000a221c00000)]
  0x000001bdeb670c10 JavaThread "Service Thread" daemon [_thread_blocked, id=6272, stack(0x000000a221c00000,0x000000a221d00000)]
  0x000001bdeb6714e0 JavaThread "Monitor Deflation Thread" daemon [_thread_blocked, id=10484, stack(0x000000a221d00000,0x000000a221e00000)]
=>0x000001bdeb6720e0 JavaThread "C2 CompilerThread0" daemon [_thread_in_native, id=14284, stack(0x000000a221e00000,0x000000a221f00000)]
  0x000001bdeb673200 JavaThread "C1 CompilerThread0" daemon [_thread_blocked, id=14864, stack(0x000000a221f00000,0x000000a222000000)]
  0x000001bdeb6f4e80 JavaThread "Sweeper thread" daemon [_thread_blocked, id=10792, stack(0x000000a222000000,0x000000a222100000)]
  0x000001bdeb778140 JavaThread "Common-Cleaner" daemon [_thread_blocked, id=736, stack(0x000000a222100000,0x000000a222200000)]
  0x000001bdf000fa30 JavaThread "Notification Thread" daemon [_thread_blocked, id=1244, stack(0x000000a222200000,0x000000a222300000)]
  0x000001bdeb956c00 JavaThread "C2 CompilerThread1" daemon [_thread_in_native, id=7020, stack(0x000000a222400000,0x000000a222500000)]
  0x000001bdf2911410 JavaThread "Daemon health stats" [_thread_blocked, id=3064, stack(0x000000a222800000,0x000000a222900000)]
  0x000001bdf09b8f90 JavaThread "Incoming local TCP Connector on port 51541" [_thread_in_native, id=10992, stack(0x000000a222900000,0x000000a222a00000)]
  0x000001bdf20b05b0 JavaThread "Daemon periodic checks" [_thread_blocked, id=2928, stack(0x000000a222a00000,0x000000a222b00000)]
  0x000001bdf1634c60 JavaThread "Daemon" [_thread_blocked, id=8968, stack(0x000000a222b00000,0x000000a222c00000)]
  0x000001bdf1272040 JavaThread "Handler for socket connection from /127.0.0.1:51541 to /127.0.0.1:51542" [_thread_in_native, id=13336, stack(0x000000a222c00000,0x000000a222d00000)]
  0x000001bdf24c31e0 JavaThread "Cancel handler" [_thread_blocked, id=11548, stack(0x000000a222d00000,0x000000a222e00000)]
  0x000001bdf24c4b30 JavaThread "Daemon worker" [_thread_in_vm, id=4560, stack(0x000000a222e00000,0x000000a222f00000)]
  0x000001bdf24c36f0 JavaThread "Asynchronous log dispatcher for DefaultDaemonConnection: socket connection from /127.0.0.1:51541 to /127.0.0.1:51542" [_thread_blocked, id=6580, stack(0x000000a222f00000,0x000000a223000000)]
  0x000001bdf24c3c00 JavaThread "Stdin handler" [_thread_blocked, id=2468, stack(0x000000a223000000,0x000000a223100000)]
  0x000001bdf24c4110 JavaThread "Daemon client event forwarder" [_thread_blocked, id=10700, stack(0x000000a223100000,0x000000a223200000)]
  0x000001bdf1d983b0 JavaThread "Cache worker for journal cache (C:\Users\Thao\.gradle\caches\journal-1)" [_thread_blocked, id=3308, stack(0x000000a223200000,0x000000a223300000)]
  0x000001bdf1d9d4b0 JavaThread "File lock request listener" [_thread_in_native, id=14364, stack(0x000000a223300000,0x000000a223400000)]
  0x000001bdf1d9cfa0 JavaThread "Cache worker for file hash cache (C:\Users\Thao\.gradle\caches\8.7\fileHashes)" [_thread_blocked, id=12336, stack(0x000000a223400000,0x000000a223500000)]
  0x000001bdf1d9e3e0 JavaThread "Cache worker for file hash cache (D:\android\New folder\Body_Mass_Index\.gradle\8.7\fileHashes)" [_thread_blocked, id=6944, stack(0x000000a223500000,0x000000a223600000)]
  0x000001bdf1d97990 JavaThread "File watcher server" daemon [_thread_in_native, id=12148, stack(0x000000a223600000,0x000000a223700000)]
  0x000001bdf1d9c580 JavaThread "File watcher consumer" daemon [_thread_blocked, id=2780, stack(0x000000a223700000,0x000000a223800000)]
  0x000001bdf1d96f70 JavaThread "Cache worker for checksums cache (D:\android\New folder\Body_Mass_Index\.gradle\8.7\checksums)" [_thread_blocked, id=7972, stack(0x000000a223800000,0x000000a223900000)]
  0x000001bdf1d992e0 JavaThread "Cache worker for cache directory md-supplier (C:\Users\Thao\.gradle\caches\8.7\md-supplier)" [_thread_blocked, id=13448, stack(0x000000a223900000,0x000000a223a00000)]
  0x000001bdf1d988c0 JavaThread "Cache worker for cache directory md-rule (C:\Users\Thao\.gradle\caches\8.7\md-rule)" [_thread_blocked, id=5572, stack(0x000000a223a00000,0x000000a223b00000)]
  0x000001bdf1d97480 JavaThread "Cache worker for file content cache (C:\Users\Thao\.gradle\caches\8.7\fileContent)" [_thread_blocked, id=14616, stack(0x000000a223b00000,0x000000a223c00000)]

Other Threads:
  0x000001bdeb4ddf80 VMThread "VM Thread" [stack: 0x000000a221700000,0x000000a221800000] [id=11432]
  0x000001bdd1f10390 WatcherThread [stack: 0x000000a222300000,0x000000a222400000] [id=6836]
  0x000001bdd1f6c9f0 GCTaskThread "GC Thread#0" [stack: 0x000000a221200000,0x000000a221300000] [id=11252]
  0x000001bdf00aeb90 GCTaskThread "GC Thread#1" [stack: 0x000000a222500000,0x000000a222600000] [id=9484]
  0x000001bdf002e030 GCTaskThread "GC Thread#2" [stack: 0x000000a222600000,0x000000a222700000] [id=9448]
  0x000001bdf01b60e0 GCTaskThread "GC Thread#3" [stack: 0x000000a222700000,0x000000a222800000] [id=1556]
  0x000001bdd1f7d850 ConcurrentGCThread "G1 Main Marker" [stack: 0x000000a221300000,0x000000a221400000] [id=7824]
  0x000001bdd1f7e920 ConcurrentGCThread "G1 Conc#0" [stack: 0x000000a221400000,0x000000a221500000] [id=10664]
  0x000001bdeb3530d0 ConcurrentGCThread "G1 Refine#0" [stack: 0x000000a221500000,0x000000a221600000] [id=11068]
  0x000001bdf37395d0 ConcurrentGCThread "G1 Refine#1" [stack: 0x000000a223c00000,0x000000a223d00000] [id=11516]
  0x000001bdeb353a10 ConcurrentGCThread "G1 Service" [stack: 0x000000a221600000,0x000000a221700000] [id=8996]

Threads with active compile tasks:
C2 CompilerThread0     8694 4179   !   4       java.net.URLClassLoader$1::run (81 bytes)
C2 CompilerThread1     8694 4180   !   4       java.net.URLClassLoader::findClass (47 bytes)

VM state: not at safepoint (normal execution)

VM Mutex/Monitor currently owned by a thread: None

Heap address: 0x0000000080000000, size: 2048 MB, Compressed Oops mode: 32-bit

CDS archive(s) not mapped
Compressed class space mapped at: 0x0000000100000000-0x0000000140000000, reserved size: 1073741824
Narrow klass base: 0x0000000000000000, Narrow klass shift: 3, Narrow klass range: 0x140000000

GC Precious Log:
 CPUs: 4 total, 4 available
 Memory: 8077M
 Large Page Support: Disabled
 NUMA Support: Disabled
 Compressed Oops: Enabled (32-bit)
 Heap Region Size: 1M
 Heap Min Capacity: 8M
 Heap Initial Capacity: 128M
 Heap Max Capacity: 2G
 Pre-touch: Disabled
 Parallel Workers: 4
 Concurrent Workers: 1
 Concurrent Refinement Workers: 4
 Periodic GC: Disabled

Heap:
 garbage-first heap   total 91136K, used 53054K [0x0000000080000000, 0x0000000100000000)
  region size 1024K, 25 young (25600K), 4 survivors (4096K)
 Metaspace       used 49603K, committed 50112K, reserved 1114112K
  class space    used 6796K, committed 7040K, reserved 1048576K

Heap Regions: E=young(eden), S=young(survivor), O=old, HS=humongous(starts), HC=humongous(continues), CS=collection set, F=free, OA=open archive, CA=closed archive, TAMS=top-at-mark-start (previous, next)
|   0|0x0000000080000000, 0x0000000080100000, 0x0000000080100000|100%| O|  |TAMS 0x0000000080100000, 0x0000000080000000| Untracked 
|   1|0x0000000080100000, 0x0000000080200000, 0x0000000080200000|100%| O|  |TAMS 0x0000000080200000, 0x0000000080100000| Untracked 
|   2|0x0000000080200000, 0x0000000080300000, 0x0000000080300000|100%|HS|  |TAMS 0x0000000080300000, 0x0000000080200000| Complete 
|   3|0x0000000080300000, 0x0000000080400000, 0x0000000080400000|100%|HC|  |TAMS 0x0000000080400000, 0x0000000080300000| Complete 
|   4|0x0000000080400000, 0x0000000080500000, 0x0000000080500000|100%|HC|  |TAMS 0x0000000080500000, 0x0000000080400000| Complete 
|   5|0x0000000080500000, 0x0000000080600000, 0x0000000080600000|100%|HC|  |TAMS 0x0000000080600000, 0x0000000080500000| Complete 
|   6|0x0000000080600000, 0x0000000080700000, 0x0000000080700000|100%| O|  |TAMS 0x0000000080700000, 0x0000000080600000| Untracked 
|   7|0x0000000080700000, 0x0000000080800000, 0x0000000080800000|100%| O|  |TAMS 0x0000000080800000, 0x0000000080700000| Untracked 
|   8|0x0000000080800000, 0x0000000080900000, 0x0000000080900000|100%| O|  |TAMS 0x0000000080900000, 0x0000000080800000| Untracked 
|   9|0x0000000080900000, 0x0000000080a00000, 0x0000000080a00000|100%| O|  |TAMS 0x0000000080a00000, 0x0000000080900000| Untracked 
|  10|0x0000000080a00000, 0x0000000080ac5600, 0x0000000080b00000| 77%| O|  |TAMS 0x0000000080ac5600, 0x0000000080a00000| Untracked 
|  11|0x0000000080b00000, 0x0000000080c00000, 0x0000000080c00000|100%| O|  |TAMS 0x0000000080c00000, 0x0000000080b00000| Untracked 
|  12|0x0000000080c00000, 0x0000000080d00000, 0x0000000080d00000|100%| O|  |TAMS 0x0000000080d00000, 0x0000000080c00000| Untracked 
|  13|0x0000000080d00000, 0x0000000080e00000, 0x0000000080e00000|100%| O|  |TAMS 0x0000000080e00000, 0x0000000080d00000| Untracked 
|  14|0x0000000080e00000, 0x0000000080f00000, 0x0000000080f00000|100%| O|  |TAMS 0x0000000080f00000, 0x0000000080e00000| Untracked 
|  15|0x0000000080f00000, 0x0000000081000000, 0x0000000081000000|100%| O|  |TAMS 0x0000000081000000, 0x0000000080f00000| Untracked 
|  16|0x0000000081000000, 0x0000000081100000, 0x0000000081100000|100%| O|  |TAMS 0x0000000081100000, 0x0000000081000000| Untracked 
|  17|0x0000000081100000, 0x0000000081200000, 0x0000000081200000|100%| O|  |TAMS 0x0000000081200000, 0x0000000081100000| Untracked 
|  18|0x0000000081200000, 0x0000000081300000, 0x0000000081300000|100%| O|  |TAMS 0x0000000081300000, 0x0000000081200000| Untracked 
|  19|0x0000000081300000, 0x0000000081400000, 0x0000000081400000|100%| O|  |TAMS 0x0000000081400000, 0x0000000081300000| Untracked 
|  20|0x0000000081400000, 0x0000000081500000, 0x0000000081500000|100%| O|  |TAMS 0x0000000081496a00, 0x0000000081400000| Untracked 
|  21|0x0000000081500000, 0x0000000081600000, 0x0000000081600000|100%| O|  |TAMS 0x0000000081500000, 0x0000000081500000| Untracked 
|  22|0x0000000081600000, 0x0000000081700000, 0x0000000081700000|100%| O|  |TAMS 0x0000000081600000, 0x0000000081600000| Untracked 
|  23|0x0000000081700000, 0x0000000081800000, 0x0000000081800000|100%| O|  |TAMS 0x0000000081700000, 0x0000000081700000| Untracked 
|  24|0x0000000081800000, 0x0000000081900000, 0x0000000081900000|100%| O|  |TAMS 0x0000000081800000, 0x0000000081800000| Untracked 
|  25|0x0000000081900000, 0x0000000081a00000, 0x0000000081a00000|100%| O|  |TAMS 0x0000000081900000, 0x0000000081900000| Untracked 
|  26|0x0000000081a00000, 0x0000000081b00000, 0x0000000081b00000|100%| O|  |TAMS 0x0000000081a00000, 0x0000000081a00000| Untracked 
|  27|0x0000000081b00000, 0x0000000081c00000, 0x0000000081c00000|100%| O|  |TAMS 0x0000000081b00000, 0x0000000081b00000| Untracked 
|  28|0x0000000081c00000, 0x0000000081c6ea00, 0x0000000081d00000| 43%| O|  |TAMS 0x0000000081c00000, 0x0000000081c00000| Untracked 
|  29|0x0000000081d00000, 0x0000000081d00000, 0x0000000081e00000|  0%| F|  |TAMS 0x0000000081d00000, 0x0000000081d00000| Untracked 
|  30|0x0000000081e00000, 0x0000000081e00000, 0x0000000081f00000|  0%| F|  |TAMS 0x0000000081e00000, 0x0000000081e00000| Untracked 
|  31|0x0000000081f00000, 0x0000000081f00000, 0x0000000082000000|  0%| F|  |TAMS 0x0000000081f00000, 0x0000000081f00000| Untracked 
|  32|0x0000000082000000, 0x0000000082000000, 0x0000000082100000|  0%| F|  |TAMS 0x0000000082000000, 0x0000000082000000| Untracked 
|  33|0x0000000082100000, 0x0000000082100000, 0x0000000082200000|  0%| F|  |TAMS 0x0000000082100000, 0x0000000082100000| Untracked 
|  34|0x0000000082200000, 0x0000000082200000, 0x0000000082300000|  0%| F|  |TAMS 0x0000000082200000, 0x0000000082200000| Untracked 
|  35|0x0000000082300000, 0x0000000082300000, 0x0000000082400000|  0%| F|  |TAMS 0x0000000082300000, 0x0000000082300000| Untracked 
|  36|0x0000000082400000, 0x0000000082400000, 0x0000000082500000|  0%| F|  |TAMS 0x0000000082400000, 0x0000000082400000| Untracked 
|  37|0x0000000082500000, 0x0000000082500000, 0x0000000082600000|  0%| F|  |TAMS 0x0000000082500000, 0x0000000082500000| Untracked 
|  38|0x0000000082600000, 0x0000000082600000, 0x0000000082700000|  0%| F|  |TAMS 0x0000000082600000, 0x0000000082600000| Untracked 
|  39|0x0000000082700000, 0x0000000082700000, 0x0000000082800000|  0%| F|  |TAMS 0x0000000082700000, 0x0000000082700000| Untracked 
|  40|0x0000000082800000, 0x000000008289ba60, 0x0000000082900000| 60%| S|CS|TAMS 0x0000000082800000, 0x0000000082800000| Complete 
|  41|0x0000000082900000, 0x0000000082a00000, 0x0000000082a00000|100%| S|CS|TAMS 0x0000000082900000, 0x0000000082900000| Complete 
|  42|0x0000000082a00000, 0x0000000082b00000, 0x0000000082b00000|100%| S|CS|TAMS 0x0000000082a00000, 0x0000000082a00000| Complete 
|  43|0x0000000082b00000, 0x0000000082c00000, 0x0000000082c00000|100%| S|CS|TAMS 0x0000000082b00000, 0x0000000082b00000| Complete 
|  44|0x0000000082c00000, 0x0000000082c00000, 0x0000000082d00000|  0%| F|  |TAMS 0x0000000082c00000, 0x0000000082c00000| Untracked 
|  45|0x0000000082d00000, 0x0000000082d00000, 0x0000000082e00000|  0%| F|  |TAMS 0x0000000082d00000, 0x0000000082d00000| Untracked 
|  46|0x0000000082e00000, 0x0000000082e00000, 0x0000000082f00000|  0%| F|  |TAMS 0x0000000082e00000, 0x0000000082e00000| Untracked 
|  47|0x0000000082f00000, 0x0000000082f00000, 0x0000000083000000|  0%| F|  |TAMS 0x0000000082f00000, 0x0000000082f00000| Untracked 
|  48|0x0000000083000000, 0x0000000083000000, 0x0000000083100000|  0%| F|  |TAMS 0x0000000083000000, 0x0000000083000000| Untracked 
|  49|0x0000000083100000, 0x0000000083100000, 0x0000000083200000|  0%| F|  |TAMS 0x0000000083100000, 0x0000000083100000| Untracked 
|  50|0x0000000083200000, 0x0000000083200000, 0x0000000083300000|  0%| F|  |TAMS 0x0000000083200000, 0x0000000083200000| Untracked 
|  51|0x0000000083300000, 0x0000000083300000, 0x0000000083400000|  0%| F|  |TAMS 0x0000000083300000, 0x0000000083300000| Untracked 
|  52|0x0000000083400000, 0x0000000083400000, 0x0000000083500000|  0%| F|  |TAMS 0x0000000083400000, 0x0000000083400000| Untracked 
|  53|0x0000000083500000, 0x0000000083500000, 0x0000000083600000|  0%| F|  |TAMS 0x0000000083500000, 0x0000000083500000| Untracked 
|  54|0x0000000083600000, 0x0000000083600000, 0x0000000083700000|  0%| F|  |TAMS 0x0000000083600000, 0x0000000083600000| Untracked 
|  55|0x0000000083700000, 0x0000000083700000, 0x0000000083800000|  0%| F|  |TAMS 0x0000000083700000, 0x0000000083700000| Untracked 
|  56|0x0000000083800000, 0x0000000083800000, 0x0000000083900000|  0%| F|  |TAMS 0x0000000083800000, 0x0000000083800000| Untracked 
|  57|0x0000000083900000, 0x0000000083900000, 0x0000000083a00000|  0%| F|  |TAMS 0x0000000083900000, 0x0000000083900000| Untracked 
|  58|0x0000000083a00000, 0x0000000083a00000, 0x0000000083b00000|  0%| F|  |TAMS 0x0000000083a00000, 0x0000000083a00000| Untracked 
|  59|0x0000000083b00000, 0x0000000083b00000, 0x0000000083c00000|  0%| F|  |TAMS 0x0000000083b00000, 0x0000000083b00000| Untracked 
|  60|0x0000000083c00000, 0x0000000083c00000, 0x0000000083d00000|  0%| F|  |TAMS 0x0000000083c00000, 0x0000000083c00000| Untracked 
|  61|0x0000000083d00000, 0x0000000083d00000, 0x0000000083e00000|  0%| F|  |TAMS 0x0000000083d00000, 0x0000000083d00000| Untracked 
|  62|0x0000000083e00000, 0x0000000083e00000, 0x0000000083f00000|  0%| F|  |TAMS 0x0000000083e00000, 0x0000000083e00000| Untracked 
|  63|0x0000000083f00000, 0x0000000083f00000, 0x0000000084000000|  0%| F|  |TAMS 0x0000000083f00000, 0x0000000083f00000| Untracked 
|  64|0x0000000084000000, 0x0000000084000000, 0x0000000084100000|  0%| F|  |TAMS 0x0000000084000000, 0x0000000084000000| Untracked 
|  65|0x0000000084100000, 0x0000000084100000, 0x0000000084200000|  0%| F|  |TAMS 0x0000000084100000, 0x0000000084100000| Untracked 
|  66|0x0000000084200000, 0x0000000084200000, 0x0000000084300000|  0%| F|  |TAMS 0x0000000084200000, 0x0000000084200000| Untracked 
|  67|0x0000000084300000, 0x0000000084300000, 0x0000000084400000|  0%| F|  |TAMS 0x0000000084300000, 0x0000000084300000| Untracked 
|  68|0x0000000084400000, 0x0000000084480c10, 0x0000000084500000| 50%| E|  |TAMS 0x0000000084400000, 0x0000000084400000| Complete 
|  69|0x0000000084500000, 0x0000000084600000, 0x0000000084600000|100%| E|CS|TAMS 0x0000000084500000, 0x0000000084500000| Complete 
|  70|0x0000000084600000, 0x0000000084700000, 0x0000000084700000|100%| E|CS|TAMS 0x0000000084600000, 0x0000000084600000| Complete 
|  71|0x0000000084700000, 0x0000000084800000, 0x0000000084800000|100%| E|CS|TAMS 0x0000000084700000, 0x0000000084700000| Complete 
|  72|0x0000000084800000, 0x0000000084900000, 0x0000000084900000|100%| E|CS|TAMS 0x0000000084800000, 0x0000000084800000| Complete 
|  73|0x0000000084900000, 0x0000000084a00000, 0x0000000084a00000|100%| E|CS|TAMS 0x0000000084900000, 0x0000000084900000| Complete 
|  74|0x0000000084a00000, 0x0000000084b00000, 0x0000000084b00000|100%| E|CS|TAMS 0x0000000084a00000, 0x0000000084a00000| Complete 
|  75|0x0000000084b00000, 0x0000000084c00000, 0x0000000084c00000|100%| E|CS|TAMS 0x0000000084b00000, 0x0000000084b00000| Complete 
|  76|0x0000000084c00000, 0x0000000084d00000, 0x0000000084d00000|100%| E|CS|TAMS 0x0000000084c00000, 0x0000000084c00000| Complete 
|  77|0x0000000084d00000, 0x0000000084e00000, 0x0000000084e00000|100%| E|CS|TAMS 0x0000000084d00000, 0x0000000084d00000| Complete 
|  78|0x0000000084e00000, 0x0000000084f00000, 0x0000000084f00000|100%| E|CS|TAMS 0x0000000084e00000, 0x0000000084e00000| Complete 
|  79|0x0000000084f00000, 0x0000000085000000, 0x0000000085000000|100%| E|CS|TAMS 0x0000000084f00000, 0x0000000084f00000| Complete 
|  80|0x0000000085000000, 0x0000000085100000, 0x0000000085100000|100%| E|CS|TAMS 0x0000000085000000, 0x0000000085000000| Complete 
|  81|0x0000000085100000, 0x0000000085200000, 0x0000000085200000|100%| E|CS|TAMS 0x0000000085100000, 0x0000000085100000| Complete 
|  82|0x0000000085200000, 0x0000000085300000, 0x0000000085300000|100%| E|CS|TAMS 0x0000000085200000, 0x0000000085200000| Complete 
|  83|0x0000000085300000, 0x0000000085400000, 0x0000000085400000|100%| E|CS|TAMS 0x0000000085300000, 0x0000000085300000| Complete 
|  84|0x0000000085400000, 0x0000000085500000, 0x0000000085500000|100%| E|CS|TAMS 0x0000000085400000, 0x0000000085400000| Complete 
|  85|0x0000000085500000, 0x0000000085600000, 0x0000000085600000|100%| E|CS|TAMS 0x0000000085500000, 0x0000000085500000| Complete 
|  86|0x0000000085600000, 0x0000000085700000, 0x0000000085700000|100%| E|CS|TAMS 0x0000000085600000, 0x0000000085600000| Complete 
| 126|0x0000000087e00000, 0x0000000087f00000, 0x0000000087f00000|100%| E|CS|TAMS 0x0000000087e00000, 0x0000000087e00000| Complete 
| 127|0x0000000087f00000, 0x0000000088000000, 0x0000000088000000|100%| E|CS|TAMS 0x0000000087f00000, 0x0000000087f00000| Complete 

Card table byte_map: [0x000001bde47f0000,0x000001bde4bf0000] _byte_map_base: 0x000001bde43f0000

Marking Bits (Prev, Next): (CMBitMap*) 0x000001bdd1f6cf20, (CMBitMap*) 0x000001bdd1f6cf60
 Prev Bits: [0x000001bde4ff0000, 0x000001bde6ff0000)
 Next Bits: [0x000001bde6ff0000, 0x000001bde8ff0000)

Polling page: 0x000001bdcfe30000

Metaspace:

Usage:
  Non-class:     41.83 MB used.
      Class:      6.64 MB used.
       Both:     48.47 MB used.

Virtual space:
  Non-class space:       64.00 MB reserved,      42.06 MB ( 66%) committed,  1 nodes.
      Class space:        1.00 GB reserved,       6.88 MB ( <1%) committed,  1 nodes.
             Both:        1.06 GB reserved,      48.94 MB (  4%) committed. 

Chunk freelists:
   Non-Class:  5.75 MB
       Class:  8.98 MB
        Both:  14.73 MB

MaxMetaspaceSize: unlimited
CompressedClassSpaceSize: 1.00 GB
Initial GC threshold: 21.00 MB
Current GC threshold: 59.00 MB
CDS: off
MetaspaceReclaimPolicy: balanced
 - commit_granule_bytes: 65536.
 - commit_granule_words: 8192.
 - virtual_space_node_default_size: 8388608.
 - enlarge_chunks_in_place: 1.
 - new_chunks_are_fully_committed: 0.
 - uncommit_free_chunks: 1.
 - use_allocation_guard: 0.
 - handle_deallocations: 1.


Internal statistics:

num_allocs_failed_limit: 6.
num_arena_births: 466.
num_arena_deaths: 0.
num_vsnodes_births: 2.
num_vsnodes_deaths: 0.
num_space_committed: 783.
num_space_uncommitted: 0.
num_chunks_returned_to_freelist: 6.
num_chunks_taken_from_freelist: 2009.
num_chunk_merges: 6.
num_chunk_splits: 1329.
num_chunks_enlarged: 935.
num_inconsistent_stats: 0.

CodeHeap 'non-profiled nmethods': size=120000Kb used=2529Kb max_used=2529Kb free=117470Kb
 bounds [0x000001bddcec0000, 0x000001bddd140000, 0x000001bde43f0000]
CodeHeap 'profiled nmethods': size=120000Kb used=9078Kb max_used=9078Kb free=110921Kb
 bounds [0x000001bdd53f0000, 0x000001bdd5cd0000, 0x000001bddc920000]
CodeHeap 'non-nmethods': size=5760Kb used=1609Kb max_used=1658Kb free=4150Kb
 bounds [0x000001bddc920000, 0x000001bddcb90000, 0x000001bddcec0000]
 total_blobs=5072 nmethods=4396 adapters=588
 compilation: enabled
              stopped_count=0, restarted_count=0
 full_count=0

Compilation events (20 events):
Event: 8.634 Thread 0x000001bdeb673200 4386       1       org.tomlj.KeyVisitor::defaultResult (5 bytes)
Event: 8.634 Thread 0x000001bdeb673200 nmethod 4386 0x000001bddd137e90 code [0x000001bddd138020, 0x000001bddd1380f8]
Event: 8.635 Thread 0x000001bdeb673200 4387       1       org.antlr.v4.runtime.Lexer::mode (6 bytes)
Event: 8.635 Thread 0x000001bdeb673200 nmethod 4387 0x000001bddd138190 code [0x000001bddd138320, 0x000001bddd1383f8]
Event: 8.637 Thread 0x000001bdeb673200 4388       3       java.nio.HeapByteBuffer::<init> (21 bytes)
Event: 8.637 Thread 0x000001bdeb673200 nmethod 4388 0x000001bdd5cc4110 code [0x000001bdd5cc42c0, 0x000001bdd5cc44e8]
Event: 8.639 Thread 0x000001bdeb673200 4390       3       java.util.regex.Pattern$BmpCharPredicate$$Lambda$24/0x00000001000925d0::is (15 bytes)
Event: 8.639 Thread 0x000001bdeb673200 nmethod 4390 0x000001bdd5cc4610 code [0x000001bdd5cc47e0, 0x000001bdd5cc4c38]
Event: 8.646 Thread 0x000001bdeb673200 4391       3       sun.reflect.generics.parser.SignatureParser::parseFormalParameters (49 bytes)
Event: 8.646 Thread 0x000001bdeb673200 nmethod 4391 0x000001bdd5cc4d90 code [0x000001bdd5cc4f80, 0x000001bdd5cc52a8]
Event: 8.646 Thread 0x000001bdeb673200 4392       3       sun.reflect.generics.parser.SignatureParser::parseReturnType (22 bytes)
Event: 8.647 Thread 0x000001bdeb673200 nmethod 4392 0x000001bdd5cc5410 code [0x000001bdd5cc55e0, 0x000001bdd5cc5848]
Event: 8.647 Thread 0x000001bdeb673200 4393       3       sun.reflect.generics.parser.SignatureParser::parseZeroOrMoreThrowsSignatures (51 bytes)
Event: 8.647 Thread 0x000001bdeb673200 nmethod 4393 0x000001bdd5cc5990 code [0x000001bdd5cc5bc0, 0x000001bdd5cc6428]
Event: 8.647 Thread 0x000001bdeb673200 4394       3       sun.reflect.generics.tree.MethodTypeSignature::make (12 bytes)
Event: 8.648 Thread 0x000001bdeb673200 nmethod 4394 0x000001bdd5cc6710 code [0x000001bdd5cc68c0, 0x000001bdd5cc6c38]
Event: 8.648 Thread 0x000001bdeb673200 4395       3       sun.reflect.generics.tree.MethodTypeSignature::<init> (26 bytes)
Event: 8.648 Thread 0x000001bdeb673200 nmethod 4395 0x000001bdd5cc6d90 code [0x000001bdd5cc6f40, 0x000001bdd5cc7218]
Event: 8.649 Thread 0x000001bdeb673200 4396       3       org.gradle.model.internal.asm.MethodVisitorScope::_IFNULL (9 bytes)
Event: 8.649 Thread 0x000001bdeb673200 nmethod 4396 0x000001bdd5cc7310 code [0x000001bdd5cc74c0, 0x000001bdd5cc7728]

GC Heap History (20 events):
Event: 1.256 GC heap before
{Heap before GC invocations=1 (full 0):
 garbage-first heap   total 131072K, used 22699K [0x0000000080000000, 0x0000000100000000)
  region size 1024K, 18 young (18432K), 2 survivors (2048K)
 Metaspace       used 11328K, committed 11520K, reserved 1114112K
  class space    used 1193K, committed 1280K, reserved 1048576K
}
Event: 1.262 GC heap after
{Heap after GC invocations=2 (full 0):
 garbage-first heap   total 131072K, used 10795K [0x0000000080000000, 0x0000000100000000)
  region size 1024K, 3 young (3072K), 3 survivors (3072K)
 Metaspace       used 11328K, committed 11520K, reserved 1114112K
  class space    used 1193K, committed 1280K, reserved 1048576K
}
Event: 1.728 GC heap before
{Heap before GC invocations=2 (full 0):
 garbage-first heap   total 131072K, used 32299K [0x0000000080000000, 0x0000000100000000)
  region size 1024K, 25 young (25600K), 3 survivors (3072K)
 Metaspace       used 11456K, committed 11648K, reserved 1114112K
  class space    used 1196K, committed 1280K, reserved 1048576K
}
Event: 1.731 GC heap after
{Heap after GC invocations=3 (full 0):
 garbage-first heap   total 131072K, used 11550K [0x0000000080000000, 0x0000000100000000)
  region size 1024K, 1 young (1024K), 1 survivors (1024K)
 Metaspace       used 11456K, committed 11648K, reserved 1114112K
  class space    used 1196K, committed 1280K, reserved 1048576K
}
Event: 3.401 GC heap before
{Heap before GC invocations=3 (full 0):
 garbage-first heap   total 131072K, used 60702K [0x0000000080000000, 0x0000000100000000)
  region size 1024K, 49 young (50176K), 1 survivors (1024K)
 Metaspace       used 21282K, committed 21504K, reserved 1114112K
  class space    used 2498K, committed 2624K, reserved 1048576K
}
Event: 3.410 GC heap after
{Heap after GC invocations=4 (full 0):
 garbage-first heap   total 131072K, used 19549K [0x0000000080000000, 0x0000000100000000)
  region size 1024K, 9 young (9216K), 9 survivors (9216K)
 Metaspace       used 21282K, committed 21504K, reserved 1114112K
  class space    used 2498K, committed 2624K, reserved 1048576K
}
Event: 4.228 GC heap before
{Heap before GC invocations=5 (full 0):
 garbage-first heap   total 75776K, used 55389K [0x0000000080000000, 0x0000000100000000)
  region size 1024K, 44 young (45056K), 9 survivors (9216K)
 Metaspace       used 26910K, committed 27200K, reserved 1114112K
  class space    used 3462K, committed 3584K, reserved 1048576K
}
Event: 4.238 GC heap after
{Heap after GC invocations=6 (full 0):
 garbage-first heap   total 75776K, used 21055K [0x0000000080000000, 0x0000000100000000)
  region size 1024K, 2 young (2048K), 2 survivors (2048K)
 Metaspace       used 26910K, committed 27200K, reserved 1114112K
  class space    used 3462K, committed 3584K, reserved 1048576K
}
Event: 5.027 GC heap before
{Heap before GC invocations=6 (full 0):
 garbage-first heap   total 75776K, used 52799K [0x0000000080000000, 0x0000000100000000)
  region size 1024K, 34 young (34816K), 2 survivors (2048K)
 Metaspace       used 31351K, committed 31744K, reserved 1114112K
  class space    used 4181K, committed 4352K, reserved 1048576K
}
Event: 5.032 GC heap after
{Heap after GC invocations=7 (full 0):
 garbage-first heap   total 75776K, used 22741K [0x0000000080000000, 0x0000000100000000)
  region size 1024K, 4 young (4096K), 4 survivors (4096K)
 Metaspace       used 31351K, committed 31744K, reserved 1114112K
  class space    used 4181K, committed 4352K, reserved 1048576K
}
Event: 5.821 GC heap before
{Heap before GC invocations=7 (full 0):
 garbage-first heap   total 75776K, used 55509K [0x0000000080000000, 0x0000000100000000)
  region size 1024K, 36 young (36864K), 4 survivors (4096K)
 Metaspace       used 35480K, committed 35840K, reserved 1114112K
  class space    used 4844K, committed 4992K, reserved 1048576K
}
Event: 5.828 GC heap after
{Heap after GC invocations=8 (full 0):
 garbage-first heap   total 75776K, used 24241K [0x0000000080000000, 0x0000000100000000)
  region size 1024K, 4 young (4096K), 4 survivors (4096K)
 Metaspace       used 35480K, committed 35840K, reserved 1114112K
  class space    used 4844K, committed 4992K, reserved 1048576K
}
Event: 5.864 GC heap before
{Heap before GC invocations=8 (full 0):
 garbage-first heap   total 75776K, used 25265K [0x0000000080000000, 0x0000000100000000)
  region size 1024K, 6 young (6144K), 4 survivors (4096K)
 Metaspace       used 35764K, committed 36096K, reserved 1114112K
  class space    used 4879K, committed 5056K, reserved 1048576K
}
Event: 5.869 GC heap after
{Heap after GC invocations=9 (full 0):
 garbage-first heap   total 75776K, used 24441K [0x0000000080000000, 0x0000000100000000)
  region size 1024K, 2 young (2048K), 2 survivors (2048K)
 Metaspace       used 35764K, committed 36096K, reserved 1114112K
  class space    used 4879K, committed 5056K, reserved 1048576K
}
Event: 6.610 GC heap before
{Heap before GC invocations=10 (full 0):
 garbage-first heap   total 75776K, used 58233K [0x0000000080000000, 0x0000000100000000)
  region size 1024K, 36 young (36864K), 2 survivors (2048K)
 Metaspace       used 41330K, committed 41664K, reserved 1114112K
  class space    used 5473K, committed 5632K, reserved 1048576K
}
Event: 6.618 GC heap after
{Heap after GC invocations=11 (full 0):
 garbage-first heap   total 75776K, used 28910K [0x0000000080000000, 0x0000000100000000)
  region size 1024K, 5 young (5120K), 5 survivors (5120K)
 Metaspace       used 41330K, committed 41664K, reserved 1114112K
  class space    used 5473K, committed 5632K, reserved 1048576K
}
Event: 7.048 GC heap before
{Heap before GC invocations=11 (full 0):
 garbage-first heap   total 75776K, used 57582K [0x0000000080000000, 0x0000000100000000)
  region size 1024K, 33 young (33792K), 5 survivors (5120K)
 Metaspace       used 43120K, committed 43584K, reserved 1114112K
  class space    used 5746K, committed 5952K, reserved 1048576K
}
Event: 7.058 GC heap after
{Heap after GC invocations=12 (full 0):
 garbage-first heap   total 75776K, used 30541K [0x0000000080000000, 0x0000000100000000)
  region size 1024K, 2 young (2048K), 2 survivors (2048K)
 Metaspace       used 43120K, committed 43584K, reserved 1114112K
  class space    used 5746K, committed 5952K, reserved 1048576K
}
Event: 7.858 GC heap before
{Heap before GC invocations=12 (full 0):
 garbage-first heap   total 75776K, used 59213K [0x0000000080000000, 0x0000000100000000)
  region size 1024K, 30 young (30720K), 2 survivors (2048K)
 Metaspace       used 46651K, committed 47168K, reserved 1114112K
  class space    used 6348K, committed 6592K, reserved 1048576K
}
Event: 7.864 GC heap after
{Heap after GC invocations=13 (full 0):
 garbage-first heap   total 91136K, used 32574K [0x0000000080000000, 0x0000000100000000)
  region size 1024K, 4 young (4096K), 4 survivors (4096K)
 Metaspace       used 46651K, committed 47168K, reserved 1114112K
  class space    used 6348K, committed 6592K, reserved 1048576K
}

Dll operation events (3 events):
Event: 0.009 Loaded shared library C:\Program Files\Android\Android Studio\jbr\bin\java.dll
Event: 0.184 Loaded shared library C:\Program Files\Android\Android Studio\jbr\bin\zip.dll
Event: 0.672 Loaded shared library C:\Program Files\Android\Android Studio\jbr\bin\verify.dll

Deoptimization events (20 events):
Event: 7.901 Thread 0x000001bdf24c4b30 DEOPT PACKING pc=0x000001bddcee6548 sp=0x000000a222ef9cc0
Event: 7.901 Thread 0x000001bdf24c4b30 DEOPT UNPACKING pc=0x000001bddc9769a3 sp=0x000000a222ef9c70 mode 2
Event: 8.216 Thread 0x000001bdf24c4b30 Uncommon trap: trap_request=0xffffffde fr.pc=0x000001bddcfcb9d0 relative=0x0000000000000af0
Event: 8.216 Thread 0x000001bdf24c4b30 Uncommon trap: reason=class_check action=maybe_recompile pc=0x000001bddcfcb9d0 method=java.util.Collections$SetFromMap.remove(Ljava/lang/Object;)Z @ 5 c2
Event: 8.216 Thread 0x000001bdf24c4b30 DEOPT PACKING pc=0x000001bddcfcb9d0 sp=0x000000a222efa5d0
Event: 8.216 Thread 0x000001bdf24c4b30 DEOPT UNPACKING pc=0x000001bddc9769a3 sp=0x000000a222efa5c8 mode 2
Event: 8.243 Thread 0x000001bdf24c4b30 Uncommon trap: trap_request=0xffffffde fr.pc=0x000001bddcfcb9d0 relative=0x0000000000000af0
Event: 8.243 Thread 0x000001bdf24c4b30 Uncommon trap: reason=class_check action=maybe_recompile pc=0x000001bddcfcb9d0 method=java.util.Collections$SetFromMap.remove(Ljava/lang/Object;)Z @ 5 c2
Event: 8.243 Thread 0x000001bdf24c4b30 DEOPT PACKING pc=0x000001bddcfcb9d0 sp=0x000000a222efa7b0
Event: 8.243 Thread 0x000001bdf24c4b30 DEOPT UNPACKING pc=0x000001bddc9769a3 sp=0x000000a222efa7a8 mode 2
Event: 8.244 Thread 0x000001bdf24c4b30 Uncommon trap: trap_request=0xffffffc6 fr.pc=0x000001bddd07782c relative=0x000000000000042c
Event: 8.244 Thread 0x000001bdf24c4b30 Uncommon trap: reason=bimorphic_or_optimized_type_check action=maybe_recompile pc=0x000001bddd07782c method=java.util.Spliterators$IteratorSpliterator.tryAdvance(Ljava/util/function/Consumer;)Z @ 50 c2
Event: 8.244 Thread 0x000001bdf24c4b30 DEOPT PACKING pc=0x000001bddd07782c sp=0x000000a222efb2d0
Event: 8.244 Thread 0x000001bdf24c4b30 DEOPT UNPACKING pc=0x000001bddc9769a3 sp=0x000000a222efb270 mode 2
Event: 8.307 Thread 0x000001bdf24c4b30 DEOPT PACKING pc=0x000001bdd57b6e08 sp=0x000000a222ef6540
Event: 8.307 Thread 0x000001bdf24c4b30 DEOPT UNPACKING pc=0x000001bddc977143 sp=0x000000a222ef5a48 mode 0
Event: 8.639 Thread 0x000001bdf24c4b30 Uncommon trap: trap_request=0xffffffde fr.pc=0x000001bddd0aede0 relative=0x00000000000030a0
Event: 8.639 Thread 0x000001bdf24c4b30 Uncommon trap: reason=class_check action=maybe_recompile pc=0x000001bddd0aede0 method=java.util.regex.Pattern$CharProperty.study(Ljava/util/regex/Pattern$TreeInfo;)Z @ 25 c2
Event: 8.639 Thread 0x000001bdf24c4b30 DEOPT PACKING pc=0x000001bddd0aede0 sp=0x000000a222ef9d90
Event: 8.639 Thread 0x000001bdf24c4b30 DEOPT UNPACKING pc=0x000001bddc9769a3 sp=0x000000a222ef9c88 mode 2

Classes unloaded (0 events):
No events

Classes redefined (0 events):
No events

Internal exceptions (20 events):
Event: 7.005 Thread 0x000001bdf24c4b30 Exception <a 'java/lang/NoSuchMethodError'{0x0000000082f298c8}: 'java.lang.Object java.lang.invoke.Invokers$Holder.linkToTargetMethod(java.lang.Object, long, java.lang.Object)'> (0x0000000082f298c8) 
thrown [s\src\hotspot\share\interpreter\linkResolver.cpp, line 771]
Event: 7.044 Thread 0x000001bdf24c4b30 Exception <a 'java/lang/NoSuchMethodError'{0x0000000082ebaea0}: 'int java.lang.invoke.DirectMethodHandle$Holder.invokeInterface(java.lang.Object, java.lang.Object)'> (0x0000000082ebaea0) 
thrown [s\src\hotspot\share\interpreter\linkResolver.cpp, line 771]
Event: 7.258 Thread 0x000001bdf24c4b30 Exception <a 'java/lang/NoSuchMethodError'{0x0000000084efa6a0}: 'java.lang.Object java.lang.invoke.DirectMethodHandle$Holder.invokeVirtual(java.lang.Object, java.lang.Object, int)'> (0x0000000084efa6a0) 
thrown [s\src\hotspot\share\interpreter\linkResolver.cpp, line 771]
Event: 7.331 Thread 0x000001bdf24c4b30 Exception <a 'java/lang/NoSuchMethodError'{0x0000000084bca3b8}: 'java.lang.Object java.lang.invoke.DirectMethodHandle$Holder.newInvokeSpecial(java.lang.Object, java.lang.Object, java.lang.Object, java.lang.Object, int)'> (0x0000000084bca3b8) 
thrown [s\src\hotspot\share\interpreter\linkResolver.cpp, line 771]
Event: 7.332 Thread 0x000001bdf24c4b30 Exception <a 'java/lang/NoSuchMethodError'{0x0000000084bcf438}: 'java.lang.Object java.lang.invoke.DirectMethodHandle$Holder.invokeSpecial(java.lang.Object, java.lang.Object, java.lang.Object, java.lang.Object, java.lang.Object, int)'> (0x0000000084bcf438) 
thrown [s\src\hotspot\share\interpreter\linkResolver.cpp, line 771]
Event: 7.333 Thread 0x000001bdf24c4b30 Exception <a 'java/lang/NoSuchMethodError'{0x0000000084bd3e68}: 'java.lang.Object java.lang.invoke.Invokers$Holder.linkToTargetMethod(java.lang.Object, java.lang.Object, java.lang.Object, int, java.lang.Object)'> (0x0000000084bd3e68) 
thrown [s\src\hotspot\share\interpreter\linkResolver.cpp, line 771]
Event: 7.383 Thread 0x000001bdf24c4b30 Exception <a 'java/lang/NoSuchMethodError'{0x00000000849a2650}: 'int java.lang.invoke.DirectMethodHandle$Holder.invokeInterface(java.lang.Object, java.lang.Object, java.lang.Object, java.lang.Object)'> (0x00000000849a2650) 
thrown [s\src\hotspot\share\interpreter\linkResolver.cpp, line 771]
Event: 7.519 Thread 0x000001bdf24c4b30 Implicit null exception at 0x000001bddd05586c to 0x000001bddd055910
Event: 7.636 Thread 0x000001bdf24c4b30 Exception <a 'java/lang/NoSuchMethodError'{0x000000008354db50}: 'void java.lang.invoke.DirectMethodHandle$Holder.invokeInterface(java.lang.Object, java.lang.Object)'> (0x000000008354db50) 
thrown [s\src\hotspot\share\interpreter\linkResolver.cpp, line 771]
Event: 7.638 Thread 0x000001bdf24c4b30 Exception <a 'java/lang/IncompatibleClassChangeError'{0x0000000083558f80}: Found class java.lang.Object, but interface was expected> (0x0000000083558f80) 
thrown [s\src\hotspot\share\interpreter\linkResolver.cpp, line 838]
Event: 7.690 Thread 0x000001bdf24c4b30 Exception <a 'java/lang/NoSuchMethodError'{0x00000000833e7228}: 'java.lang.Object java.lang.invoke.DirectMethodHandle$Holder.newInvokeSpecial(java.lang.Object, int, java.lang.Object)'> (0x00000000833e7228) 
thrown [s\src\hotspot\share\interpreter\linkResolver.cpp, line 771]
Event: 7.725 Thread 0x000001bdf24c4b30 Exception <a 'java/lang/NoSuchMethodError'{0x0000000083190c20}: 'java.lang.Object java.lang.invoke.DirectMethodHandle$Holder.newInvokeSpecial(java.lang.Object, java.lang.Object, int, java.lang.Object)'> (0x0000000083190c20) 
thrown [s\src\hotspot\share\interpreter\linkResolver.cpp, line 771]
Event: 7.725 Thread 0x000001bdf24c4b30 Exception <a 'java/lang/NoSuchMethodError'{0x00000000831957b0}: 'java.lang.Object java.lang.invoke.DirectMethodHandle$Holder.invokeSpecial(java.lang.Object, java.lang.Object, java.lang.Object, int, java.lang.Object)'> (0x00000000831957b0) 
thrown [s\src\hotspot\share\interpreter\linkResolver.cpp, line 771]
Event: 8.035 Thread 0x000001bdf24c4b30 Exception <a 'sun/nio/fs/WindowsException'{0x00000000851563b0}> (0x00000000851563b0) 
thrown [s\src\hotspot\share\prims\jni.cpp, line 531]
Event: 8.035 Thread 0x000001bdf24c4b30 Exception <a 'sun/nio/fs/WindowsException'{0x0000000085156650}> (0x0000000085156650) 
thrown [s\src\hotspot\share\prims\jni.cpp, line 531]
Event: 8.035 Thread 0x000001bdf24c4b30 Exception <a 'sun/nio/fs/WindowsException'{0x0000000085158e08}> (0x0000000085158e08) 
thrown [s\src\hotspot\share\prims\jni.cpp, line 531]
Event: 8.035 Thread 0x000001bdf24c4b30 Exception <a 'sun/nio/fs/WindowsException'{0x00000000851591a8}> (0x00000000851591a8) 
thrown [s\src\hotspot\share\prims\jni.cpp, line 531]
Event: 8.036 Thread 0x000001bdf24c4b30 Exception <a 'java/lang/NoSuchMethodError'{0x00000000851665a0}: 'java.lang.Object java.lang.invoke.DirectMethodHandle$Holder.newInvokeSpecial(java.lang.Object, java.lang.Object, int)'> (0x00000000851665a0) 
thrown [s\src\hotspot\share\interpreter\linkResolver.cpp, line 771]
Event: 8.147 Thread 0x000001bdf24c4b30 Exception <a 'sun/nio/fs/WindowsException'{0x0000000084e73ea8}> (0x0000000084e73ea8) 
thrown [s\src\hotspot\share\prims\jni.cpp, line 531]
Event: 8.147 Thread 0x000001bdf24c4b30 Exception <a 'sun/nio/fs/WindowsException'{0x0000000084e74248}> (0x0000000084e74248) 
thrown [s\src\hotspot\share\prims\jni.cpp, line 531]

VM Operations (20 events):
Event: 6.610 Executing VM operation: G1CollectForAllocation
Event: 6.620 Executing VM operation: G1CollectForAllocation done
Event: 6.990 Executing VM operation: HandshakeAllThreads
Event: 6.990 Executing VM operation: HandshakeAllThreads done
Event: 7.023 Executing VM operation: HandshakeAllThreads
Event: 7.023 Executing VM operation: HandshakeAllThreads done
Event: 7.048 Executing VM operation: G1CollectForAllocation
Event: 7.058 Executing VM operation: G1CollectForAllocation done
Event: 7.370 Executing VM operation: HandshakeAllThreads
Event: 7.370 Executing VM operation: HandshakeAllThreads done
Event: 7.375 Executing VM operation: HandshakeAllThreads
Event: 7.375 Executing VM operation: HandshakeAllThreads done
Event: 7.382 Executing VM operation: HandshakeAllThreads
Event: 7.382 Executing VM operation: HandshakeAllThreads done
Event: 7.481 Executing VM operation: HandshakeAllThreads
Event: 7.481 Executing VM operation: HandshakeAllThreads done
Event: 7.740 Executing VM operation: HandshakeAllThreads
Event: 7.740 Executing VM operation: HandshakeAllThreads done
Event: 7.857 Executing VM operation: G1CollectForAllocation
Event: 7.864 Executing VM operation: G1CollectForAllocation done

Events (20 events):
Event: 7.965 loading class javax/net/ssl/SSLPeerUnverifiedException
Event: 7.965 loading class javax/net/ssl/SSLPeerUnverifiedException done
Event: 7.965 loading class javax/naming/NamingException
Event: 7.966 loading class javax/naming/NamingException done
Event: 7.966 loading class javax/naming/InvalidNameException
Event: 7.966 loading class javax/naming/InvalidNameException done
Event: 7.966 loading class java/security/cert/CertificateParsingException
Event: 7.966 loading class java/security/cert/CertificateException
Event: 7.966 loading class java/security/cert/CertificateException done
Event: 7.966 loading class java/security/cert/CertificateParsingException done
Event: 8.305 loading class java/nio/channels/Channels
Event: 8.305 loading class java/nio/channels/Channels done
Event: 8.306 loading class sun/nio/ch/ChannelInputStream
Event: 8.306 loading class sun/nio/ch/ChannelInputStream done
Event: 8.311 loading class java/nio/channels/Channels$ReadableByteChannelImpl
Event: 8.312 loading class java/nio/channels/Channels$ReadableByteChannelImpl done
Event: 8.332 loading class java/util/EmptyStackException
Event: 8.333 loading class java/util/EmptyStackException done
Event: 8.344 loading class java/io/InvalidClassException
Event: 8.344 loading class java/io/InvalidClassException done


Dynamic libraries:
0x00007ff6f7d80000 - 0x00007ff6f7d8a000 	C:\Program Files\Android\Android Studio\jbr\bin\java.exe
0x00007ffacab50000 - 0x00007ffacad48000 	C:\WINDOWS\SYSTEM32\ntdll.dll
0x00007ffac9930000 - 0x00007ffac99f1000 	C:\WINDOWS\System32\KERNEL32.DLL
0x00007ffac83e0000 - 0x00007ffac86dd000 	C:\WINDOWS\System32\KERNELBASE.dll
0x00007ffac8280000 - 0x00007ffac8380000 	C:\WINDOWS\System32\ucrtbase.dll
0x00007ffaab580000 - 0x00007ffaab597000 	C:\Program Files\Android\Android Studio\jbr\bin\jli.dll
0x00007ffac8b50000 - 0x00007ffac8ced000 	C:\WINDOWS\System32\USER32.dll
0x00007ffac8380000 - 0x00007ffac83a2000 	C:\WINDOWS\System32\win32u.dll
0x00007ffabc3b0000 - 0x00007ffabc64a000 	C:\WINDOWS\WinSxS\amd64_microsoft.windows.common-controls_6595b64144ccf1df_6.0.19041.4355_none_60b8b9eb71f62e16\COMCTL32.dll
0x00007ffac8cf0000 - 0x00007ffac8d1b000 	C:\WINDOWS\System32\GDI32.dll
0x00007ffaca820000 - 0x00007ffaca8be000 	C:\WINDOWS\System32\msvcrt.dll
0x00007ffac8810000 - 0x00007ffac8927000 	C:\WINDOWS\System32\gdi32full.dll
0x00007ffac86e0000 - 0x00007ffac877d000 	C:\WINDOWS\System32\msvcp_win.dll
0x00007ffa923b0000 - 0x00007ffa923cb000 	C:\Program Files\Android\Android Studio\jbr\bin\VCRUNTIME140.dll
0x00007ffac8f80000 - 0x00007ffac8faf000 	C:\WINDOWS\System32\IMM32.DLL
0x00007ffac52b0000 - 0x00007ffac52bc000 	C:\Program Files\Android\Android Studio\jbr\bin\vcruntime140_1.dll
0x00007ffa90e30000 - 0x00007ffa90ebd000 	C:\Program Files\Android\Android Studio\jbr\bin\msvcp140.dll
0x00007ffa38180000 - 0x00007ffa38e03000 	C:\Program Files\Android\Android Studio\jbr\bin\server\jvm.dll
0x00007ffaca700000 - 0x00007ffaca7b0000 	C:\WINDOWS\System32\ADVAPI32.dll
0x00007ffaca5a0000 - 0x00007ffaca640000 	C:\WINDOWS\System32\sechost.dll
0x00007ffaca9b0000 - 0x00007ffacaad3000 	C:\WINDOWS\System32\RPCRT4.dll
0x00007ffac83b0000 - 0x00007ffac83d7000 	C:\WINDOWS\System32\bcrypt.dll
0x00007ffac7c50000 - 0x00007ffac7c9b000 	C:\WINDOWS\SYSTEM32\POWRPROF.dll
0x00007ffac51b0000 - 0x00007ffac51b9000 	C:\WINDOWS\SYSTEM32\WSOCK32.dll
0x00007ffabe980000 - 0x00007ffabe9a7000 	C:\WINDOWS\SYSTEM32\WINMM.dll
0x00007ffac0070000 - 0x00007ffac007a000 	C:\WINDOWS\SYSTEM32\VERSION.dll
0x00007ffac8df0000 - 0x00007ffac8e5b000 	C:\WINDOWS\System32\WS2_32.dll
0x00007ffac7c00000 - 0x00007ffac7c12000 	C:\WINDOWS\SYSTEM32\UMPDC.dll
0x00007ffac6050000 - 0x00007ffac6062000 	C:\WINDOWS\SYSTEM32\kernel.appcore.dll
0x00007ffac39b0000 - 0x00007ffac39ba000 	C:\Program Files\Android\Android Studio\jbr\bin\jimage.dll
0x00007ffab9590000 - 0x00007ffab9774000 	C:\WINDOWS\SYSTEM32\DBGHELP.DLL
0x00007ffab94e0000 - 0x00007ffab9514000 	C:\WINDOWS\SYSTEM32\dbgcore.DLL
0x00007ffac8780000 - 0x00007ffac8802000 	C:\WINDOWS\System32\bcryptPrimitives.dll
0x00007ffaab600000 - 0x00007ffaab60e000 	C:\Program Files\Android\Android Studio\jbr\bin\instrument.dll
0x00007ffaa7ef0000 - 0x00007ffaa7f15000 	C:\Program Files\Android\Android Studio\jbr\bin\java.dll
0x00007ffac2ea0000 - 0x00007ffac2eb8000 	C:\Program Files\Android\Android Studio\jbr\bin\zip.dll
0x00007ffac91c0000 - 0x00007ffac992f000 	C:\WINDOWS\System32\SHELL32.dll
0x00007ffac6250000 - 0x00007ffac69f3000 	C:\WINDOWS\SYSTEM32\windows.storage.dll
0x00007ffac9a60000 - 0x00007ffac9db3000 	C:\WINDOWS\System32\combase.dll
0x00007ffac7b90000 - 0x00007ffac7bbe000 	C:\WINDOWS\SYSTEM32\Wldp.dll
0x00007ffaca370000 - 0x00007ffaca43d000 	C:\WINDOWS\System32\OLEAUT32.dll
0x00007ffac8d40000 - 0x00007ffac8ded000 	C:\WINDOWS\System32\SHCORE.dll
0x00007ffac8fb0000 - 0x00007ffac9005000 	C:\WINDOWS\System32\shlwapi.dll
0x00007ffac8100000 - 0x00007ffac8124000 	C:\WINDOWS\SYSTEM32\profapi.dll
0x00007ffabca50000 - 0x00007ffabca69000 	C:\Program Files\Android\Android Studio\jbr\bin\net.dll
0x00007ffabd150000 - 0x00007ffabd25d000 	C:\WINDOWS\SYSTEM32\WINHTTP.dll
0x00007ffac7890000 - 0x00007ffac78fa000 	C:\WINDOWS\system32\mswsock.dll
0x00007ffab32c0000 - 0x00007ffab32d6000 	C:\Program Files\Android\Android Studio\jbr\bin\nio.dll
0x00007ffab2070000 - 0x00007ffab2080000 	C:\Program Files\Android\Android Studio\jbr\bin\verify.dll
0x00007ffa2d390000 - 0x00007ffa2d3b7000 	C:\Users\Thao\.gradle\native\c067742578af261105cb4f569cf0c3c89f3d7b1fecec35dd04571415982c5e48\windows-amd64\native-platform.dll
0x00007ffa2cd50000 - 0x00007ffa2ce94000 	C:\Users\Thao\.gradle\native\38dada09dfb8b06ba9b0570ebf7e218e3eb74d4ef43ca46872605cf95ebc2f47\windows-amd64\native-platform-file-events.dll
0x00007ffabc8f0000 - 0x00007ffabc8f9000 	C:\Program Files\Android\Android Studio\jbr\bin\management.dll
0x00007ffab37e0000 - 0x00007ffab37eb000 	C:\Program Files\Android\Android Studio\jbr\bin\management_ext.dll
0x00007ffaca810000 - 0x00007ffaca818000 	C:\WINDOWS\System32\PSAPI.DLL
0x00007ffac7a80000 - 0x00007ffac7a98000 	C:\WINDOWS\SYSTEM32\CRYPTSP.dll
0x00007ffac71b0000 - 0x00007ffac71e4000 	C:\WINDOWS\system32\rsaenh.dll
0x00007ffac80c0000 - 0x00007ffac80ee000 	C:\WINDOWS\SYSTEM32\USERENV.dll
0x00007ffac7aa0000 - 0x00007ffac7aac000 	C:\WINDOWS\SYSTEM32\CRYPTBASE.dll
0x00007ffac7570000 - 0x00007ffac75ab000 	C:\WINDOWS\SYSTEM32\IPHLPAPI.DLL
0x00007ffaca230000 - 0x00007ffaca238000 	C:\WINDOWS\System32\NSI.dll
0x00007ffac0170000 - 0x00007ffac0187000 	C:\WINDOWS\SYSTEM32\dhcpcsvc6.DLL
0x00007ffac00e0000 - 0x00007ffac00fd000 	C:\WINDOWS\SYSTEM32\dhcpcsvc.DLL
0x00007ffac75b0000 - 0x00007ffac767a000 	C:\WINDOWS\SYSTEM32\DNSAPI.dll
0x00007ffac13e0000 - 0x00007ffac13e9000 	C:\Program Files\Android\Android Studio\jbr\bin\extnet.dll
0x00007ffac2fb0000 - 0x00007ffac2fb7000 	C:\WINDOWS\system32\wshunix.dll

dbghelp: loaded successfully - version: 4.0.5 - missing functions: none
symbol engine: initialized successfully - sym options: 0x614 - pdb path: .;C:\Program Files\Android\Android Studio\jbr\bin;C:\WINDOWS\SYSTEM32;C:\WINDOWS\WinSxS\amd64_microsoft.windows.common-controls_6595b64144ccf1df_6.0.19041.4355_none_60b8b9eb71f62e16;C:\Program Files\Android\Android Studio\jbr\bin\server;C:\Users\Thao\.gradle\native\c067742578af261105cb4f569cf0c3c89f3d7b1fecec35dd04571415982c5e48\windows-amd64;C:\Users\Thao\.gradle\native\38dada09dfb8b06ba9b0570ebf7e218e3eb74d4ef43ca46872605cf95ebc2f47\windows-amd64

VM Arguments:
jvm_args: --add-opens=java.base/java.util=ALL-UNNAMED --add-opens=java.base/java.lang=ALL-UNNAMED --add-opens=java.base/java.lang.invoke=ALL-UNNAMED --add-opens=java.prefs/java.util.prefs=ALL-UNNAMED --add-opens=java.base/java.nio.charset=ALL-UNNAMED --add-opens=java.base/java.net=ALL-UNNAMED --add-opens=java.base/java.util.concurrent.atomic=ALL-UNNAMED -Xmx2048m -Dfile.encoding=UTF-8 -Duser.country=US -Duser.language=en -Duser.variant -javaagent:C:\Users\Thao\.gradle\wrapper\dists\gradle-8.7-bin\bhs2wmbdwecv87pi65oeuq5iu\gradle-8.7\lib\agents\gradle-instrumentation-agent-8.7.jar 
java_command: org.gradle.launcher.daemon.bootstrap.GradleDaemon 8.7
java_class_path (initial): C:\Users\Thao\.gradle\wrapper\dists\gradle-8.7-bin\bhs2wmbdwecv87pi65oeuq5iu\gradle-8.7\lib\gradle-launcher-8.7.jar
Launcher Type: SUN_STANDARD

[Global flags]
     intx CICompilerCount                          = 3                                         {product} {ergonomic}
     uint ConcGCThreads                            = 1                                         {product} {ergonomic}
     uint G1ConcRefinementThreads                  = 4                                         {product} {ergonomic}
   size_t G1HeapRegionSize                         = 1048576                                   {product} {ergonomic}
    uintx GCDrainStackTargetSize                   = 64                                        {product} {ergonomic}
   size_t InitialHeapSize                          = 134217728                                 {product} {ergonomic}
   size_t MarkStackSize                            = 4194304                                   {product} {ergonomic}
   size_t MaxHeapSize                              = 2147483648                                {product} {command line}
   size_t MaxNewSize                               = 1287651328                                {product} {ergonomic}
   size_t MinHeapDeltaBytes                        = 1048576                                   {product} {ergonomic}
   size_t MinHeapSize                              = 8388608                                   {product} {ergonomic}
    uintx NonNMethodCodeHeapSize                   = 5832780                                {pd product} {ergonomic}
    uintx NonProfiledCodeHeapSize                  = 122912730                              {pd product} {ergonomic}
    uintx ProfiledCodeHeapSize                     = 122912730                              {pd product} {ergonomic}
    uintx ReservedCodeCacheSize                    = 251658240                              {pd product} {ergonomic}
     bool SegmentedCodeCache                       = true                                      {product} {ergonomic}
   size_t SoftMaxHeapSize                          = 2147483648                             {manageable} {ergonomic}
     bool UseCompressedClassPointers               = true                           {product lp64_product} {ergonomic}
     bool UseCompressedOops                        = true                           {product lp64_product} {ergonomic}
     bool UseG1GC                                  = true                                      {product} {ergonomic}
     bool UseLargePagesIndividualAllocation        = false                                  {pd product} {ergonomic}

Logging:
Log output configuration:
 #0: stdout all=warning uptime,level,tags
 #1: stderr all=off uptime,level,tags

Environment Variables:
PATH=C:\Program Files\Common Files\Oracle\Java\javapath;C:\WINDOWS\system32;C:\WINDOWS;C:\WINDOWS\System32\Wbem;C:\WINDOWS\System32\WindowsPowerShell\v1.0\;C:\WINDOWS\System32\OpenSSH\;C:\Program Files\dotnet\;C:\Program Files (x86)\dotnet\;C:\Program Files (x86)\Microsoft SQL Server\160\Tools\Binn\;C:\Program Files\Microsoft SQL Server\160\Tools\Binn\;C:\Program Files\Microsoft SQL Server\Client SDK\ODBC\170\Tools\Binn\;C:\Program Files\Microsoft SQL Server\160\DTS\Binn\;C:\Program Files (x86)\Microsoft SQL Server\150\DTS\Binn\;C:\Program Files\Azure Data Studio\bin;C:\Program Files\Microsoft SQL Server\150\Tools\Binn\;C:\jdk-11.0.16\bin;C:\WebEnv\php-8;C:\WebEnv\composer;C:\Program Files\nodejs\;C:\Program Files\Git\cmd;C:\jdk-11.0.16\bin;C:\Program Files\JetBrains\IntelliJ IDEA 2023.2.1\bin;;C:\Users\Thao\AppData\Local\Programs\Microsoft VS Code\bin;C:\Users\Thao\AppData\Roaming\Composer\vendor\bin;C:\Users\Thao\AppData\Roaming\npm
USERNAME=Thao
OS=Windows_NT
PROCESSOR_IDENTIFIER=Intel64 Family 6 Model 58 Stepping 9, GenuineIntel
TMP=C:\Users\Thao\AppData\Local\Temp
TEMP=C:\Users\Thao\AppData\Local\Temp



Periodic native trim disabled

JNI global refs:
JNI global refs: 24, weak refs: 4

JNI global refs memory usage: 843, weak refs: 841

Process memory usage:
Resident Set Size: 256364K (3% of 8271340K total physical memory with 493352K free physical memory)

OOME stack traces (most recent first):
Classloader memory used:
Loader org.gradle.internal.classloader.VisitableURLClassLoader                         : 2966K
Loader bootstrap                                                                       : 2351K
Loader org.gradle.initialization.MixInLegacyTypesClassLoader                           : 788K
Loader jdk.internal.loader.ClassLoaders$PlatformClassLoader                            : 65779B
Loader jdk.internal.loader.ClassLoaders$AppClassLoader                                 : 28714B
Loader jdk.internal.reflect.DelegatingClassLoader                                      : 4410B
Loader org.gradle.internal.classloader.VisitableURLClassLoader                         : 3789B

Classes loaded by more than one classloader:
Class org.gradle.internal.installation.GradleInstallation                             : loaded 2 times (x 73B)
Class org.gradle.internal.classpath.ClassPath                                         : loaded 2 times (x 68B)
Class org.gradle.api.internal.classpath.DefaultModuleRegistry                         : loaded 2 times (x 84B)
Class Settings_gradle$1$1                                                             : loaded 2 times (x 72B)
Class org.gradle.api.Action                                                           : loaded 2 times (x 68B)
Class org.gradle.api.internal.DefaultClassPathProvider                                : loaded 2 times (x 74B)
Class org.gradle.internal.installation.GradleInstallation$1                           : loaded 2 times (x 73B)
Class org.gradle.internal.classloader.FilteringClassLoader                            : loaded 2 times (x 103B)
Class org.gradle.internal.classpath.DefaultClassPath$ImmutableUniqueList$Builder      : loaded 2 times (x 73B)
Class org.gradle.internal.classloader.ClassLoaderVisitor                              : loaded 2 times (x 74B)
Class org.gradle.internal.service.DefaultServiceLocator                               : loaded 2 times (x 81B)
Class org.gradle.internal.service.UnknownServiceException                             : loaded 2 times (x 81B)
Class org.gradle.internal.classloader.DefaultClassLoaderFactory                       : loaded 2 times (x 80B)
Class org.gradle.internal.classloader.VisitableURLClassLoader$Spec                    : loaded 2 times (x 72B)
Class org.gradle.api.GradleException                                                  : loaded 2 times (x 80B)
Class org.gradle.api.internal.classpath.ModuleRegistry                                : loaded 2 times (x 68B)
Class org.gradle.api.internal.ClassPathProvider                                       : loaded 2 times (x 68B)
Class org.gradle.internal.classloader.ClasspathUtil$1                                 : loaded 2 times (x 74B)
Class org.gradle.internal.classloader.ClassLoaderFactory                              : loaded 2 times (x 68B)
Class org.gradle.api.internal.classpath.ManifestUtil                                  : loaded 2 times (x 69B)
Class org.gradle.api.specs.Spec                                                       : loaded 2 times (x 68B)
Class org.gradle.internal.IoActions                                                   : loaded 2 times (x 69B)
Class org.gradle.api.internal.classpath.EffectiveClassPath                            : loaded 2 times (x 88B)
Class org.gradle.internal.installation.CurrentGradleInstallation                      : loaded 2 times (x 71B)
Class org.gradle.internal.agents.InstrumentingClassLoader                             : loaded 2 times (x 68B)
Class org.gradle.internal.installation.CurrentGradleInstallationLocator               : loaded 2 times (x 69B)
Class org.gradle.api.internal.classpath.Module                                        : loaded 2 times (x 68B)
Class org.gradle.internal.service.CachingServiceLocator                               : loaded 2 times (x 80B)
Class org.gradle.internal.classpath.DefaultClassPath                                  : loaded 2 times (x 88B)
Class org.gradle.internal.classloader.SystemClassLoaderSpec                           : loaded 2 times (x 69B)
Class org.gradle.api.UncheckedIOException                                             : loaded 2 times (x 80B)
Class Program                                                                         : loaded 2 times (x 70B)
Class org.gradle.internal.classloader.ClasspathUtil                                   : loaded 2 times (x 69B)
Class org.gradle.api.internal.DefaultClassPathRegistry                                : loaded 2 times (x 74B)
Class org.gradle.api.internal.classpath.DefaultModuleRegistry$DefaultModule           : loaded 2 times (x 84B)
Class org.gradle.api.internal.classpath.UnknownModuleException                        : loaded 2 times (x 80B)
Class org.gradle.internal.service.ServiceLookupException                              : loaded 2 times (x 80B)
Class org.gradle.cache.GlobalCache                                                    : loaded 2 times (x 68B)
Class [Lorg.gradle.api.internal.ClassPathProvider;                                    : loaded 2 times (x 67B)
Class org.gradle.util.internal.GUtil                                                  : loaded 2 times (x 69B)
Class org.gradle.internal.classloader.ClassLoaderSpec                                 : loaded 2 times (x 69B)
Class org.gradle.internal.classloader.VisitableURLClassLoader                         : loaded 2 times (x 115B)
Class org.gradle.internal.Cast                                                        : loaded 2 times (x 69B)
Class org.gradle.api.internal.ClassPathRegistry                                       : loaded 2 times (x 68B)
Class org.gradle.internal.classloader.VisitableURLClassLoader$InstrumentingVisitableURLClassLoader: loaded 2 times (x 121B)
Class org.gradle.internal.classloader.ClassLoaderHierarchy                            : loaded 2 times (x 68B)
Class org.gradle.internal.InternalTransformer                                         : loaded 2 times (x 68B)
Class org.gradle.internal.service.ServiceLocator                                      : loaded 2 times (x 68B)
Class Settings_gradle$1                                                               : loaded 2 times (x 72B)
Class org.gradle.internal.classpath.DefaultClassPath$ImmutableUniqueList              : loaded 2 times (x 159B)
Class org.gradle.internal.classpath.TransformedClassPath                              : loaded 2 times (x 94B)
Class Settings_gradle                                                                 : loaded 2 times (x 126B)


---------------  S Y S T E M  ---------------

OS:
 Windows 10 , 64 bit Build 19041 (10.0.19041.4842)
OS uptime: 0 days 1:35 hours

CPU: total 4 (initial active 4) (2 cores per cpu, 2 threads per core) family 6 model 58 stepping 9 microcode 0x21, cx8, cmov, fxsr, ht, mmx, sse, sse2, sse3, ssse3, sse4.1, sse4.2, popcnt, tsc, tscinvbit, avx, aes, erms, clmul, vzeroupper, clflush
Processor Information for all 4 processors :
  Max Mhz: 2601, Current Mhz: 2601, Mhz Limit: 2601

Memory: 4k page, system-wide physical 8077M (481M free)
TotalPageFile size 12077M (AvailPageFile size 7M)
current process WorkingSet (physical memory assigned to process): 250M, peak: 251M
current process commit charge ("private bytes"): 285M, peak: 288M

vm_info: OpenJDK 64-Bit Server VM (17.0.11+0--11852314) for windows-amd64 JRE (17.0.11+0--11852314), built on May 16 2024 21:29:20 by "androidbuild" with MS VC++ 16.10 / 16.11 (VS2019)

END.
